[35m[Appium][39m Welcome to Appium v2.0.0
[35m[Appium][39m Non-default server args:
[35m[Appium][39m { loglevel: [32m'info'[39m, port: [33m50227[39m }
[35m[Appium][39m Attempting to load driver xcuitest...
[Appium] Attempting to load driver uiautomator2...
[Appium] Appium REST http interface listener started on http://0.0.0.0:50227
[Appium] You can provide the following URLS in your client code to connect to this server:
[Appium] 	http://127.0.0.1:50227/ (only accessible from the same host)
[Appium] 	http://192.168.1.148:50227/
[Appium] Available drivers:
[Appium]   - xcuitest@5.8.2 (automationName 'XCUITest')
[Appium]   - uiautomator2@2.34.1 (automationName 'UiAutomator2')
[Appium] Available plugins:
[Appium]   - device-farm@8.3.14
[Appium]   - appium-dashboard@v2.0.2
[Appium] No plugins activated. Use the --use-plugins flag with names of plugins to activate
[38;5;0m[HTTP][0m [37m-->[39m [37mGET[39m [37m/status[39m
[38;5;0m[HTTP][0m {}
[38;5;0m[HTTP][0m <-- GET /status 200 3 ms - 39
[38;5;0m[HTTP][0m 
[38;5;0m[HTTP][0m [37m-->[39m [37mPOST[39m [37m/session[39m
[38;5;0m[HTTP][0m {"desiredCapabilities":{"appium:systemPort":50224,"appium:newCommandTimeout":1800,"appium:platform":"ANDROID","appium:automationName":"uiautomator2","appium:fullReset":false,"appium:platformVersion":"12","appium:deviceId":"","appium:noReset":true,"appium:udid":"emulator-5554","appium:autoGrantPermissions":true,"appium:deviceName":"emulator-5554 (sdk_gphone64_arm64 - Android 12)","platformName":"Android","appium:app":"/Users/ddl02/Katalon Studio/Setup/androidapp/Register_2.0_Apkpure.apk"},"capabilities":{"firstMatch":[{"appium:app":"/Users/ddl02/Katalon Studio/Setup/androidapp/Register_2.0_Apkpure.apk","appium:autoGrantPermissions":true,"appium:automationName":"uiautomator2","appium:deviceId":"","appium:deviceName":"emulator-5554 (sdk_gphone64_arm64 - Android 12)","appium:fullReset":false,"appium:newCommandTimeout":1800,"appium:noReset":true,"appium:platform":"ANDROID","appium:platformVersion":"12","appium:systemPort":50224,"appium:udid":"emulator-5554","platformName":"android"}]}}
[Appium] Attempting to find matching driver for automationName 'uiautomator2' and platformName 'android'
[Appium] The 'uiautomator2' driver was installed and matched caps.
[Appium] Will require it at /Users/ddl02/.appium/node_modules/appium-uiautomator2-driver
[38;5;16m[AppiumDriver@4e88][0m Appium v2.0.0 creating new AndroidUiautomator2Driver (v2.34.1) session
[38;5;16m[AppiumDriver@4e88][0m Checking BaseDriver versions for Appium and AndroidUiautomator2Driver
[38;5;16m[AppiumDriver@4e88][0m Appium's BaseDriver version is 9.4.2
[38;5;16m[AppiumDriver@4e88][0m AndroidUiautomator2Driver's BaseDriver version is 9.4.1
[38;5;32m[AndroidUiautomator2Driver@7492][0m The following provided capabilities were not recognized by this driver:
[38;5;32m[AndroidUiautomator2Driver@7492][0m   deviceId
[38;5;32m[AndroidUiautomator2Driver@7492][0m   platform
[38;5;32m[AndroidUiautomator2Driver@7492 (51e828bb)][0m Session created with session id: 51e828bb-6500-47c1-9d8f-7cf417e0175e
[38;5;48m[BaseDriver][0m Using local app '/Users/ddl02/Katalon Studio/Setup/androidapp/Register_2.0_Apkpure.apk'
[38;5;64m[ADB][0m Found 1 'build-tools' folders under '/Users/ddl02/.katalon/tools/android_sdk' (newest first):
[38;5;64m[ADB][0m     /Users/ddl02/.katalon/tools/android_sdk/build-tools/29.0.3
[38;5;64m[ADB][0m Using 'adb' from '/Users/ddl02/.katalon/tools/android_sdk/platform-tools/adb'
[38;5;80m[AndroidDriver][0m Retrieving device list
[38;5;80m[AndroidDriver][0m Using device: emulator-5554
[38;5;64m[ADB][0m Using 'adb' from '/Users/ddl02/.katalon/tools/android_sdk/platform-tools/adb'
[38;5;64m[ADB][0m Getting device platform version
[38;5;32m[AndroidUiautomator2Driver@7492 (51e828bb)][0m Relaxing hidden api policy
[38;5;64m[ADB][0m Package name: 'com.rimhimstudios.register'
[38;5;64m[ADB][0m Main activity name: 'com.rimhimstudios.register.MainActivity'
[38;5;64m[ADB][0m Using 'apksigner.jar' from '/Users/ddl02/.katalon/tools/android_sdk/build-tools/29.0.3/lib/apksigner.jar'
[38;5;64m[ADB][0m '/Users/ddl02/.appium/node_modules/appium-uiautomator2-driver/node_modules/appium-uiautomator2-server/apks/appium-uiautomator2-server-debug-androidTest.apk' is signed with the default certificate
[38;5;64m[ADB][0m '/Users/ddl02/.appium/node_modules/appium-uiautomator2-driver/node_modules/appium-uiautomator2-server/apks/appium-uiautomator2-server-v5.12.16.apk' is signed with the default certificate
[38;5;32m[AndroidUiautomator2Driver@7492 (51e828bb)][0m Server packages are not going to be (re)installed
[38;5;64m[ADB][0m Adding packages ["io.appium.settings","io.appium.uiautomator2.server","io.appium.uiautomator2.server.test"] to Doze whitelist
[38;5;32m[AndroidUiautomator2Driver@7492 (51e828bb)][0m Starting UIAutomator2 server 5.12.16
[38;5;32m[AndroidUiautomator2Driver@7492 (51e828bb)][0m Using UIAutomator2 server from '/Users/ddl02/.appium/node_modules/appium-uiautomator2-driver/node_modules/appium-uiautomator2-server/apks/appium-uiautomator2-server-v5.12.16.apk' and test from '/Users/ddl02/.appium/node_modules/appium-uiautomator2-driver/node_modules/appium-uiautomator2-server/apks/appium-uiautomator2-server-debug-androidTest.apk'
[38;5;32m[AndroidUiautomator2Driver@7492 (51e828bb)][0m Waiting up to 30000ms for UiAutomator2 to be online...
[38;5;32m[AndroidUiautomator2Driver@7492 (51e828bb)][0m socket hang up
[38;5;32m[AndroidUiautomator2Driver@7492 (51e828bb)][0m socket hang up
[38;5;32m[AndroidUiautomator2Driver@7492 (51e828bb)][0m Determined the downstream protocol as 'W3C'
[38;5;80m[AndroidDriver][0m Screen already unlocked, doing nothing
[38;5;32m[AndroidUiautomator2Driver@7492 (51e828bb)][0m Starting 'com.rimhimstudios.register/com.rimhimstudios.register.MainActivity and waiting for 'com.rimhimstudios.register/com.rimhimstudios.register.MainActivity'
[38;5;32m[AndroidUiautomator2Driver@7492 (51e828bb)][0m 'com.rimhimstudios.register' is already running and noReset is enabled. Set forceAppLaunch capability to true if the app must be forcefully restarted on session startup.
[38;5;16m[AppiumDriver@4e88][0m New AndroidUiautomator2Driver session created successfully, session 51e828bb-6500-47c1-9d8f-7cf417e0175e added to master session list
[38;5;0m[HTTP][0m <-- POST /session 200 4621 ms - 1311
[38;5;0m[HTTP][0m 
[38;5;0m[HTTP][0m [37m-->[39m [37mGET[39m [37m/session/51e828bb-6500-47c1-9d8f-7cf417e0175e[39m
[38;5;0m[HTTP][0m {}
[38;5;0m[HTTP][0m <-- GET /session/51e828bb-6500-47c1-9d8f-7cf417e0175e 200 5 ms - 417
[38;5;0m[HTTP][0m 
[38;5;0m[HTTP][0m [37m-->[39m [37mGET[39m [37m/session/51e828bb-6500-47c1-9d8f-7cf417e0175e[39m
[38;5;0m[HTTP][0m {}
[38;5;0m[HTTP][0m <-- GET /session/51e828bb-6500-47c1-9d8f-7cf417e0175e 200 4 ms - 417
[38;5;0m[HTTP][0m 
[38;5;0m[HTTP][0m [37m-->[39m [37mGET[39m [37m/status[39m
[38;5;0m[HTTP][0m {}
[38;5;0m[HTTP][0m <-- GET /status 200 0 ms - 39
[38;5;0m[HTTP][0m 
[38;5;0m[HTTP][0m [37m-->[39m [37mPOST[39m [37m/session/51e828bb-6500-47c1-9d8f-7cf417e0175e/timeouts[39m
[38;5;0m[HTTP][0m {"implicit":30000}
[38;5;0m[HTTP][0m <-- POST /session/51e828bb-6500-47c1-9d8f-7cf417e0175e/timeouts 200 1 ms - 14
[38;5;0m[HTTP][0m 
[38;5;0m[HTTP][0m [37m-->[39m [37mGET[39m [37m/session/51e828bb-6500-47c1-9d8f-7cf417e0175e/screenshot[39m
[38;5;0m[HTTP][0m {}
[38;5;0m[HTTP][0m <-- GET /session/51e828bb-6500-47c1-9d8f-7cf417e0175e/screenshot 200 215 ms - 83500
[38;5;0m[HTTP][0m 
[38;5;0m[HTTP][0m [37m-->[39m [37mGET[39m [37m/session/51e828bb-6500-47c1-9d8f-7cf417e0175e/window/rect[39m
[38;5;0m[HTTP][0m {}
[38;5;0m[HTTP][0m <-- GET /session/51e828bb-6500-47c1-9d8f-7cf417e0175e/window/rect 200 8 ms - 50
[38;5;0m[HTTP][0m 
[38;5;0m[HTTP][0m [37m-->[39m [37mGET[39m [37m/session/51e828bb-6500-47c1-9d8f-7cf417e0175e/appium/device/system_bars[39m
[38;5;0m[HTTP][0m {}
[38;5;0m[HTTP][0m <-- GET /session/51e828bb-6500-47c1-9d8f-7cf417e0175e/appium/device/system_bars 200 44 ms - 151
[38;5;0m[HTTP][0m 
[38;5;0m[HTTP][0m [37m-->[39m [37mPOST[39m [37m/session/51e828bb-6500-47c1-9d8f-7cf417e0175e/timeouts[39m
[38;5;0m[HTTP][0m {"implicit":50}
[38;5;0m[HTTP][0m <-- POST /session/51e828bb-6500-47c1-9d8f-7cf417e0175e/timeouts 200 1 ms - 14
[38;5;0m[HTTP][0m 
[38;5;0m[HTTP][0m [37m-->[39m [37mGET[39m [37m/session/51e828bb-6500-47c1-9d8f-7cf417e0175e/window/rect[39m
[38;5;0m[HTTP][0m {}
[38;5;0m[HTTP][0m <-- GET /session/51e828bb-6500-47c1-9d8f-7cf417e0175e/window/rect 200 15 ms - 50
[38;5;0m[HTTP][0m 
[38;5;0m[HTTP][0m [37m-->[39m [37mPOST[39m [37m/session/51e828bb-6500-47c1-9d8f-7cf417e0175e/elements[39m
[38;5;0m[HTTP][0m {"using":"xpath","value":"//*[@class = 'android.widget.TextView' and @resource-id = 'com.rimhimstudios.register:id/action_add' and (@text = '' or . = '')]"}
[38;5;0m[HTTP][0m <-- POST /session/51e828bb-6500-47c1-9d8f-7cf417e0175e/elements 200 136 ms - 139
[38;5;0m[HTTP][0m 
[38;5;0m[HTTP][0m [37m-->[39m [37mGET[39m [37m/session/51e828bb-6500-47c1-9d8f-7cf417e0175e/element/00000000-0000-0063-ffff-ffff00000013/location[39m
[38;5;0m[HTTP][0m {}
[38;5;32m[AndroidUiautomator2Driver@7492 (51e828bb)][0m Driver proxy active, passing request on via HTTP proxy
[38;5;32m[AndroidUiautomator2Driver@7492 (51e828bb)][0m Replacing sessionId 704e19f2-4feb-4844-a621-3ab02925adaf with 51e828bb-6500-47c1-9d8f-7cf417e0175e
[38;5;0m[HTTP][0m <-- GET /session/51e828bb-6500-47c1-9d8f-7cf417e0175e/element/00000000-0000-0063-ffff-ffff00000013/location 200 7 ms - 78
[38;5;0m[HTTP][0m 
[38;5;0m[HTTP][0m [37m-->[39m [37mPOST[39m [37m/session/51e828bb-6500-47c1-9d8f-7cf417e0175e/timeouts[39m
[38;5;0m[HTTP][0m {"implicit":30000}
[38;5;0m[HTTP][0m <-- POST /session/51e828bb-6500-47c1-9d8f-7cf417e0175e/timeouts 200 1 ms - 14
[38;5;0m[HTTP][0m 
[38;5;0m[HTTP][0m [37m-->[39m [37mPOST[39m [37m/session/51e828bb-6500-47c1-9d8f-7cf417e0175e/element/00000000-0000-0063-ffff-ffff00000013/click[39m
[38;5;0m[HTTP][0m {"id":"00000000-0000-0063-ffff-ffff00000013"}
[38;5;0m[HTTP][0m <-- POST /session/51e828bb-6500-47c1-9d8f-7cf417e0175e/element/00000000-0000-0063-ffff-ffff00000013/click 200 36 ms - 14
[38;5;0m[HTTP][0m 
[38;5;0m[HTTP][0m [37m-->[39m [37mPOST[39m [37m/session/51e828bb-6500-47c1-9d8f-7cf417e0175e/timeouts[39m
[38;5;0m[HTTP][0m {"implicit":50}
[38;5;0m[HTTP][0m <-- POST /session/51e828bb-6500-47c1-9d8f-7cf417e0175e/timeouts 200 1 ms - 14
[38;5;0m[HTTP][0m 
[38;5;0m[HTTP][0m [37m-->[39m [37mGET[39m [37m/session/51e828bb-6500-47c1-9d8f-7cf417e0175e/window/rect[39m
[38;5;0m[HTTP][0m {}
[38;5;0m[HTTP][0m <-- GET /session/51e828bb-6500-47c1-9d8f-7cf417e0175e/window/rect 200 18 ms - 50
[38;5;0m[HTTP][0m 
[38;5;0m[HTTP][0m [37m-->[39m [37mPOST[39m [37m/session/51e828bb-6500-47c1-9d8f-7cf417e0175e/elements[39m
[38;5;0m[HTTP][0m {"using":"xpath","value":"//*[@class = 'android.widget.EditText' and (@text = 'Name' or . = 'Name') and @resource-id = 'com.rimhimstudios.register:id/name']"}
[38;5;0m[HTTP][0m <-- POST /session/51e828bb-6500-47c1-9d8f-7cf417e0175e/elements 200 632 ms - 139
[38;5;0m[HTTP][0m 
[38;5;0m[HTTP][0m [37m-->[39m [37mGET[39m [37m/session/51e828bb-6500-47c1-9d8f-7cf417e0175e/element/00000000-0000-006c-ffff-ffff00000045/location[39m
[38;5;0m[HTTP][0m {}
[38;5;32m[AndroidUiautomator2Driver@7492 (51e828bb)][0m Driver proxy active, passing request on via HTTP proxy
[38;5;32m[AndroidUiautomator2Driver@7492 (51e828bb)][0m Replacing sessionId 704e19f2-4feb-4844-a621-3ab02925adaf with 51e828bb-6500-47c1-9d8f-7cf417e0175e
[38;5;0m[HTTP][0m <-- GET /session/51e828bb-6500-47c1-9d8f-7cf417e0175e/element/00000000-0000-006c-ffff-ffff00000045/location 200 7 ms - 76
[38;5;0m[HTTP][0m 
[38;5;0m[HTTP][0m [37m-->[39m [37mPOST[39m [37m/session/51e828bb-6500-47c1-9d8f-7cf417e0175e/timeouts[39m
[38;5;0m[HTTP][0m {"implicit":30000}
[38;5;0m[HTTP][0m <-- POST /session/51e828bb-6500-47c1-9d8f-7cf417e0175e/timeouts 200 1 ms - 14
[38;5;0m[HTTP][0m 
[38;5;0m[HTTP][0m [37m-->[39m [37mPOST[39m [37m/session/51e828bb-6500-47c1-9d8f-7cf417e0175e/element/00000000-0000-006c-ffff-ffff00000045/clear[39m
[38;5;0m[HTTP][0m {"id":"00000000-0000-006c-ffff-ffff00000045"}
[38;5;0m[HTTP][0m <-- POST /session/51e828bb-6500-47c1-9d8f-7cf417e0175e/element/00000000-0000-006c-ffff-ffff00000045/clear 200 12 ms - 14
[38;5;0m[HTTP][0m 
[38;5;0m[HTTP][0m [37m-->[39m [37mPOST[39m [37m/session/51e828bb-6500-47c1-9d8f-7cf417e0175e/element/00000000-0000-006c-ffff-ffff00000045/value[39m
[38;5;0m[HTTP][0m {"id":"00000000-0000-006c-ffff-ffff00000045","text":"DDL AUTOMATION","value":["D","D","L"," ","A","U","T","O","M","A","T","I","O","N"]}
[38;5;0m[HTTP][0m <-- POST /session/51e828bb-6500-47c1-9d8f-7cf417e0175e/element/00000000-0000-006c-ffff-ffff00000045/value 200 1061 ms - 14
[38;5;0m[HTTP][0m 
[38;5;0m[HTTP][0m [37m-->[39m [37mPOST[39m [37m/session/51e828bb-6500-47c1-9d8f-7cf417e0175e/timeouts[39m
[38;5;0m[HTTP][0m {"implicit":50}
[38;5;0m[HTTP][0m <-- POST /session/51e828bb-6500-47c1-9d8f-7cf417e0175e/timeouts 200 1 ms - 14
[38;5;0m[HTTP][0m 
[38;5;0m[HTTP][0m [37m-->[39m [37mGET[39m [37m/session/51e828bb-6500-47c1-9d8f-7cf417e0175e/window/rect[39m
[38;5;0m[HTTP][0m {}
[38;5;0m[HTTP][0m <-- GET /session/51e828bb-6500-47c1-9d8f-7cf417e0175e/window/rect 200 6 ms - 50
[38;5;0m[HTTP][0m 
[38;5;0m[HTTP][0m [37m-->[39m [37mPOST[39m [37m/session/51e828bb-6500-47c1-9d8f-7cf417e0175e/elements[39m
[38;5;0m[HTTP][0m {"using":"xpath","value":"//*[@class = 'android.widget.EditText' and (@text = 'Phone' or . = 'Phone') and @resource-id = 'com.rimhimstudios.register:id/phone']"}
[38;5;0m[HTTP][0m <-- POST /session/51e828bb-6500-47c1-9d8f-7cf417e0175e/elements 200 447 ms - 139
[38;5;0m[HTTP][0m 
[38;5;0m[HTTP][0m [37m-->[39m [37mGET[39m [37m/session/51e828bb-6500-47c1-9d8f-7cf417e0175e/element/00000000-0000-006c-ffff-ffff00000048/location[39m
[38;5;0m[HTTP][0m {}
[38;5;32m[AndroidUiautomator2Driver@7492 (51e828bb)][0m Driver proxy active, passing request on via HTTP proxy
[38;5;32m[AndroidUiautomator2Driver@7492 (51e828bb)][0m Replacing sessionId 704e19f2-4feb-4844-a621-3ab02925adaf with 51e828bb-6500-47c1-9d8f-7cf417e0175e
[38;5;0m[HTTP][0m <-- GET /session/51e828bb-6500-47c1-9d8f-7cf417e0175e/element/00000000-0000-006c-ffff-ffff00000048/location 200 8 ms - 76
[38;5;0m[HTTP][0m 
[38;5;0m[HTTP][0m [37m-->[39m [37mPOST[39m [37m/session/51e828bb-6500-47c1-9d8f-7cf417e0175e/timeouts[39m
[38;5;0m[HTTP][0m {"implicit":30000}
[38;5;0m[HTTP][0m <-- POST /session/51e828bb-6500-47c1-9d8f-7cf417e0175e/timeouts 200 1 ms - 14
[38;5;0m[HTTP][0m 
[38;5;0m[HTTP][0m [37m-->[39m [37mPOST[39m [37m/session/51e828bb-6500-47c1-9d8f-7cf417e0175e/element/00000000-0000-006c-ffff-ffff00000048/clear[39m
[38;5;0m[HTTP][0m {"id":"00000000-0000-006c-ffff-ffff00000048"}
[38;5;0m[HTTP][0m <-- POST /session/51e828bb-6500-47c1-9d8f-7cf417e0175e/element/00000000-0000-006c-ffff-ffff00000048/clear 200 7 ms - 14
[38;5;0m[HTTP][0m 
[38;5;0m[HTTP][0m [37m-->[39m [37mPOST[39m [37m/session/51e828bb-6500-47c1-9d8f-7cf417e0175e/element/00000000-0000-006c-ffff-ffff00000048/value[39m
[38;5;0m[HTTP][0m {"id":"00000000-0000-006c-ffff-ffff00000048","text":"0857623527283","value":["0","8","5","7","6","2","3","5","2","7","2","8","3"]}
[38;5;0m[HTTP][0m <-- POST /session/51e828bb-6500-47c1-9d8f-7cf417e0175e/element/00000000-0000-006c-ffff-ffff00000048/value 200 512 ms - 14
[38;5;0m[HTTP][0m 
[38;5;0m[HTTP][0m [37m-->[39m [37mPOST[39m [37m/session/51e828bb-6500-47c1-9d8f-7cf417e0175e/timeouts[39m
[38;5;0m[HTTP][0m {"implicit":50}
[38;5;0m[HTTP][0m <-- POST /session/51e828bb-6500-47c1-9d8f-7cf417e0175e/timeouts 200 1 ms - 14
[38;5;0m[HTTP][0m 
[38;5;0m[HTTP][0m [37m-->[39m [37mGET[39m [37m/session/51e828bb-6500-47c1-9d8f-7cf417e0175e/window/rect[39m
[38;5;0m[HTTP][0m {}
[38;5;0m[HTTP][0m <-- GET /session/51e828bb-6500-47c1-9d8f-7cf417e0175e/window/rect 200 7 ms - 50
[38;5;0m[HTTP][0m 
[38;5;0m[HTTP][0m [37m-->[39m [37mPOST[39m [37m/session/51e828bb-6500-47c1-9d8f-7cf417e0175e/elements[39m
[38;5;0m[HTTP][0m {"using":"xpath","value":"//*[@class = 'android.widget.EditText' and (@text = 'Alternate phones (one per line)' or . = 'Alternate phones (one per line)') and @resource-id = 'com.rimhimstudios.register:id/extraPhones']"}
[38;5;0m[HTTP][0m <-- POST /session/51e828bb-6500-47c1-9d8f-7cf417e0175e/elements 200 441 ms - 139
[38;5;0m[HTTP][0m 
[38;5;0m[HTTP][0m [37m-->[39m [37mGET[39m [37m/session/51e828bb-6500-47c1-9d8f-7cf417e0175e/element/00000000-0000-006c-ffff-ffff0000004c/location[39m
[38;5;0m[HTTP][0m {}
[38;5;32m[AndroidUiautomator2Driver@7492 (51e828bb)][0m Driver proxy active, passing request on via HTTP proxy
[38;5;32m[AndroidUiautomator2Driver@7492 (51e828bb)][0m Replacing sessionId 704e19f2-4feb-4844-a621-3ab02925adaf with 51e828bb-6500-47c1-9d8f-7cf417e0175e
[38;5;0m[HTTP][0m <-- GET /session/51e828bb-6500-47c1-9d8f-7cf417e0175e/element/00000000-0000-006c-ffff-ffff0000004c/location 200 9 ms - 76
[38;5;0m[HTTP][0m 
[38;5;0m[HTTP][0m [37m-->[39m [37mPOST[39m [37m/session/51e828bb-6500-47c1-9d8f-7cf417e0175e/timeouts[39m
[38;5;0m[HTTP][0m {"implicit":30000}
[38;5;0m[HTTP][0m <-- POST /session/51e828bb-6500-47c1-9d8f-7cf417e0175e/timeouts 200 0 ms - 14
[38;5;0m[HTTP][0m 
[38;5;0m[HTTP][0m [37m-->[39m [37mPOST[39m [37m/session/51e828bb-6500-47c1-9d8f-7cf417e0175e/element/00000000-0000-006c-ffff-ffff0000004c/clear[39m
[38;5;0m[HTTP][0m {"id":"00000000-0000-006c-ffff-ffff0000004c"}
[38;5;0m[HTTP][0m <-- POST /session/51e828bb-6500-47c1-9d8f-7cf417e0175e/element/00000000-0000-006c-ffff-ffff0000004c/clear 200 8 ms - 14
[38;5;0m[HTTP][0m 
[38;5;0m[HTTP][0m [37m-->[39m [37mPOST[39m [37m/session/51e828bb-6500-47c1-9d8f-7cf417e0175e/element/00000000-0000-006c-ffff-ffff0000004c/value[39m
[38;5;0m[HTTP][0m {"id":"00000000-0000-006c-ffff-ffff0000004c","text":"0813623527283","value":["0","8","1","3","6","2","3","5","2","7","2","8","3"]}
[38;5;0m[HTTP][0m <-- POST /session/51e828bb-6500-47c1-9d8f-7cf417e0175e/element/00000000-0000-006c-ffff-ffff0000004c/value 200 512 ms - 14
[38;5;0m[HTTP][0m 
[38;5;0m[HTTP][0m [37m-->[39m [37mPOST[39m [37m/session/51e828bb-6500-47c1-9d8f-7cf417e0175e/timeouts[39m
[38;5;0m[HTTP][0m {"implicit":50}
[38;5;0m[HTTP][0m <-- POST /session/51e828bb-6500-47c1-9d8f-7cf417e0175e/timeouts 200 1 ms - 14
[38;5;0m[HTTP][0m 
[38;5;0m[HTTP][0m [37m-->[39m [37mGET[39m [37m/session/51e828bb-6500-47c1-9d8f-7cf417e0175e/window/rect[39m
[38;5;0m[HTTP][0m {}
[38;5;0m[HTTP][0m <-- GET /session/51e828bb-6500-47c1-9d8f-7cf417e0175e/window/rect 200 4 ms - 50
[38;5;0m[HTTP][0m 
[38;5;0m[HTTP][0m [37m-->[39m [37mPOST[39m [37m/session/51e828bb-6500-47c1-9d8f-7cf417e0175e/elements[39m
[38;5;0m[HTTP][0m {"using":"xpath","value":"//*[@class = 'android.widget.EditText' and (@text = 'Email' or . = 'Email') and @resource-id = 'com.rimhimstudios.register:id/email']"}
[38;5;0m[HTTP][0m <-- POST /session/51e828bb-6500-47c1-9d8f-7cf417e0175e/elements 200 431 ms - 139
[38;5;0m[HTTP][0m 
[38;5;0m[HTTP][0m [37m-->[39m [37mGET[39m [37m/session/51e828bb-6500-47c1-9d8f-7cf417e0175e/element/00000000-0000-006c-ffff-ffff00000051/location[39m
[38;5;0m[HTTP][0m {}
[38;5;32m[AndroidUiautomator2Driver@7492 (51e828bb)][0m Driver proxy active, passing request on via HTTP proxy
[38;5;32m[AndroidUiautomator2Driver@7492 (51e828bb)][0m Replacing sessionId 704e19f2-4feb-4844-a621-3ab02925adaf with 51e828bb-6500-47c1-9d8f-7cf417e0175e
[38;5;0m[HTTP][0m <-- GET /session/51e828bb-6500-47c1-9d8f-7cf417e0175e/element/00000000-0000-006c-ffff-ffff00000051/location 200 9 ms - 76
[38;5;0m[HTTP][0m 
[38;5;0m[HTTP][0m [37m-->[39m [37mPOST[39m [37m/session/51e828bb-6500-47c1-9d8f-7cf417e0175e/timeouts[39m
[38;5;0m[HTTP][0m {"implicit":30000}
[38;5;0m[HTTP][0m <-- POST /session/51e828bb-6500-47c1-9d8f-7cf417e0175e/timeouts 200 1 ms - 14
[38;5;0m[HTTP][0m 
[38;5;0m[HTTP][0m [37m-->[39m [37mPOST[39m [37m/session/51e828bb-6500-47c1-9d8f-7cf417e0175e/element/00000000-0000-006c-ffff-ffff00000051/clear[39m
[38;5;0m[HTTP][0m {"id":"00000000-0000-006c-ffff-ffff00000051"}
[38;5;0m[HTTP][0m <-- POST /session/51e828bb-6500-47c1-9d8f-7cf417e0175e/element/00000000-0000-006c-ffff-ffff00000051/clear 200 7 ms - 14
[38;5;0m[HTTP][0m 
[38;5;0m[HTTP][0m [37m-->[39m [37mPOST[39m [37m/session/51e828bb-6500-47c1-9d8f-7cf417e0175e/element/00000000-0000-006c-ffff-ffff00000051/value[39m
[38;5;0m[HTTP][0m {"id":"00000000-0000-006c-ffff-ffff00000051","text":"AUTOMATION@DDL.COM","value":["A","U","T","O","M","A","T","I","O","N","@","D","D","L",".","C","O","M"]}
[38;5;0m[HTTP][0m <-- POST /session/51e828bb-6500-47c1-9d8f-7cf417e0175e/element/00000000-0000-006c-ffff-ffff00000051/value 200 502 ms - 14
[38;5;0m[HTTP][0m 
[38;5;0m[HTTP][0m [37m-->[39m [37mPOST[39m [37m/session/51e828bb-6500-47c1-9d8f-7cf417e0175e/timeouts[39m
[38;5;0m[HTTP][0m {"implicit":50}
[38;5;0m[HTTP][0m <-- POST /session/51e828bb-6500-47c1-9d8f-7cf417e0175e/timeouts 200 0 ms - 14
[38;5;0m[HTTP][0m 
[38;5;0m[HTTP][0m [37m-->[39m [37mGET[39m [37m/session/51e828bb-6500-47c1-9d8f-7cf417e0175e/window/rect[39m
[38;5;0m[HTTP][0m {}
[38;5;0m[HTTP][0m <-- GET /session/51e828bb-6500-47c1-9d8f-7cf417e0175e/window/rect 200 6 ms - 50
[38;5;0m[HTTP][0m 
[38;5;0m[HTTP][0m [37m-->[39m [37mPOST[39m [37m/session/51e828bb-6500-47c1-9d8f-7cf417e0175e/elements[39m
[38;5;0m[HTTP][0m {"using":"xpath","value":"//*[@class = 'android.widget.EditText' and (@text = 'Alternate emails (one per line)' or . = 'Alternate emails (one per line)') and @resource-id = 'com.rimhimstudios.register:id/extraEmails']"}
[38;5;0m[HTTP][0m <-- POST /session/51e828bb-6500-47c1-9d8f-7cf417e0175e/elements 200 428 ms - 139
[38;5;0m[HTTP][0m 
[38;5;0m[HTTP][0m [37m-->[39m [37mGET[39m [37m/session/51e828bb-6500-47c1-9d8f-7cf417e0175e/element/00000000-0000-006c-ffff-ffff00000054/location[39m
[38;5;0m[HTTP][0m {}
[38;5;32m[AndroidUiautomator2Driver@7492 (51e828bb)][0m Driver proxy active, passing request on via HTTP proxy
[38;5;32m[AndroidUiautomator2Driver@7492 (51e828bb)][0m Replacing sessionId 704e19f2-4feb-4844-a621-3ab02925adaf with 51e828bb-6500-47c1-9d8f-7cf417e0175e
[38;5;0m[HTTP][0m <-- GET /session/51e828bb-6500-47c1-9d8f-7cf417e0175e/element/00000000-0000-006c-ffff-ffff00000054/location 200 12 ms - 77
[38;5;0m[HTTP][0m 
[38;5;0m[HTTP][0m [37m-->[39m [37mPOST[39m [37m/session/51e828bb-6500-47c1-9d8f-7cf417e0175e/timeouts[39m
[38;5;0m[HTTP][0m {"implicit":30000}
[38;5;0m[HTTP][0m <-- POST /session/51e828bb-6500-47c1-9d8f-7cf417e0175e/timeouts 200 0 ms - 14
[38;5;0m[HTTP][0m 
[38;5;0m[HTTP][0m [37m-->[39m [37mPOST[39m [37m/session/51e828bb-6500-47c1-9d8f-7cf417e0175e/element/00000000-0000-006c-ffff-ffff00000054/clear[39m
[38;5;0m[HTTP][0m {"id":"00000000-0000-006c-ffff-ffff00000054"}
[38;5;0m[HTTP][0m <-- POST /session/51e828bb-6500-47c1-9d8f-7cf417e0175e/element/00000000-0000-006c-ffff-ffff00000054/clear 200 8 ms - 14
[38;5;0m[HTTP][0m 
[38;5;0m[HTTP][0m [37m-->[39m [37mPOST[39m [37m/session/51e828bb-6500-47c1-9d8f-7cf417e0175e/element/00000000-0000-006c-ffff-ffff00000054/value[39m
[38;5;0m[HTTP][0m {"id":"00000000-0000-006c-ffff-ffff00000054","text":"ROBOT@DDL.COM","value":["R","O","B","O","T","@","D","D","L",".","C","O","M"]}
[38;5;0m[HTTP][0m <-- POST /session/51e828bb-6500-47c1-9d8f-7cf417e0175e/element/00000000-0000-006c-ffff-ffff00000054/value 200 999 ms - 14
[38;5;0m[HTTP][0m 
[38;5;0m[HTTP][0m [37m-->[39m [37mPOST[39m [37m/session/51e828bb-6500-47c1-9d8f-7cf417e0175e/timeouts[39m
[38;5;0m[HTTP][0m {"implicit":50}
[38;5;0m[HTTP][0m <-- POST /session/51e828bb-6500-47c1-9d8f-7cf417e0175e/timeouts 200 1 ms - 14
[38;5;0m[HTTP][0m 
[38;5;0m[HTTP][0m [37m-->[39m [37mGET[39m [37m/session/51e828bb-6500-47c1-9d8f-7cf417e0175e/window/rect[39m
[38;5;0m[HTTP][0m {}
[38;5;0m[HTTP][0m <-- GET /session/51e828bb-6500-47c1-9d8f-7cf417e0175e/window/rect 200 6 ms - 50
[38;5;0m[HTTP][0m 
[38;5;0m[HTTP][0m [37m-->[39m [37mPOST[39m [37m/session/51e828bb-6500-47c1-9d8f-7cf417e0175e/elements[39m
[38;5;0m[HTTP][0m {"using":"xpath","value":"//*[@class = 'android.widget.EditText' and (@text = '(Leave blank if no allergies)' or . = '(Leave blank if no allergies)') and @resource-id = 'com.rimhimstudios.register:id/allergies']"}
[38;5;0m[HTTP][0m <-- POST /session/51e828bb-6500-47c1-9d8f-7cf417e0175e/elements 200 417 ms - 139
[38;5;0m[HTTP][0m 
[38;5;0m[HTTP][0m [37m-->[39m [37mGET[39m [37m/session/51e828bb-6500-47c1-9d8f-7cf417e0175e/element/00000000-0000-006c-ffff-ffff00000057/location[39m
[38;5;0m[HTTP][0m {}
[38;5;32m[AndroidUiautomator2Driver@7492 (51e828bb)][0m Driver proxy active, passing request on via HTTP proxy
[38;5;32m[AndroidUiautomator2Driver@7492 (51e828bb)][0m Replacing sessionId 704e19f2-4feb-4844-a621-3ab02925adaf with 51e828bb-6500-47c1-9d8f-7cf417e0175e
[38;5;0m[HTTP][0m <-- GET /session/51e828bb-6500-47c1-9d8f-7cf417e0175e/element/00000000-0000-006c-ffff-ffff00000057/location 200 9 ms - 77
[38;5;0m[HTTP][0m 
[38;5;0m[HTTP][0m [37m-->[39m [37mPOST[39m [37m/session/51e828bb-6500-47c1-9d8f-7cf417e0175e/timeouts[39m
[38;5;0m[HTTP][0m {"implicit":30000}
[38;5;0m[HTTP][0m <-- POST /session/51e828bb-6500-47c1-9d8f-7cf417e0175e/timeouts 200 0 ms - 14
[38;5;0m[HTTP][0m 
[38;5;0m[HTTP][0m [37m-->[39m [37mPOST[39m [37m/session/51e828bb-6500-47c1-9d8f-7cf417e0175e/element/00000000-0000-006c-ffff-ffff00000057/clear[39m
[38;5;0m[HTTP][0m {"id":"00000000-0000-006c-ffff-ffff00000057"}
[38;5;0m[HTTP][0m <-- POST /session/51e828bb-6500-47c1-9d8f-7cf417e0175e/element/00000000-0000-006c-ffff-ffff00000057/clear 200 9 ms - 14
[38;5;0m[HTTP][0m 
[38;5;0m[HTTP][0m [37m-->[39m [37mPOST[39m [37m/session/51e828bb-6500-47c1-9d8f-7cf417e0175e/element/00000000-0000-006c-ffff-ffff00000057/value[39m
[38;5;0m[HTTP][0m {"id":"00000000-0000-006c-ffff-ffff00000057","text":"TEST AUTOMATION","value":["T","E","S","T"," ","A","U","T","O","M","A","T","I","O","N"]}
[38;5;0m[HTTP][0m <-- POST /session/51e828bb-6500-47c1-9d8f-7cf417e0175e/element/00000000-0000-006c-ffff-ffff00000057/value 200 1014 ms - 14
[38;5;0m[HTTP][0m 
[38;5;0m[HTTP][0m [37m-->[39m [37mPOST[39m [37m/session/51e828bb-6500-47c1-9d8f-7cf417e0175e/timeouts[39m
[38;5;0m[HTTP][0m {"implicit":50}
[38;5;0m[HTTP][0m <-- POST /session/51e828bb-6500-47c1-9d8f-7cf417e0175e/timeouts 200 1 ms - 14
[38;5;0m[HTTP][0m 
[38;5;0m[HTTP][0m [37m-->[39m [37mGET[39m [37m/session/51e828bb-6500-47c1-9d8f-7cf417e0175e/window/rect[39m
[38;5;0m[HTTP][0m {}
[38;5;0m[HTTP][0m <-- GET /session/51e828bb-6500-47c1-9d8f-7cf417e0175e/window/rect 200 6 ms - 50
[38;5;0m[HTTP][0m 
[38;5;0m[HTTP][0m [37m-->[39m [37mPOST[39m [37m/session/51e828bb-6500-47c1-9d8f-7cf417e0175e/elements[39m
[38;5;0m[HTTP][0m {"using":"xpath","value":"//*[@class = 'android.widget.EditText' and (@text = 'Notes' or . = 'Notes') and @resource-id = 'com.rimhimstudios.register:id/notes']"}
[38;5;0m[HTTP][0m <-- POST /session/51e828bb-6500-47c1-9d8f-7cf417e0175e/elements 200 422 ms - 139
[38;5;0m[HTTP][0m 
[38;5;0m[HTTP][0m [37m-->[39m [37mGET[39m [37m/session/51e828bb-6500-47c1-9d8f-7cf417e0175e/element/00000000-0000-006c-ffff-ffff00000059/location[39m
[38;5;0m[HTTP][0m {}
[38;5;32m[AndroidUiautomator2Driver@7492 (51e828bb)][0m Driver proxy active, passing request on via HTTP proxy
[38;5;32m[AndroidUiautomator2Driver@7492 (51e828bb)][0m Replacing sessionId 704e19f2-4feb-4844-a621-3ab02925adaf with 51e828bb-6500-47c1-9d8f-7cf417e0175e
[38;5;0m[HTTP][0m <-- GET /session/51e828bb-6500-47c1-9d8f-7cf417e0175e/element/00000000-0000-006c-ffff-ffff00000059/location 200 10 ms - 77
[38;5;0m[HTTP][0m 
[38;5;0m[HTTP][0m [37m-->[39m [37mPOST[39m [37m/session/51e828bb-6500-47c1-9d8f-7cf417e0175e/timeouts[39m
[38;5;0m[HTTP][0m {"implicit":30000}
[38;5;0m[HTTP][0m <-- POST /session/51e828bb-6500-47c1-9d8f-7cf417e0175e/timeouts 200 0 ms - 14
[38;5;0m[HTTP][0m 
[38;5;0m[HTTP][0m [37m-->[39m [37mPOST[39m [37m/session/51e828bb-6500-47c1-9d8f-7cf417e0175e/element/00000000-0000-006c-ffff-ffff00000059/clear[39m
[38;5;0m[HTTP][0m {"id":"00000000-0000-006c-ffff-ffff00000059"}
[38;5;0m[HTTP][0m <-- POST /session/51e828bb-6500-47c1-9d8f-7cf417e0175e/element/00000000-0000-006c-ffff-ffff00000059/clear 200 7 ms - 14
[38;5;0m[HTTP][0m 
[38;5;0m[HTTP][0m [37m-->[39m [37mPOST[39m [37m/session/51e828bb-6500-47c1-9d8f-7cf417e0175e/element/00000000-0000-006c-ffff-ffff00000059/value[39m
[38;5;0m[HTTP][0m {"id":"00000000-0000-006c-ffff-ffff00000059","text":"AUTOMATION","value":["A","U","T","O","M","A","T","I","O","N"]}
[38;5;0m[HTTP][0m <-- POST /session/51e828bb-6500-47c1-9d8f-7cf417e0175e/element/00000000-0000-006c-ffff-ffff00000059/value 200 1017 ms - 14
[38;5;0m[HTTP][0m 
[38;5;0m[HTTP][0m [37m-->[39m [37mPOST[39m [37m/session/51e828bb-6500-47c1-9d8f-7cf417e0175e/timeouts[39m
[38;5;0m[HTTP][0m {"implicit":50}
[38;5;0m[HTTP][0m <-- POST /session/51e828bb-6500-47c1-9d8f-7cf417e0175e/timeouts 200 0 ms - 14
[38;5;0m[HTTP][0m 
[38;5;0m[HTTP][0m [37m-->[39m [37mGET[39m [37m/session/51e828bb-6500-47c1-9d8f-7cf417e0175e/window/rect[39m
[38;5;0m[HTTP][0m {}
[38;5;0m[HTTP][0m <-- GET /session/51e828bb-6500-47c1-9d8f-7cf417e0175e/window/rect 200 3 ms - 50
[38;5;0m[HTTP][0m 
[38;5;0m[HTTP][0m [37m-->[39m [37mPOST[39m [37m/session/51e828bb-6500-47c1-9d8f-7cf417e0175e/elements[39m
[38;5;0m[HTTP][0m {"using":"xpath","value":"//*[@class = 'android.widget.TextView' and @resource-id = 'com.rimhimstudios.register:id/action_save' and (@text = '' or . = '')]"}
[38;5;0m[HTTP][0m <-- POST /session/51e828bb-6500-47c1-9d8f-7cf417e0175e/elements 200 395 ms - 139
[38;5;0m[HTTP][0m 
[38;5;0m[HTTP][0m [37m-->[39m [37mGET[39m [37m/session/51e828bb-6500-47c1-9d8f-7cf417e0175e/element/00000000-0000-006c-ffff-ffff00000062/location[39m
[38;5;0m[HTTP][0m {}
[38;5;32m[AndroidUiautomator2Driver@7492 (51e828bb)][0m Driver proxy active, passing request on via HTTP proxy
[38;5;32m[AndroidUiautomator2Driver@7492 (51e828bb)][0m Replacing sessionId 704e19f2-4feb-4844-a621-3ab02925adaf with 51e828bb-6500-47c1-9d8f-7cf417e0175e
[38;5;0m[HTTP][0m <-- GET /session/51e828bb-6500-47c1-9d8f-7cf417e0175e/element/00000000-0000-006c-ffff-ffff00000062/location 200 9 ms - 78
[38;5;0m[HTTP][0m 
[38;5;0m[HTTP][0m [37m-->[39m [37mPOST[39m [37m/session/51e828bb-6500-47c1-9d8f-7cf417e0175e/timeouts[39m
[38;5;0m[HTTP][0m {"implicit":30000}
[38;5;0m[HTTP][0m <-- POST /session/51e828bb-6500-47c1-9d8f-7cf417e0175e/timeouts 200 1 ms - 14
[38;5;0m[HTTP][0m 
[38;5;0m[HTTP][0m [37m-->[39m [37mPOST[39m [37m/session/51e828bb-6500-47c1-9d8f-7cf417e0175e/element/00000000-0000-006c-ffff-ffff00000062/click[39m
[38;5;0m[HTTP][0m {"id":"00000000-0000-006c-ffff-ffff00000062"}
[38;5;0m[HTTP][0m <-- POST /session/51e828bb-6500-47c1-9d8f-7cf417e0175e/element/00000000-0000-006c-ffff-ffff00000062/click 200 37 ms - 14
[38;5;0m[HTTP][0m 
[38;5;0m[HTTP][0m [37m-->[39m [37mGET[39m [37m/session/51e828bb-6500-47c1-9d8f-7cf417e0175e/context[39m
[38;5;0m[HTTP][0m {}
[38;5;0m[HTTP][0m <-- GET /session/51e828bb-6500-47c1-9d8f-7cf417e0175e/context 200 1 ms - 22
[38;5;0m[HTTP][0m 
[38;5;0m[HTTP][0m [37m-->[39m [37mGET[39m [37m/session/51e828bb-6500-47c1-9d8f-7cf417e0175e/contexts[39m
[38;5;0m[HTTP][0m {}
[38;5;0m[HTTP][0m <-- GET /session/51e828bb-6500-47c1-9d8f-7cf417e0175e/contexts 200 91 ms - 24
[38;5;0m[HTTP][0m 
[38;5;0m[HTTP][0m [37m-->[39m [37mPOST[39m [37m/session/51e828bb-6500-47c1-9d8f-7cf417e0175e/context[39m
[38;5;0m[HTTP][0m {"name":"NATIVE_APP"}
[38;5;0m[HTTP][0m <-- POST /session/51e828bb-6500-47c1-9d8f-7cf417e0175e/context 200 1 ms - 14
[38;5;0m[HTTP][0m 
[38;5;0m[HTTP][0m [37m-->[39m [37mGET[39m [37m/session/51e828bb-6500-47c1-9d8f-7cf417e0175e/screenshot[39m
[38;5;0m[HTTP][0m {}
[38;5;0m[HTTP][0m <-- GET /session/51e828bb-6500-47c1-9d8f-7cf417e0175e/screenshot 200 221 ms - 379788
[38;5;0m[HTTP][0m 
[38;5;0m[HTTP][0m [37m-->[39m [37mPOST[39m [37m/session/51e828bb-6500-47c1-9d8f-7cf417e0175e/context[39m
[38;5;0m[HTTP][0m {"name":"NATIVE_APP"}
[38;5;0m[HTTP][0m <-- POST /session/51e828bb-6500-47c1-9d8f-7cf417e0175e/context 200 1 ms - 14
[38;5;0m[HTTP][0m 
[38;5;0m[HTTP][0m [37m-->[39m [37mDELETE[39m [37m/session/51e828bb-6500-47c1-9d8f-7cf417e0175e[39m
[38;5;0m[HTTP][0m {}
[38;5;16m[AppiumDriver@4e88][0m Removing session 51e828bb-6500-47c1-9d8f-7cf417e0175e from our master session list
[38;5;32m[AndroidUiautomator2Driver@7492 (51e828bb)][0m Restoring hidden api policy to the device default configuration
[38;5;0m[HTTP][0m <-- DELETE /session/51e828bb-6500-47c1-9d8f-7cf417e0175e 200 103 ms - 14
[38;5;0m[HTTP][0m 
