[35m[Appium][39m Welcome to Appium v1.22.3
[35m[Appium][39m Non-default server args:
[35m[Appium][39m   port: 56241
[35m[Appium][39m   tmpDir: /var/folders/bh/c_r84jp12ll4dgqt7s3rzqkh0000gn/T//Katalon/Appium/Temp1700749761746
[35m[Appium][39m   chromedriverPort: 56242
[35m[Appium][39m Deprecated server args:
[35m[Appium][39m   [31m--chromedriver-port[39m => --default-capabilities
[35m[Appium][39m Default capabilities, which will be added to each request unless overridden by desired capabilities:
[35m[Appium][39m   chromedriverPort: 56242
[35m[Appium][39m Appium REST http interface listener started on 0.0.0.0:56241
[35m[HTTP][39m [37m-->[39m [37mGET[39m [37m/wd/hub/status[39m
[35m[HTTP][39m [90m{}[39m
[debug] [35m[GENERIC][39m Calling AppiumDriver.getStatus() with args: []
[debug] [35m[GENERIC][39m Responding to client with driver.getStatus() result: {"build":{"version":"1.22.3"}}
[35m[HTTP][39m [37m<-- GET /wd/hub/status [39m[32m200[39m [90m8 ms - 68[39m
[35m[HTTP][39m [90m[39m
[35m[HTTP][39m [37m-->[39m [37mGET[39m [37m/wd/hub/status[39m
[35m[HTTP][39m [90m{}[39m
[debug] [35m[GENERIC][39m Calling AppiumDriver.getStatus() with args: []
[debug] [35m[GENERIC][39m Responding to client with driver.getStatus() result: {"build":{"version":"1.22.3"}}
[35m[HTTP][39m [37m<-- GET /wd/hub/status [39m[32m200[39m [90m1 ms - 68[39m
[35m[HTTP][39m [90m[39m
[35m[HTTP][39m [37m-->[39m [37mPOST[39m [37m/wd/hub/session[39m
[35m[HTTP][39m [90m{"desiredCapabilities":{"app":"/Users/macbook/Katalon Studio/Setup 2/androidapp/Register_2.0_Apkpure.apk","noReset":true,"deviceId":"","deviceName":"emulator-5554 (Android SDK built for x86 - Android 11)","fullReset":false,"platform":"ANDROID","newCommandTimeout":1800,"platformVersion":"11","automationName":"uiautomator2","autoGrantPermissions":true,"platformName":"Android","udid":"emulator-5554","systemPort":56261},"capabilities":{"firstMatch":[{"appium:app":"/Users/macbook/Katalon Studio/Setup 2/androidapp/Register_2.0_Apkpure.apk","appium:autoGrantPermissions":true,"appium:automationName":"uiautomator2","deviceId":"","appium:deviceName":"emulator-5554 (Android SDK built for x86 - Android 11)","appium:fullReset":false,"appium:newCommandTimeout":1800,"appium:noReset":true,"platform":"ANDROID","platformName":"android","appium:platformVersion":"11","appium:systemPort":56261,"appium:udid":"emulator-5554"}]}}[39m
[debug] [35m[W3C][39m Calling AppiumDriver.createSession() with args: [{"app":"/Users/macbook/Katalon Studio/Setup 2/androidapp/Register_2.0_Apkpure.apk","noReset":true,"deviceId":"","deviceName":"emulator-5554 (Android SDK built for x86 - Android 11)","fullReset":false,"platform":"ANDROID","newCommandTimeout":1800,"platformVersion":"11","automationName":"uiautomator2","autoGrantPermissions":true,"platformName":"Android","udid":"emulator-5554","systemPort":56261},null,{"firstMatch":[{"appium:app":"/Users/macbook/Katalon Studio/Setup 2/androidapp/Register_2.0_Apkpure.apk","appium:autoGrantPermissions":true,"appium:automationName":"uiautomator2","deviceId":"","appium:deviceName":"emulator-5554 (Android SDK built for x86 - Android 11)","appium:fullReset":false,"appium:newCommandTimeout":1800,"appium:noReset":true,"platform":"ANDROID","platformName":"android","appium:platformVersion":"11","appium:systemPort":56261,"appium:udid":"emulator-5554"}]}]
[debug] [35m[BaseDriver][39m Event 'newSessionRequested' logged at 1700749763858 (21:29:23 GMT+0700 (Western Indonesia Time))
[35m[BaseDriver][39m The following capabilities are not standard capabilities and should have an extension prefix:
[35m[BaseDriver][39m   deviceId
[35m[BaseDriver][39m   platform
[35m[BaseDriver][39m   chromedriverPort
[35m[Appium][39m Appium v1.22.3 creating new AndroidUiautomator2Driver (v1.70.1) session
[debug] [35m[BaseDriver][39m W3C capabilities and MJSONWP desired capabilities were provided
[debug] [35m[BaseDriver][39m Creating session with W3C capabilities: {
[debug] [35m[BaseDriver][39m   "alwaysMatch": {
[debug] [35m[BaseDriver][39m     "appium:deviceId": "",
[debug] [35m[BaseDriver][39m     "appium:platform": "ANDROID",
[debug] [35m[BaseDriver][39m     "platformName": "android",
[debug] [35m[BaseDriver][39m     "appium:chromedriverPort": 56242,
[debug] [35m[BaseDriver][39m     "appium:app": "/Users/macbook/Katalon Studio/Setup 2/androidapp/Register_2.0_Apkpure.apk",
[debug] [35m[BaseDriver][39m     "appium:autoGrantPermissions": true,
[debug] [35m[BaseDriver][39m     "appium:automationName": "uiautomator2",
[debug] [35m[BaseDriver][39m     "appium:deviceName": "emulator-5554 (Android SDK built for x86 - Android 11)",
[debug] [35m[BaseDriver][39m     "appium:fullReset": false,
[debug] [35m[BaseDriver][39m     "appium:newCommandTimeout": 1800,
[debug] [35m[BaseDriver][39m     "appium:noReset": true,
[debug] [35m[BaseDriver][39m     "appium:platformVersion": "11",
[debug] [35m[BaseDriver][39m     "appium:systemPort": 56261,
[debug] [35m[BaseDriver][39m     "appium:udid": "emulator-5554"
[debug] [35m[BaseDriver][39m   },
[debug] [35m[BaseDriver][39m   "firstMatch": [
[debug] [35m[BaseDriver][39m     {}
[debug] [35m[BaseDriver][39m   ]
[debug] [35m[BaseDriver][39m }
[35m[BaseDriver][39m The following capabilities were provided, but are not recognized by Appium:
[35m[BaseDriver][39m   deviceId
[35m[BaseDriver][39m   platform
[35m[BaseDriver][39m Session created with session id: 32e942d7-8421-469b-b9a7-487f4c4782db
[35m[BaseDriver][39m Using local app '/Users/macbook/Katalon Studio/Setup 2/androidapp/Register_2.0_Apkpure.apk'
[debug] [35m[UiAutomator2][39m Checking whether app is actually present
[35m[ADB][39m Found 1 'build-tools' folders under '/Users/macbook/.katalon/tools/android_sdk' (newest first):
[35m[ADB][39m     /Users/macbook/.katalon/tools/android_sdk/build-tools/29.0.3
[35m[ADB][39m Using 'adb' from '/Users/macbook/.katalon/tools/android_sdk/platform-tools/adb'
[debug] [35m[ADB][39m Running '/Users/macbook/.katalon/tools/android_sdk/platform-tools/adb -P 5037 start-server'
[35m[AndroidDriver][39m Retrieving device list
[debug] [35m[ADB][39m Trying to find a connected android device
[debug] [35m[ADB][39m Getting connected devices
[debug] [35m[ADB][39m Connected devices: [{"udid":"emulator-5554","state":"device"}]
[35m[AndroidDriver][39m Using device: emulator-5554
[35m[ADB][39m Using 'adb' from '/Users/macbook/.katalon/tools/android_sdk/platform-tools/adb'
[debug] [35m[ADB][39m Running '/Users/macbook/.katalon/tools/android_sdk/platform-tools/adb -P 5037 start-server'
[debug] [35m[ADB][39m Setting device id to emulator-5554
[debug] [35m[ADB][39m Running '/Users/macbook/.katalon/tools/android_sdk/platform-tools/adb -P 5037 -s emulator-5554 shell getprop ro.build.version.sdk'
[debug] [35m[ADB][39m Current device property 'ro.build.version.sdk': 30
[35m[ADB][39m Getting device platform version
[debug] [35m[ADB][39m Running '/Users/macbook/.katalon/tools/android_sdk/platform-tools/adb -P 5037 -s emulator-5554 shell getprop ro.build.version.release'
[debug] [35m[ADB][39m Current device property 'ro.build.version.release': 11
[debug] [35m[ADB][39m Device API level: 30
[35m[UiAutomator2][39m Relaxing hidden api policy
[debug] [35m[ADB][39m Running '/Users/macbook/.katalon/tools/android_sdk/platform-tools/adb -P 5037 -s emulator-5554 shell 'settings put global hidden_api_policy_pre_p_apps 1;settings put global hidden_api_policy_p_apps 1;settings put global hidden_api_policy 1''
[debug] [35m[AndroidDriver][39m Parsing package and activity from app manifest
[35m[ADB][39m Package name: 'com.rimhimstudios.register'
[35m[ADB][39m Main activity name: 'com.rimhimstudios.register.MainActivity'
[debug] [35m[AndroidDriver][39m Parsed package and activity are: com.rimhimstudios.register/com.rimhimstudios.register.MainActivity
[debug] [35m[ADB][39m Running '/Users/macbook/.katalon/tools/android_sdk/platform-tools/adb -P 5037 -s emulator-5554 wait-for-device'
[debug] [35m[ADB][39m Running '/Users/macbook/.katalon/tools/android_sdk/platform-tools/adb -P 5037 -s emulator-5554 shell echo ping'
[debug] [35m[AndroidDriver][39m Pushing settings apk to device...
[debug] [35m[ADB][39m Getting install status for io.appium.settings
[debug] [35m[ADB][39m Running '/Users/macbook/.katalon/tools/android_sdk/platform-tools/adb -P 5037 -s emulator-5554 shell dumpsys package io.appium.settings'
[debug] [35m[ADB][39m 'io.appium.settings' is installed
[debug] [35m[ADB][39m Getting package info for 'io.appium.settings'
[debug] [35m[ADB][39m Running '/Users/macbook/.katalon/tools/android_sdk/platform-tools/adb -P 5037 -s emulator-5554 shell dumpsys package io.appium.settings'
[debug] [35m[ADB][39m The version name of the installed 'io.appium.settings' is greater or equal to the application version name ('3.4.0' >= '3.4.0')
[debug] [35m[ADB][39m There is no need to install/upgrade '/usr/local/lib/node_modules/appium/node_modules/io.appium.settings/apks/settings_apk-debug.apk'
[debug] [35m[ADB][39m Getting IDs of all 'io.appium.settings' processes
[debug] [35m[ADB][39m Running '/Users/macbook/.katalon/tools/android_sdk/platform-tools/adb -P 5037 -s emulator-5554 shell 'pgrep --help; echo $?''
[debug] [35m[ADB][39m Running '/Users/macbook/.katalon/tools/android_sdk/platform-tools/adb -P 5037 -s emulator-5554 shell pgrep -f \(\[\[:blank:\]\]\|\^\)io\.appium\.settings\(\[\[:blank:\]\]\|\$\)'
[debug] [35m[AndroidDriver][39m io.appium.settings is already running. There is no need to reset its permissions.
[debug] [35m[Logcat][39m Starting logs capture with command: /Users/macbook/.katalon/tools/android_sdk/platform-tools/adb -P 5037 -s emulator-5554 logcat -v threadtime
[debug] [35m[UiAutomator2][39m Forwarding UiAutomator2 Server port 6790 to local port 56261
[debug] [35m[ADB][39m Forwarding system: 56261 to device: 6790
[debug] [35m[ADB][39m Running '/Users/macbook/.katalon/tools/android_sdk/platform-tools/adb -P 5037 -s emulator-5554 forward tcp:56261 tcp:6790'
[35m[UiAutomator2][39m Server package at '/usr/local/lib/node_modules/appium/node_modules/appium-uiautomator2-server/apks/appium-uiautomator2-server-v4.27.0.apk' is not writeable. Will copy it into the temporary location at '/var/folders/bh/c_r84jp12ll4dgqt7s3rzqkh0000gn/T/Katalon/Appium/Temp1700749761746/20231023-46395-1cmtmk9.jzd3' as a workaround. Consider making this file writeable manually in order to improve the performance of session startup.
[35m[UiAutomator2][39m Server package at '/usr/local/lib/node_modules/appium/node_modules/appium-uiautomator2-server/apks/appium-uiautomator2-server-debug-androidTest.apk' is not writeable. Will copy it into the temporary location at '/var/folders/bh/c_r84jp12ll4dgqt7s3rzqkh0000gn/T/Katalon/Appium/Temp1700749761746/20231023-46395-1cmtmk9.jzd3' as a workaround. Consider making this file writeable manually in order to improve the performance of session startup.
[debug] [35m[ADB][39m Getting install status for io.appium.uiautomator2.server
[debug] [35m[ADB][39m Running '/Users/macbook/.katalon/tools/android_sdk/platform-tools/adb -P 5037 -s emulator-5554 shell dumpsys package io.appium.uiautomator2.server'
[debug] [35m[ADB][39m 'io.appium.uiautomator2.server' is installed
[debug] [35m[ADB][39m Getting package info for 'io.appium.uiautomator2.server'
[debug] [35m[ADB][39m Running '/Users/macbook/.katalon/tools/android_sdk/platform-tools/adb -P 5037 -s emulator-5554 shell dumpsys package io.appium.uiautomator2.server'
[debug] [35m[ADB][39m The version name of the installed 'io.appium.uiautomator2.server' is greater or equal to the application version name ('4.27.0' >= '4.27.0')
[debug] [35m[UiAutomator2][39m io.appium.uiautomator2.server installation state: sameVersionInstalled
[debug] [35m[ADB][39m Checking app cert for /var/folders/bh/c_r84jp12ll4dgqt7s3rzqkh0000gn/T/Katalon/Appium/Temp1700749761746/20231023-46395-1cmtmk9.jzd3/appium-uiautomator2-server-v4.27.0.apk
[35m[ADB][39m Using 'apksigner.jar' from '/Users/macbook/.katalon/tools/android_sdk/build-tools/29.0.3/lib/apksigner.jar'
[debug] [35m[ADB][39m Starting apksigner: '/Applications/Katalon Studio.app/Contents/Eclipse/jre/Contents/Home/bin/java' -Xmx1024M -Xss1m -jar /Users/macbook/.katalon/tools/android_sdk/build-tools/29.0.3/lib/apksigner.jar verify --print-certs /var/folders/bh/c_r84jp12ll4dgqt7s3rzqkh0000gn/T/Katalon/Appium/Temp1700749761746/20231023-46395-1cmtmk9.jzd3/appium-uiautomator2-server-v4.27.0.apk
[debug] [35m[ADB][39m apksigner stdout: Signer #1 certificate DN: EMAILADDRESS=android@android.com, CN=Android, OU=Android, O=Android, L=Mountain View, ST=California, C=US
[debug] [35m[ADB][39m Signer #1 certificate SHA-256 digest: a40da80a59d170caa950cf15c18c454d47a39b26989d8b640ecd745ba71bf5dc
[debug] [35m[ADB][39m Signer #1 certificate SHA-1 digest: 61ed377e85d386a8dfee6b864bd85b0bfaa5af81
[debug] [35m[ADB][39m Signer #1 certificate MD5 digest: e89b158e4bcf988ebd09eb83f5378e87
[debug] [35m[ADB][39m 
[debug] [35m[ADB][39m sha256 hash did match for 'appium-uiautomator2-server-v4.27.0.apk'
[35m[ADB][39m '/var/folders/bh/c_r84jp12ll4dgqt7s3rzqkh0000gn/T/Katalon/Appium/Temp1700749761746/20231023-46395-1cmtmk9.jzd3/appium-uiautomator2-server-v4.27.0.apk' is signed with the default certificate
[debug] [35m[ADB][39m Getting install status for io.appium.uiautomator2.server.test
[debug] [35m[ADB][39m Running '/Users/macbook/.katalon/tools/android_sdk/platform-tools/adb -P 5037 -s emulator-5554 shell dumpsys package io.appium.uiautomator2.server.test'
[debug] [35m[ADB][39m 'io.appium.uiautomator2.server.test' is installed
[debug] [35m[ADB][39m Checking app cert for /var/folders/bh/c_r84jp12ll4dgqt7s3rzqkh0000gn/T/Katalon/Appium/Temp1700749761746/20231023-46395-1cmtmk9.jzd3/appium-uiautomator2-server-debug-androidTest.apk
[debug] [35m[ADB][39m Starting apksigner: '/Applications/Katalon Studio.app/Contents/Eclipse/jre/Contents/Home/bin/java' -Xmx1024M -Xss1m -jar /Users/macbook/.katalon/tools/android_sdk/build-tools/29.0.3/lib/apksigner.jar verify --print-certs /var/folders/bh/c_r84jp12ll4dgqt7s3rzqkh0000gn/T/Katalon/Appium/Temp1700749761746/20231023-46395-1cmtmk9.jzd3/appium-uiautomator2-server-debug-androidTest.apk
[debug] [35m[ADB][39m apksigner stdout: Signer #1 certificate DN: EMAILADDRESS=android@android.com, CN=Android, OU=Android, O=Android, L=Mountain View, ST=California, C=US
[debug] [35m[ADB][39m Signer #1 certificate SHA-256 digest: a40da80a59d170caa950cf15c18c454d47a39b26989d8b640ecd745ba71bf5dc
[debug] [35m[ADB][39m Signer #1 certificate SHA-1 digest: 61ed377e85d386a8dfee6b864bd85b0bfaa5af81
[debug] [35m[ADB][39m Signer #1 certificate MD5 digest: e89b158e4bcf988ebd09eb83f5378e87
[debug] [35m[ADB][39m 
[debug] [35m[ADB][39m sha256 hash did match for 'appium-uiautomator2-server-debug-androidTest.apk'
[35m[ADB][39m '/var/folders/bh/c_r84jp12ll4dgqt7s3rzqkh0000gn/T/Katalon/Appium/Temp1700749761746/20231023-46395-1cmtmk9.jzd3/appium-uiautomator2-server-debug-androidTest.apk' is signed with the default certificate
[35m[UiAutomator2][39m Server packages are not going to be (re)installed
[debug] [35m[UiAutomator2][39m Waiting up to 30000ms for services to be available
[debug] [35m[ADB][39m Running '/Users/macbook/.katalon/tools/android_sdk/platform-tools/adb -P 5037 -s emulator-5554 shell pm list instrumentation'
[debug] [35m[UiAutomator2][39m Instrumentation target 'io.appium.uiautomator2.server.test/androidx.test.runner.AndroidJUnitRunner' is available
[35m[ADB][39m Adding packages ["io.appium.settings","io.appium.uiautomator2.server","io.appium.uiautomator2.server.test"] to Doze whitelist
[debug] [35m[ADB][39m Got the following command chunks to execute: [["dumpsys","deviceidle","whitelist","+io.appium.settings",";","dumpsys","deviceidle","whitelist","+io.appium.uiautomator2.server",";","dumpsys","deviceidle","whitelist","+io.appium.uiautomator2.server.test",";"]]
[debug] [35m[ADB][39m Running '/Users/macbook/.katalon/tools/android_sdk/platform-tools/adb -P 5037 -s emulator-5554 shell dumpsys deviceidle whitelist +io.appium.settings ; dumpsys deviceidle whitelist +io.appium.uiautomator2.server ; dumpsys deviceidle whitelist +io.appium.uiautomator2.server.test ;'
[debug] [35m[ADB][39m Checking app cert for /Users/macbook/Katalon Studio/Setup 2/androidapp/Register_2.0_Apkpure.apk
[debug] [35m[ADB][39m Starting apksigner: '/Applications/Katalon Studio.app/Contents/Eclipse/jre/Contents/Home/bin/java' -Xmx1024M -Xss1m -jar /Users/macbook/.katalon/tools/android_sdk/build-tools/29.0.3/lib/apksigner.jar verify --print-certs '/Users/macbook/Katalon Studio/Setup 2/androidapp/Register_2.0_Apkpure.apk'
[debug] [35m[ADB][39m apksigner stdout: Signer #1 certificate DN: CN=Michael Kielstra, O=13Clocks, L=Box Hill, ST=Surrey, C=44
[debug] [35m[ADB][39m Signer #1 certificate SHA-256 digest: 7cb7d45ee154ab093b3b17e60c6fb8416f2a24ba6de15c1c12004b3147fe2f85
[debug] [35m[ADB][39m Signer #1 certificate SHA-1 digest: fcf3f6bcd4bc33541a23607bc39e828b54e6dc44
[debug] [35m[ADB][39m Signer #1 certificate MD5 digest: 3f3e473e1954827289d33cb962f56f5a
[debug] [35m[ADB][39m 
[35m[ADB][39m '/Users/macbook/Katalon Studio/Setup 2/androidapp/Register_2.0_Apkpure.apk' is signed with a non-default certificate
[debug] [35m[ADB][39m Getting install status for com.rimhimstudios.register
[debug] [35m[ADB][39m Running '/Users/macbook/.katalon/tools/android_sdk/platform-tools/adb -P 5037 -s emulator-5554 shell dumpsys package com.rimhimstudios.register'
[debug] [35m[ADB][39m 'com.rimhimstudios.register' is not installed
[debug] [35m[ADB][39m App '/Users/macbook/Katalon Studio/Setup 2/androidapp/Register_2.0_Apkpure.apk' is not installed
[debug] [35m[ADB][39m Installing '/Users/macbook/Katalon Studio/Setup 2/androidapp/Register_2.0_Apkpure.apk'
[debug] [35m[ADB][39m Running '/Users/macbook/.katalon/tools/android_sdk/platform-tools/adb -P 5037 -s emulator-5554 help'
[debug] [35m[ADB][39m Running '/Users/macbook/.katalon/tools/android_sdk/platform-tools/adb -P 5037 -s emulator-5554 features'
[35m[ADB][39m The application at '/Users/macbook/Katalon Studio/Setup 2/androidapp/Register_2.0_Apkpure.apk' will not be cached, because the device under test has confirmed the support of streamed installs
[debug] [35m[ADB][39m Running '/Users/macbook/.katalon/tools/android_sdk/platform-tools/adb -P 5037 -s emulator-5554 install -g '/Users/macbook/Katalon Studio/Setup 2/androidapp/Register_2.0_Apkpure.apk''
[35m[ADB][39m The installation of 'Register_2.0_Apkpure.apk' took 696ms
[debug] [35m[ADB][39m Install command stdout: Performing Streamed Install
[debug] [35m[ADB][39m Success
[debug] [35m[UiAutomator2][39m Performing shallow cleanup of automation leftovers
[debug] [35m[UiAutomator2][39m The following obsolete sessions are still running: ["9f45c554-cd77-4bcb-8f66-7ee8b955b088"]
[debug] [35m[UiAutomator2][39m Cleaning up 1 obsolete session
[debug] [35m[ADB][39m Running '/Users/macbook/.katalon/tools/android_sdk/platform-tools/adb -P 5037 -s emulator-5554 shell am force-stop io.appium.uiautomator2.server.test'
[35m[UiAutomator2][39m Starting UIAutomator2 server 4.27.0
[35m[UiAutomator2][39m Using UIAutomator2 server from '/usr/local/lib/node_modules/appium/node_modules/appium-uiautomator2-server/apks/appium-uiautomator2-server-v4.27.0.apk' and test from '/usr/local/lib/node_modules/appium/node_modules/appium-uiautomator2-server/apks/appium-uiautomator2-server-debug-androidTest.apk'
[35m[UiAutomator2][39m Waiting up to 30000ms for UiAutomator2 to be online...
[debug] [35m[ADB][39m Creating ADB subprocess with args: ["-P",5037,"-s","emulator-5554","shell","am","instrument","-w","-e","disableAnalytics",true,"io.appium.uiautomator2.server.test/androidx.test.runner.AndroidJUnitRunner"]
[debug] [35m[WD Proxy][39m Matched '/status' to command name 'getStatus'
[debug] [35m[WD Proxy][39m Proxying [GET /status] to [GET http://127.0.0.1:56261/wd/hub/status] with no body
[35m[WD Proxy][39m socket hang up
[debug] [35m[WD Proxy][39m Matched '/status' to command name 'getStatus'
[debug] [35m[WD Proxy][39m Proxying [GET /status] to [GET http://127.0.0.1:56261/wd/hub/status] with no body
[35m[WD Proxy][39m socket hang up
[debug] [35m[Instrumentation][39m io.appium.uiautomator2.server.test.AppiumUiAutomator2Server:
[debug] [35m[WD Proxy][39m Matched '/status' to command name 'getStatus'
[debug] [35m[WD Proxy][39m Proxying [GET /status] to [GET http://127.0.0.1:56261/wd/hub/status] with no body
[35m[WD Proxy][39m socket hang up
[debug] [35m[WD Proxy][39m Matched '/status' to command name 'getStatus'
[debug] [35m[WD Proxy][39m Proxying [GET /status] to [GET http://127.0.0.1:56261/wd/hub/status] with no body
[debug] [35m[WD Proxy][39m Got response with status 200: {"sessionId":"None","value":{"message":"UiAutomator2 Server is ready to accept commands","ready":true}}
[debug] [35m[UiAutomator2][39m The initialization of the instrumentation process took 3228ms
[debug] [35m[WD Proxy][39m Matched '/session' to command name 'createSession'
[debug] [35m[WD Proxy][39m Proxying [POST /session] to [POST http://127.0.0.1:56261/wd/hub/session] with body: {"capabilities":{"firstMatch":[{"platform":"ANDROID","webStorageEnabled":false,"takesScreenshot":true,"javascriptEnabled":true,"databaseEnabled":false,"networkConnectionEnabled":true,"locationContextEnabled":false,"warnings":{},"desired":{"platformName":"android","deviceId":"","platform":"ANDROID","chromedriverPort":56242,"app":"/Users/macbook/Katalon Studio/Setup 2/androidapp/Register_2.0_Apkpure.apk","autoGrantPermissions":true,"automationName":"uiautomator2","deviceName":"emulator-5554 (Android SDK built for x86 - Android 11)","fullReset":false,"newCommandTimeout":1800,"noReset":true,"platformVersion":"11","systemPort":56261,"udid":"emulator-5554"},"platformName":"android","deviceId":"","chromedriverPort":56242,"app":"/Users/macbook/Katalon Studio/Setup 2/androidapp/Register_2.0_Apkpure.apk","autoGrantPermissions":true,"automationName":"uiautomator2","deviceName":"emulator-5554","fullReset":false,"newCommandTimeout":1800,"noReset":true,"platformVersion":"11","systemPort":56261,"udid":"emulator-5554","de...
[debug] [35m[WD Proxy][39m Got response with status 200: {"sessionId":"b34896c1-c506-43eb-b407-9f097762b8f1","value":{"capabilities":{"firstMatch":[{"platform":"ANDROID","webStorageEnabled":false,"takesScreenshot":true,"javascriptEnabled":true,"databaseEnabled":false,"networkConnectionEnabled":true,"locationContextEnabled":false,"warnings":{},"desired":{"platformName":"android","deviceId":"","platform":"ANDROID","chromedriverPort":56242,"app":"/Users/macbook/Katalon Studio/Setup 2/androidapp/Register_2.0_Apkpure.apk","autoGrantPermissions":true,"automationName":"uiautomator2","deviceName":"emulator-5554 (Android SDK built for x86 - Android 11)","fullReset":false,"newCommandTimeout":1800,"noReset":true,"platformVersion":"11","systemPort":56261,"udid":"emulator-5554"},"platformName":"android","deviceId":"","chromedriverPort":56242,"app":"/Users/macbook/Katalon Studio/Setup 2/androidapp/Register_2.0_Apkpure.apk","autoGrantPermissions":true,"automationName":"uiautomator2","deviceName":"emulator-5554","fullReset":false,"newCommandTimeout":1800,"noReset":true,"platfor...
[35m[WD Proxy][39m Determined the downstream protocol as 'W3C'
[debug] [35m[WD Proxy][39m Proxying [GET /appium/device/info] to [GET http://127.0.0.1:56261/wd/hub/session/b34896c1-c506-43eb-b407-9f097762b8f1/appium/device/info] with no body
[debug] [35m[WD Proxy][39m Got response with status 200: {"sessionId":"b34896c1-c506-43eb-b407-9f097762b8f1","value":{"androidId":"00a352ca84e8bad5","apiVersion":"30","bluetooth":{"state":"ON"},"brand":"Android","carrierName":"Android","displayDensity":440,"locale":"en_US","manufacturer":"unknown","model":"Android SDK built for x86","networks":[{"capabilities":{"SSID":null,"linkDownBandwidthKbps":141000,"linkUpstreamBandwidthKbps":141000,"networkCapabilities":"NET_CAPABILITY_NOT_METERED,NET_CAPABILITY_INTERNET,NET_CAPABILITY_NOT_RESTRICTED,NET_CAPABILITY_TRUSTED,NET_CAPABILITY_NOT_VPN,NET_CAPABILITY_VALIDATED,NET_CAPABILITY_NOT_ROAMING,NET_CAPABILITY_FOREGROUND,NET_CAPABILITY_NOT_CONGESTED,NET_CAPABILITY_NOT_SUSPENDED","signalStrength":-30,"transportTypes":"TRANSPORT_WIFI"},"detailedState":"CONNECTED","extraInfo":"","isAvailable":true,"isConnected":true,"isFailover":false,"isRoaming":false,"state":"CONNECTED","subtype":0,"subtypeName":"","type":1,"typeName":"WIFI"},{"capabilities":{"SSID":null,"linkDownBandwidthKbps":30000,"linkUpstreamBandwidthKbps":15000,"netw...
[debug] [35m[ADB][39m Running '/Users/macbook/.katalon/tools/android_sdk/platform-tools/adb -P 5037 -s emulator-5554 shell dumpsys window'
[35m[AndroidDriver][39m Screen already unlocked, doing nothing
[35m[UiAutomator2][39m Starting 'com.rimhimstudios.register/com.rimhimstudios.register.MainActivity and waiting for 'com.rimhimstudios.register/com.rimhimstudios.register.MainActivity'
[debug] [35m[ADB][39m Running '/Users/macbook/.katalon/tools/android_sdk/platform-tools/adb -P 5037 -s emulator-5554 shell am start -W -n com.rimhimstudios.register/com.rimhimstudios.register.MainActivity -S -a android.intent.action.MAIN -c android.intent.category.LAUNCHER -f 0x10200000'
[debug] [35m[ADB][39m Waiting up to 20000ms for activity matching pkg: 'com.rimhimstudios.register' and activity: 'com.rimhimstudios.register.MainActivity' to be focused
[debug] [35m[ADB][39m Possible activities, to be checked: 'com.rimhimstudios.register.MainActivity', 'com.rimhimstudios.register.com.rimhimstudios.register.MainActivity'
[debug] [35m[ADB][39m Getting focused package and activity
[debug] [35m[ADB][39m Running '/Users/macbook/.katalon/tools/android_sdk/platform-tools/adb -P 5037 -s emulator-5554 shell dumpsys window displays'
[debug] [35m[ADB][39m Found package: 'com.rimhimstudios.register' and fully qualified activity name : 'com.rimhimstudios.register.MainActivity'
[debug] [35m[WD Proxy][39m Proxying [GET /appium/device/pixel_ratio] to [GET http://127.0.0.1:56261/wd/hub/session/b34896c1-c506-43eb-b407-9f097762b8f1/appium/device/pixel_ratio] with no body
[debug] [35m[WD Proxy][39m Got response with status 200: {"sessionId":"b34896c1-c506-43eb-b407-9f097762b8f1","value":2.75}
[debug] [35m[WD Proxy][39m Matched '/appium/device/system_bars' to command name 'getSystemBars'
[debug] [35m[WD Proxy][39m Proxying [GET /appium/device/system_bars] to [GET http://127.0.0.1:56261/wd/hub/session/b34896c1-c506-43eb-b407-9f097762b8f1/appium/device/system_bars] with no body
[debug] [35m[WD Proxy][39m Got response with status 200: {"sessionId":"b34896c1-c506-43eb-b407-9f097762b8f1","value":{"statusBar":136}}
[debug] [35m[WD Proxy][39m Matched '/window/current/size' to command name 'getWindowSize'
[debug] [35m[WD Proxy][39m Proxying [GET /window/current/size] to [GET http://127.0.0.1:56261/wd/hub/session/b34896c1-c506-43eb-b407-9f097762b8f1/window/current/size] with no body
[debug] [35m[WD Proxy][39m Got response with status 200: {"sessionId":"b34896c1-c506-43eb-b407-9f097762b8f1","value":{"height":2072,"width":1080}}
[35m[Appium][39m New AndroidUiautomator2Driver session created successfully, session 32e942d7-8421-469b-b9a7-487f4c4782db added to master session list
[debug] [35m[BaseDriver][39m Event 'newSessionStarted' logged at 1700749775641 (21:29:35 GMT+0700 (Western Indonesia Time))
[debug] [35m[W3C (32e942d7)][39m Cached the protocol value 'W3C' for the new session 32e942d7-8421-469b-b9a7-487f4c4782db
[debug] [35m[W3C (32e942d7)][39m Responding to client with driver.createSession() result: {"capabilities":{"platform":"ANDROID","webStorageEnabled":false,"takesScreenshot":true,"javascriptEnabled":true,"databaseEnabled":false,"networkConnectionEnabled":true,"locationContextEnabled":false,"warnings":{},"desired":{"platformName":"android","deviceId":"","platform":"ANDROID","chromedriverPort":56242,"app":"/Users/macbook/Katalon Studio/Setup 2/androidapp/Register_2.0_Apkpure.apk","autoGrantPermissions":true,"automationName":"uiautomator2","deviceName":"emulator-5554 (Android SDK built for x86 - Android 11)","fullReset":false,"newCommandTimeout":1800,"noReset":true,"platformVersion":"11","systemPort":56261,"udid":"emulator-5554"},"platformName":"android","deviceId":"","chromedriverPort":56242,"app":"/Users/macbook/Katalon Studio/Setup 2/androidapp/Register_2.0_Apkpure.apk","autoGrantPermissions":true,"automationName":"uiautomator2","deviceName":"emulator-5554","fullReset":false,"newCommandTimeout":1800,"noReset":true,"platformVersion":"11","systemPort":56261,"udid":"emulator-5554","deviceUDID":"emul...
[35m[HTTP][39m [37m<-- POST /wd/hub/session [39m[32m200[39m [90m11788 ms - 1387[39m
[35m[HTTP][39m [90m[39m
[35m[HTTP][39m [37m-->[39m [37mGET[39m [37m/wd/hub/session/32e942d7-8421-469b-b9a7-487f4c4782db[39m
[35m[HTTP][39m [90m{}[39m
[debug] [35m[W3C (32e942d7)][39m Calling AppiumDriver.getSession() with args: ["32e942d7-8421-469b-b9a7-487f4c4782db"]
[debug] [35m[UiAutomator2][39m Getting session details from server to mix in
[debug] [35m[WD Proxy][39m Matched '/' to command name 'getSession'
[debug] [35m[WD Proxy][39m Proxying [GET /] to [GET http://127.0.0.1:56261/wd/hub/session/b34896c1-c506-43eb-b407-9f097762b8f1] with no body
[debug] [35m[WD Proxy][39m Got response with status 200: {"sessionId":"b34896c1-c506-43eb-b407-9f097762b8f1","value":{"lastScrollData":null}}
[debug] [35m[W3C (32e942d7)][39m Responding to client with driver.getSession() result: {"platform":"ANDROID","webStorageEnabled":false,"takesScreenshot":true,"javascriptEnabled":true,"databaseEnabled":false,"networkConnectionEnabled":true,"locationContextEnabled":false,"warnings":{},"desired":{"platformName":"android","deviceId":"","platform":"ANDROID","chromedriverPort":56242,"app":"/Users/macbook/Katalon Studio/Setup 2/androidapp/Register_2.0_Apkpure.apk","autoGrantPermissions":true,"automationName":"uiautomator2","deviceName":"emulator-5554 (Android SDK built for x86 - Android 11)","fullReset":false,"newCommandTimeout":1800,"noReset":true,"platformVersion":"11","systemPort":56261,"udid":"emulator-5554"},"platformName":"android","deviceId":"","chromedriverPort":56242,"app":"/Users/macbook/Katalon Studio/Setup 2/androidapp/Register_2.0_Apkpure.apk","autoGrantPermissions":true,"automationName":"uiautomator2","deviceName":"emulator-5554","fullReset":false,"newCommandTimeout":1800,"noReset":true,"platformVersion":"11","systemPort":56261,"udid":"emulator-5554","deviceUDID":"emulator-5554","appP...
[35m[HTTP][39m [37m<-- GET /wd/hub/session/32e942d7-8421-469b-b9a7-487f4c4782db [39m[32m200[39m [90m33 ms - 1341[39m
[35m[HTTP][39m [90m[39m
[35m[HTTP][39m [37m-->[39m [37mGET[39m [37m/wd/hub/session/32e942d7-8421-469b-b9a7-487f4c4782db[39m
[35m[HTTP][39m [90m{}[39m
[debug] [35m[W3C (32e942d7)][39m Calling AppiumDriver.getSession() with args: ["32e942d7-8421-469b-b9a7-487f4c4782db"]
[debug] [35m[UiAutomator2][39m Getting session details from server to mix in
[debug] [35m[WD Proxy][39m Matched '/' to command name 'getSession'
[debug] [35m[WD Proxy][39m Proxying [GET /] to [GET http://127.0.0.1:56261/wd/hub/session/b34896c1-c506-43eb-b407-9f097762b8f1] with no body
[debug] [35m[WD Proxy][39m Got response with status 200: {"sessionId":"b34896c1-c506-43eb-b407-9f097762b8f1","value":{"lastScrollData":null}}
[debug] [35m[W3C (32e942d7)][39m Responding to client with driver.getSession() result: {"platform":"ANDROID","webStorageEnabled":false,"takesScreenshot":true,"javascriptEnabled":true,"databaseEnabled":false,"networkConnectionEnabled":true,"locationContextEnabled":false,"warnings":{},"desired":{"platformName":"android","deviceId":"","platform":"ANDROID","chromedriverPort":56242,"app":"/Users/macbook/Katalon Studio/Setup 2/androidapp/Register_2.0_Apkpure.apk","autoGrantPermissions":true,"automationName":"uiautomator2","deviceName":"emulator-5554 (Android SDK built for x86 - Android 11)","fullReset":false,"newCommandTimeout":1800,"noReset":true,"platformVersion":"11","systemPort":56261,"udid":"emulator-5554"},"platformName":"android","deviceId":"","chromedriverPort":56242,"app":"/Users/macbook/Katalon Studio/Setup 2/androidapp/Register_2.0_Apkpure.apk","autoGrantPermissions":true,"automationName":"uiautomator2","deviceName":"emulator-5554","fullReset":false,"newCommandTimeout":1800,"noReset":true,"platformVersion":"11","systemPort":56261,"udid":"emulator-5554","deviceUDID":"emulator-5554","appP...
[35m[HTTP][39m [37m<-- GET /wd/hub/session/32e942d7-8421-469b-b9a7-487f4c4782db [39m[32m200[39m [90m35 ms - 1341[39m
[35m[HTTP][39m [90m[39m
[35m[HTTP][39m [37m-->[39m [37mGET[39m [37m/wd/hub/status[39m
[35m[HTTP][39m [90m{}[39m
[debug] [35m[GENERIC][39m Calling AppiumDriver.getStatus() with args: []
[debug] [35m[GENERIC][39m Responding to client with driver.getStatus() result: {"build":{"version":"1.22.3"}}
[35m[HTTP][39m [37m<-- GET /wd/hub/status [39m[32m200[39m [90m2 ms - 68[39m
[35m[HTTP][39m [90m[39m
[35m[HTTP][39m [37m-->[39m [37mPOST[39m [37m/wd/hub/session/32e942d7-8421-469b-b9a7-487f4c4782db/timeouts[39m
[35m[HTTP][39m [90m{"implicit":60000}[39m
[debug] [35m[W3C (32e942d7)][39m Calling AppiumDriver.timeouts() with args: [null,null,null,null,60000,"32e942d7-8421-469b-b9a7-487f4c4782db"]
[debug] [35m[BaseDriver][39m W3C timeout argument: {"implicit":60000}}
[debug] [35m[BaseDriver][39m Set implicit wait to 60000ms
[debug] [35m[W3C (32e942d7)][39m Responding to client with driver.timeouts() result: null
[35m[HTTP][39m [37m<-- POST /wd/hub/session/32e942d7-8421-469b-b9a7-487f4c4782db/timeouts [39m[32m200[39m [90m5 ms - 14[39m
[35m[HTTP][39m [90m[39m
[35m[HTTP][39m [37m-->[39m [37mGET[39m [37m/wd/hub/session/32e942d7-8421-469b-b9a7-487f4c4782db/source[39m
[35m[HTTP][39m [90m{}[39m
[35m[W3C (32e942d7)][39m Driver proxy active, passing request on via HTTP proxy
[debug] [35m[WD Proxy][39m Matched '/wd/hub/session/32e942d7-8421-469b-b9a7-487f4c4782db/source' to command name 'getPageSource'
[debug] [35m[WD Proxy][39m Proxying [GET /wd/hub/session/32e942d7-8421-469b-b9a7-487f4c4782db/source] to [GET http://127.0.0.1:56261/wd/hub/session/b34896c1-c506-43eb-b407-9f097762b8f1/source] with no body
[debug] [35m[WD Proxy][39m Got response with status 200: {"sessionId":"b34896c1-c506-43eb-b407-9f097762b8f1","value":"<?xml version='1.0' encoding='UTF-8' standalone='yes' ?>\r\n<hierarchy index=\"0\" class=\"hierarchy\" rotation=\"0\" width=\"1080\" height=\"2072\">\r\n  <android.widget.FrameLayout index=\"0\" package=\"com.rimhimstudios.register\" class=\"android.widget.FrameLayout\" text=\"\" checkable=\"false\" checked=\"false\" clickable=\"false\" enabled=\"true\" focusable=\"false\" focused=\"false\" long-clickable=\"false\" password=\"false\" scrollable=\"false\" selected=\"false\" bounds=\"[0,0][1080,2072]\" displayed=\"true\">\r\n    <android.widget.LinearLayout index=\"0\" package=\"com.rimhimstudios.register\" class=\"android.widget.LinearLayout\" text=\"\" checkable=\"false\" checked=\"false\" clickable=\"false\" enabled=\"true\" focusable=\"false\" focused=\"false\" long-clickable=\"false\" password=\"false\" scrollable=\"false\" selected=\"false\" bounds=\"[0,0][1080,2072]\" displayed=\"true\">\r\n      <android.widget.FrameLayout index=\"0\" packa...
[35m[WD Proxy][39m Replacing sessionId b34896c1-c506-43eb-b407-9f097762b8f1 with 32e942d7-8421-469b-b9a7-487f4c4782db
[35m[HTTP][39m [37m<-- GET /wd/hub/session/32e942d7-8421-469b-b9a7-487f4c4782db/source [39m[32m200[39m [90m482 ms - 7041[39m
[35m[HTTP][39m [90m[39m
[35m[HTTP][39m [37m-->[39m [37mGET[39m [37m/wd/hub/session/32e942d7-8421-469b-b9a7-487f4c4782db/screenshot[39m
[35m[HTTP][39m [90m{}[39m
[debug] [35m[W3C (32e942d7)][39m Calling AppiumDriver.getScreenshot() with args: ["32e942d7-8421-469b-b9a7-487f4c4782db"]
[debug] [35m[WD Proxy][39m Matched '/screenshot' to command name 'getScreenshot'
[debug] [35m[WD Proxy][39m Proxying [GET /screenshot] to [GET http://127.0.0.1:56261/wd/hub/session/b34896c1-c506-43eb-b407-9f097762b8f1/screenshot] with no body
[debug] [35m[WD Proxy][39m Got response with status 200: {"sessionId":"b34896c1-c506-43eb-b407-9f097762b8f1","value":"iVBORw0KGgoAAAANSUhEUgAABDgAAAkkCAYAAAD508+vAAAAAXNSR0IArs4c6QAAAARzQklUCAgI\nCHwIZIgAACAASURBVHic7N13dFTV3sbxZ2bSSQiBJITQexdMAOmCFBUIihSvBa8gqNjArjTxWhEL\nKBZARUXxKogKSBEpIr0pKL3XQEhIQno97x9ceAmZSZ2Sge9nrbvW9Zx99tnHgyTzzN6/bYr0HmwI\nAAAAAADAjZldPQAAAAAAAIDSIuAAAAAAAABuj4ADAAAAAAC4PQIOAAAAAADg9gg4AAAAAACA2yPg\nAAAAAAAAbo+AAwAAAAAAuD0CDgAAAAAA4PYIOAAAAAAAgNsj4AAAAAAAAG6PgAMAAAAAALg9Ag4A\nAAAAAOD2CDgAAAAAAIDbI+AAAAAAAABuj4ADAAAAAAC4PQIOAAAAAADg9gg4AAAAAACA2yPgAAAA\nAAAAbo+AAwAAAAAAuD0CDgAAAAAA4PYIOAAAAAAAgNsj4AAAAAAAAG6PgAMAAAAAALg9Ag4AAAAA\nAOD2CDgAAAAAAIDbI+AAAAAAAABuj4ADAAAAAAC4PQIOAAAAAADg9gg4AAAAAACA2yPgAAAAAAAA\nbo+AAwAAAAAAuD0CDgAAAAAA4PYIOAAAAAAAgNsj4AAAAAAAAG6PgAMAAAAAALg9Ag4AAAAAAOD2\nCDgAAAAAAIDbI+AAAAAAAABuj4ADAAAAAAC4PQIOAAAAAADg9gg4AAAAAACA2yPgAAAAAAAAbo+A\nAwAAAAAAuD0CDgAAAAAA4PYIOAAAAAAAgNsj4AAAAAAAAG6PgAMAAAAAALg9D1cPAMDVw2QyqVqd\nUN076la17d5MVWqGXHZOMowL/z8nO0eHd5/S4v+u04Kv/lDiuWQZF09eBSweFnl6WSRdeOasjCzl\n5l49zwcAAACURaZI78H81g2g...
[debug] [35m[W3C (32e942d7)][39m Responding to client with driver.getScreenshot() result: "iVBORw0KGgoAAAANSUhEUgAABDgAAAkkCAYAAAD508+vAAAAAXNSR0IArs4c6QAAAARzQklUCAgI\nCHwIZIgAACAASURBVHic7N13dFTV3sbxZ2bSSQiBJITQexdMAOmCFBUIihSvBa8gqNjArjTxWhEL\nKBZARUXxKogKSBEpIr0pKL3XQEhIQno97x9ceAmZSZ2Sge9nrbvW9Zx99tnHgyTzzN6/bYr0HmwI\nAAAAAADAjZldPQAAAAAAAIDSIuAAAAAAAABuj4ADAAAAAAC4PQIOAAAAAADg9gg4AAAAAACA2yPg\nAAAAAAAAbo+AAwAAAAAAuD0CDgAAAAAA4PYIOAAAAAAAgNsj4AAAAAAAAG6PgAMAAAAAALg9Ag4A\nAAAAAOD2CDgAAAAAAIDbI+AAAAAAAABuj4ADAAAAAAC4PQIOAAAAAADg9gg4AAAAAACA2yPgAAAA\nAAAAbo+AAwAAAAAAuD0CDgAAAAAA4PYIOAAAAAAAgNsj4AAAAAAAAG6PgAMAAAAAALg9Ag4AAAAA\nAOD2CDgAAAAAAIDbI+AAAAAAAABuj4ADAAAAAAC4PQIOAAAAAADg9gg4AAAAAACA2yPgAAAAAAAA\nbo+AAwAAAAAAuD0CDgAAAAAA4PYIOAAAAAAAgNsj4AAAAAAAAG6PgAMAAAAAALg9Ag4AAAAAAOD2\nCDgAAAAAAIDbI+AAAAAAAABuj4ADAAAAAAC4PQIOAAAAAADg9gg4AAAAAACA2yPgAAAAAAAAbo+A\nAwAAAAAAuD0CDgAAAAAA4PYIOAAAAAAAgNsj4AAAAAAAAG6PgAMAAAAAALg9D1cPAMDVw2QyqVqd\nUN076la17d5MVWqGXHZOMowL/z8nO0eHd5/S4v+u04Kv/lDiuWQZF09eBSweFnl6WSRdeOasjCzl\n5l49zwcAAACURaZI78H81g2gxEwmk7x8PPX8lPt0y6B28vT2kMlkKvL1ubmGUs6nador8/TdR8vc\nLugwmU...
[35m[HTTP][39m [37m<-- GET /wd/hub/session/32e942d7-8421-469b-b9a7-487f4c4782db/screenshot [39m[32m200[39m [90m1080 ms - 71654[39m
[35m[HTTP][39m [90m[39m
[35m[HTTP][39m [37m-->[39m [37mPOST[39m [37m/wd/hub/session/32e942d7-8421-469b-b9a7-487f4c4782db/elements[39m
[35m[HTTP][39m [90m{"using":"xpath","value":"//*[@class = 'android.widget.TextView' and @resource-id = 'com.rimhimstudios.register:id/action_add' and (@text = '' or . = '')]"}[39m
[debug] [35m[W3C (32e942d7)][39m Calling AppiumDriver.findElements() with args: ["xpath","//*[@class = 'android.widget.TextView' and @resource-id = 'com.rimhimstudios.register:id/action_add' and (@text = '' or . = '')]","32e942d7-8421-469b-b9a7-487f4c4782db"]
[debug] [35m[BaseDriver][39m Valid locator strategies for this request: xpath, id, class name, accessibility id, css selector, -android uiautomator
[debug] [35m[BaseDriver][39m Waiting up to 60000 ms for condition
[debug] [35m[WD Proxy][39m Matched '/elements' to command name 'findElements'
[debug] [35m[WD Proxy][39m Proxying [POST /elements] to [POST http://127.0.0.1:56261/wd/hub/session/b34896c1-c506-43eb-b407-9f097762b8f1/elements] with body: {"strategy":"xpath","selector":"//*[@class = 'android.widget.TextView' and @resource-id = 'com.rimhimstudios.register:id/action_add' and (@text = '' or . = '')]","context":"","multiple":true}
[debug] [35m[WD Proxy][39m Got response with status 200: {"sessionId":"b34896c1-c506-43eb-b407-9f097762b8f1","value":[{"ELEMENT":"00000000-0000-002a-ffff-ffff00000010","element-6066-11e4-a52e-4f735466cecf":"00000000-0000-002a-ffff-ffff00000010"}]}
[debug] [35m[W3C (32e942d7)][39m Responding to client with driver.findElements() result: [{"element-6066-11e4-a52e-4f735466cecf":"00000000-0000-002a-ffff-ffff00000010","ELEMENT":"00000000-0000-002a-ffff-ffff00000010"}]
[35m[HTTP][39m [37m<-- POST /wd/hub/session/32e942d7-8421-469b-b9a7-487f4c4782db/elements [39m[32m200[39m [90m604 ms - 139[39m
[35m[HTTP][39m [90m[39m
[35m[HTTP][39m [37m-->[39m [37mDELETE[39m [37m/wd/hub/session/32e942d7-8421-469b-b9a7-487f4c4782db[39m
[35m[HTTP][39m [90m{}[39m
[debug] [35m[W3C (32e942d7)][39m Calling AppiumDriver.deleteSession() with args: ["32e942d7-8421-469b-b9a7-487f4c4782db"]
[debug] [35m[BaseDriver][39m Event 'quitSessionRequested' logged at 1700749799555 (21:29:59 GMT+0700 (Western Indonesia Time))
[35m[Appium][39m Removing session 32e942d7-8421-469b-b9a7-487f4c4782db from our master session list
[debug] [35m[UiAutomator2][39m Deleting UiAutomator2 session
[debug] [35m[UiAutomator2][39m Deleting UiAutomator2 server session
[debug] [35m[WD Proxy][39m Matched '/' to command name 'deleteSession'
[debug] [35m[WD Proxy][39m Proxying [DELETE /] to [DELETE http://127.0.0.1:56261/wd/hub/session/b34896c1-c506-43eb-b407-9f097762b8f1] with no body
[debug] [35m[WD Proxy][39m Got response with status 200: {"sessionId":"b34896c1-c506-43eb-b407-9f097762b8f1","value":null}
[debug] [35m[ADB][39m Running '/Users/macbook/.katalon/tools/android_sdk/platform-tools/adb -P 5037 -s emulator-5554 shell am force-stop com.rimhimstudios.register'
[debug] [35m[Logcat][39m Stopping logcat capture
[debug] [35m[ADB][39m Removing forwarded port socket connection: 56261 
[debug] [35m[ADB][39m Running '/Users/macbook/.katalon/tools/android_sdk/platform-tools/adb -P 5037 -s emulator-5554 forward --remove tcp:56261'
[35m[UiAutomator2][39m Restoring hidden api policy to the device default configuration
[debug] [35m[ADB][39m Running '/Users/macbook/.katalon/tools/android_sdk/platform-tools/adb -P 5037 -s emulator-5554 shell 'settings delete global hidden_api_policy_pre_p_apps;settings delete global hidden_api_policy_p_apps;settings delete global hidden_api_policy''
[debug] [35m[BaseDriver][39m Event 'quitSessionFinished' logged at 1700749800322 (21:30:00 GMT+0700 (Western Indonesia Time))
[debug] [35m[W3C (32e942d7)][39m Received response: null
[debug] [35m[W3C (32e942d7)][39m But deleting session, so not returning
[debug] [35m[W3C (32e942d7)][39m Responding to client with driver.deleteSession() result: null
[35m[HTTP][39m [37m<-- DELETE /wd/hub/session/32e942d7-8421-469b-b9a7-487f4c4782db [39m[32m200[39m [90m771 ms - 14[39m
[35m[HTTP][39m [90m[39m
