[35m[Appium][39m Welcome to Appium v2.2.2
[35m[Appium][39m Non-default server args:
[35m[Appium][39m { loglevel: [32m'info'[39m, port: [33m62768[39m }
[35m[Appium][39m Attempting to load driver xcuitest...
[Appium] Attempting to load driver uiautomator2...
[Appium] Appium REST http interface listener started on http://0.0.0.0:62768
[Appium] You can provide the following URLs in your client code to connect to this server:
[Appium] 	http://127.0.0.1:62768/ (only accessible from the same host)
[Appium] 	http://192.168.1.148:62768/
[Appium] Available drivers:
[Appium]   - xcuitest@5.8.2 (automationName 'XCUITest')
[Appium]   - uiautomator2@2.34.1 (automationName 'UiAutomator2')
[Appium] No plugins have been installed. Use the "appium plugin" command to install the one(s) you want to use.
[38;5;0m[HTTP][0m [37m-->[39m [37mGET[39m [37m/status[39m
[38;5;0m[HTTP][0m {}
[38;5;0m[HTTP][0m <-- GET /status 200 6 ms - 110
[38;5;0m[HTTP][0m 
[38;5;0m[HTTP][0m [37m-->[39m [37mPOST[39m [37m/session[39m
[38;5;0m[HTTP][0m {"desiredCapabilities":{"appium:systemPort":62766,"appium:newCommandTimeout":1800,"appium:platform":"ANDROID","appium:automationName":"uiautomator2","appium:fullReset":false,"appium:platformVersion":"12","appium:deviceId":"","appium:noReset":true,"appium:udid":"emulator-5554","appium:autoGrantPermissions":true,"appium:deviceName":"emulator-5554 (sdk_gphone64_arm64 - Android 12)","platformName":"Android","appium:app":"/Users/ddl02/Katalon Studio/Setup/androidapp/Register_2.0_Apkpure.apk"},"capabilities":{"firstMatch":[{"appium:app":"/Users/ddl02/Katalon Studio/Setup/androidapp/Register_2.0_Apkpure.apk","appium:autoGrantPermissions":true,"appium:automationName":"uiautomator2","appium:deviceId":"","appium:deviceName":"emulator-5554 (sdk_gphone64_arm64 - Android 12)","appium:fullReset":false,"appium:newCommandTimeout":1800,"appium:noReset":true,"appium:platform":"ANDROID","appium:platformVersion":"12","appium:systemPort":62766,"appium:udid":"emulator-5554","platformName":"android"}]}}
[Appium] Attempting to find matching driver for automationName 'uiautomator2' and platformName 'android'
[Appium] The 'uiautomator2' driver was installed and matched caps.
[Appium] Will require it at /Users/ddl02/.appium/node_modules/appium-uiautomator2-driver
[38;5;16m[AppiumDriver@56a0][0m Appium v2.2.2 creating new AndroidUiautomator2Driver (v2.34.1) session
[38;5;16m[AppiumDriver@56a0][0m Checking BaseDriver versions for Appium and AndroidUiautomator2Driver
[38;5;16m[AppiumDriver@56a0][0m Appium's BaseDriver version is 9.4.2
[38;5;16m[AppiumDriver@56a0][0m AndroidUiautomator2Driver's BaseDriver version is 9.4.1
[38;5;32m[AndroidUiautomator2Driver@b35c][0m The following provided capabilities were not recognized by this driver:
[38;5;32m[AndroidUiautomator2Driver@b35c][0m   deviceId
[38;5;32m[AndroidUiautomator2Driver@b35c][0m   platform
[38;5;32m[AndroidUiautomator2Driver@b35c (4d849253)][0m Session created with session id: 4d849253-a396-4310-b3bf-a9d47baab7f4
[38;5;48m[BaseDriver][0m Using local app '/Users/ddl02/Katalon Studio/Setup/androidapp/Register_2.0_Apkpure.apk'
[38;5;64m[ADB][0m Found 1 'build-tools' folders under '/Users/ddl02/.katalon/tools/android_sdk' (newest first):
[38;5;64m[ADB][0m     /Users/ddl02/.katalon/tools/android_sdk/build-tools/29.0.3
[38;5;64m[ADB][0m Using 'adb' from '/Users/ddl02/.katalon/tools/android_sdk/platform-tools/adb'
[38;5;80m[AndroidDriver][0m Retrieving device list
[38;5;80m[AndroidDriver][0m Using device: emulator-5554
[38;5;64m[ADB][0m Using 'adb' from '/Users/ddl02/.katalon/tools/android_sdk/platform-tools/adb'
[38;5;64m[ADB][0m Getting device platform version
[38;5;32m[AndroidUiautomator2Driver@b35c (4d849253)][0m Relaxing hidden api policy
[38;5;64m[ADB][0m Package name: 'com.rimhimstudios.register'
[38;5;64m[ADB][0m Main activity name: 'com.rimhimstudios.register.MainActivity'
[38;5;64m[ADB][0m The application at '/Users/ddl02/.appium/node_modules/appium-uiautomator2-driver/node_modules/io.appium.settings/apks/settings_apk-debug.apk' will not be cached, because the device under test has confirmed the support of streamed installs
[38;5;64m[ADB][0m The installation of 'settings_apk-debug.apk' took 87ms
[38;5;64m[ADB][0m Using 'apksigner.jar' from '/Users/ddl02/.katalon/tools/android_sdk/build-tools/29.0.3/lib/apksigner.jar'
[38;5;64m[ADB][0m '/Users/ddl02/.appium/node_modules/appium-uiautomator2-driver/node_modules/appium-uiautomator2-server/apks/appium-uiautomator2-server-debug-androidTest.apk' is signed with the default certificate
[38;5;64m[ADB][0m '/Users/ddl02/.appium/node_modules/appium-uiautomator2-driver/node_modules/appium-uiautomator2-server/apks/appium-uiautomator2-server-v5.12.16.apk' is signed with the default certificate
[38;5;32m[AndroidUiautomator2Driver@b35c (4d849253)][0m Server packages are not going to be (re)installed
[38;5;64m[ADB][0m Adding packages ["io.appium.settings","io.appium.uiautomator2.server","io.appium.uiautomator2.server.test"] to Doze whitelist
[38;5;64m[ADB][0m '/Users/ddl02/Katalon Studio/Setup/androidapp/Register_2.0_Apkpure.apk' is signed with a non-default certificate
[38;5;64m[ADB][0m The application at '/Users/ddl02/Katalon Studio/Setup/androidapp/Register_2.0_Apkpure.apk' will not be cached, because the device under test has confirmed the support of streamed installs
[38;5;64m[ADB][0m The installation of 'Register_2.0_Apkpure.apk' took 195ms
[38;5;32m[AndroidUiautomator2Driver@b35c (4d849253)][0m Starting UIAutomator2 server 5.12.16
[38;5;32m[AndroidUiautomator2Driver@b35c (4d849253)][0m Using UIAutomator2 server from '/Users/ddl02/.appium/node_modules/appium-uiautomator2-driver/node_modules/appium-uiautomator2-server/apks/appium-uiautomator2-server-v5.12.16.apk' and test from '/Users/ddl02/.appium/node_modules/appium-uiautomator2-driver/node_modules/appium-uiautomator2-server/apks/appium-uiautomator2-server-debug-androidTest.apk'
[38;5;32m[AndroidUiautomator2Driver@b35c (4d849253)][0m Waiting up to 30000ms for UiAutomator2 to be online...
[38;5;32m[AndroidUiautomator2Driver@b35c (4d849253)][0m socket hang up
[38;5;32m[AndroidUiautomator2Driver@b35c (4d849253)][0m socket hang up
[38;5;32m[AndroidUiautomator2Driver@b35c (4d849253)][0m Determined the downstream protocol as 'W3C'
[38;5;80m[AndroidDriver][0m Screen already unlocked, doing nothing
[38;5;32m[AndroidUiautomator2Driver@b35c (4d849253)][0m Starting 'com.rimhimstudios.register/com.rimhimstudios.register.MainActivity and waiting for 'com.rimhimstudios.register/com.rimhimstudios.register.MainActivity'
[38;5;16m[AppiumDriver@56a0][0m New AndroidUiautomator2Driver session created successfully, session 4d849253-a396-4310-b3bf-a9d47baab7f4 added to master session list
[38;5;0m[HTTP][0m <-- POST /session 200 6923 ms - 1311
[38;5;0m[HTTP][0m 
[38;5;0m[HTTP][0m [37m-->[39m [37mGET[39m [37m/session/4d849253-a396-4310-b3bf-a9d47baab7f4[39m
[38;5;0m[HTTP][0m {}
[38;5;0m[HTTP][0m <-- GET /session/4d849253-a396-4310-b3bf-a9d47baab7f4 200 8 ms - 417
[38;5;0m[HTTP][0m 
[38;5;0m[HTTP][0m [37m-->[39m [37mGET[39m [37m/session/4d849253-a396-4310-b3bf-a9d47baab7f4[39m
[38;5;0m[HTTP][0m {}
[38;5;0m[HTTP][0m <-- GET /session/4d849253-a396-4310-b3bf-a9d47baab7f4 200 7 ms - 417
[38;5;0m[HTTP][0m 
[38;5;0m[HTTP][0m [37m-->[39m [37mGET[39m [37m/status[39m
[38;5;0m[HTTP][0m {}
[38;5;0m[HTTP][0m <-- GET /status 200 1 ms - 110
[38;5;0m[HTTP][0m 
[38;5;0m[HTTP][0m [37m-->[39m [37mPOST[39m [37m/session/4d849253-a396-4310-b3bf-a9d47baab7f4/timeouts[39m
[38;5;0m[HTTP][0m {"implicit":30000}
[38;5;0m[HTTP][0m <-- POST /session/4d849253-a396-4310-b3bf-a9d47baab7f4/timeouts 200 1 ms - 14
[38;5;0m[HTTP][0m 
[38;5;0m[HTTP][0m [37m-->[39m [37mGET[39m [37m/session/4d849253-a396-4310-b3bf-a9d47baab7f4/screenshot[39m
[38;5;0m[HTTP][0m {}
[38;5;0m[HTTP][0m <-- GET /session/4d849253-a396-4310-b3bf-a9d47baab7f4/screenshot 200 238 ms - 87528
[38;5;0m[HTTP][0m 
[38;5;0m[HTTP][0m [37m-->[39m [37mGET[39m [37m/session/4d849253-a396-4310-b3bf-a9d47baab7f4/window/rect[39m
[38;5;0m[HTTP][0m {}
[38;5;0m[HTTP][0m <-- GET /session/4d849253-a396-4310-b3bf-a9d47baab7f4/window/rect 200 9 ms - 50
[38;5;0m[HTTP][0m 
[38;5;0m[HTTP][0m [37m-->[39m [37mGET[39m [37m/session/4d849253-a396-4310-b3bf-a9d47baab7f4/appium/device/system_bars[39m
[38;5;0m[HTTP][0m {}
[38;5;0m[HTTP][0m <-- GET /session/4d849253-a396-4310-b3bf-a9d47baab7f4/appium/device/system_bars 200 39 ms - 151
[38;5;0m[HTTP][0m 
[38;5;0m[HTTP][0m [37m-->[39m [37mPOST[39m [37m/session/4d849253-a396-4310-b3bf-a9d47baab7f4/timeouts[39m
[38;5;0m[HTTP][0m {"implicit":50}
[38;5;0m[HTTP][0m <-- POST /session/4d849253-a396-4310-b3bf-a9d47baab7f4/timeouts 200 1 ms - 14
[38;5;0m[HTTP][0m 
[38;5;0m[HTTP][0m [37m-->[39m [37mGET[39m [37m/session/4d849253-a396-4310-b3bf-a9d47baab7f4/window/rect[39m
[38;5;0m[HTTP][0m {}
[38;5;0m[HTTP][0m <-- GET /session/4d849253-a396-4310-b3bf-a9d47baab7f4/window/rect 200 9 ms - 50
[38;5;0m[HTTP][0m 
[38;5;0m[HTTP][0m [37m-->[39m [37mPOST[39m [37m/session/4d849253-a396-4310-b3bf-a9d47baab7f4/elements[39m
[38;5;0m[HTTP][0m {"using":"xpath","value":"//*[@class = 'android.widget.TextView' and @resource-id = 'com.rimhimstudios.register:id/action_add' and (@text = '' or . = '')]"}
[38;5;0m[HTTP][0m <-- POST /session/4d849253-a396-4310-b3bf-a9d47baab7f4/elements 200 546 ms - 139
[38;5;0m[HTTP][0m 
[38;5;0m[HTTP][0m [37m-->[39m [37mGET[39m [37m/session/4d849253-a396-4310-b3bf-a9d47baab7f4/element/00000000-0000-0054-ffff-ffff00000010/location[39m
[38;5;0m[HTTP][0m {}
[38;5;32m[AndroidUiautomator2Driver@b35c (4d849253)][0m Driver proxy active, passing request on via HTTP proxy
[38;5;32m[AndroidUiautomator2Driver@b35c (4d849253)][0m Replacing sessionId 277c5cb2-8148-4ba9-a8bb-772a29272d0f with 4d849253-a396-4310-b3bf-a9d47baab7f4
[38;5;0m[HTTP][0m <-- GET /session/4d849253-a396-4310-b3bf-a9d47baab7f4/element/00000000-0000-0054-ffff-ffff00000010/location 200 10 ms - 78
[38;5;0m[HTTP][0m 
[38;5;0m[HTTP][0m [37m-->[39m [37mPOST[39m [37m/session/4d849253-a396-4310-b3bf-a9d47baab7f4/timeouts[39m
[38;5;0m[HTTP][0m {"implicit":30000}
[38;5;0m[HTTP][0m <-- POST /session/4d849253-a396-4310-b3bf-a9d47baab7f4/timeouts 200 1 ms - 14
[38;5;0m[HTTP][0m 
[38;5;0m[HTTP][0m [37m-->[39m [37mPOST[39m [37m/session/4d849253-a396-4310-b3bf-a9d47baab7f4/element/00000000-0000-0054-ffff-ffff00000010/click[39m
[38;5;0m[HTTP][0m {"id":"00000000-0000-0054-ffff-ffff00000010"}
[38;5;0m[HTTP][0m <-- POST /session/4d849253-a396-4310-b3bf-a9d47baab7f4/element/00000000-0000-0054-ffff-ffff00000010/click 200 33 ms - 14
[38;5;0m[HTTP][0m 
[38;5;0m[HTTP][0m [37m-->[39m [37mPOST[39m [37m/session/4d849253-a396-4310-b3bf-a9d47baab7f4/timeouts[39m
[38;5;0m[HTTP][0m {"implicit":50}
[38;5;0m[HTTP][0m <-- POST /session/4d849253-a396-4310-b3bf-a9d47baab7f4/timeouts 200 1 ms - 14
[38;5;0m[HTTP][0m 
[38;5;0m[HTTP][0m [37m-->[39m [37mGET[39m [37m/session/4d849253-a396-4310-b3bf-a9d47baab7f4/window/rect[39m
[38;5;0m[HTTP][0m {}
[38;5;0m[HTTP][0m <-- GET /session/4d849253-a396-4310-b3bf-a9d47baab7f4/window/rect 200 7 ms - 50
[38;5;0m[HTTP][0m 
[38;5;0m[HTTP][0m [37m-->[39m [37mPOST[39m [37m/session/4d849253-a396-4310-b3bf-a9d47baab7f4/elements[39m
[38;5;0m[HTTP][0m {"using":"xpath","value":"//*[@class = 'android.widget.EditText' and (@text = 'Name' or . = 'Name') and @resource-id = 'com.rimhimstudios.register:id/name']"}
[38;5;0m[HTTP][0m <-- POST /session/4d849253-a396-4310-b3bf-a9d47baab7f4/elements 200 629 ms - 139
[38;5;0m[HTTP][0m 
[38;5;0m[HTTP][0m [37m-->[39m [37mGET[39m [37m/session/4d849253-a396-4310-b3bf-a9d47baab7f4/element/00000000-0000-0055-ffff-ffff00000018/location[39m
[38;5;0m[HTTP][0m {}
[38;5;32m[AndroidUiautomator2Driver@b35c (4d849253)][0m Driver proxy active, passing request on via HTTP proxy
[38;5;32m[AndroidUiautomator2Driver@b35c (4d849253)][0m Replacing sessionId 277c5cb2-8148-4ba9-a8bb-772a29272d0f with 4d849253-a396-4310-b3bf-a9d47baab7f4
[38;5;0m[HTTP][0m <-- GET /session/4d849253-a396-4310-b3bf-a9d47baab7f4/element/00000000-0000-0055-ffff-ffff00000018/location 200 9 ms - 76
[38;5;0m[HTTP][0m 
[38;5;0m[HTTP][0m [37m-->[39m [37mPOST[39m [37m/session/4d849253-a396-4310-b3bf-a9d47baab7f4/timeouts[39m
[38;5;0m[HTTP][0m {"implicit":30000}
[38;5;0m[HTTP][0m <-- POST /session/4d849253-a396-4310-b3bf-a9d47baab7f4/timeouts 200 1 ms - 14
[38;5;0m[HTTP][0m 
[38;5;0m[HTTP][0m [37m-->[39m [37mPOST[39m [37m/session/4d849253-a396-4310-b3bf-a9d47baab7f4/element/00000000-0000-0055-ffff-ffff00000018/clear[39m
[38;5;0m[HTTP][0m {"id":"00000000-0000-0055-ffff-ffff00000018"}
[38;5;0m[HTTP][0m <-- POST /session/4d849253-a396-4310-b3bf-a9d47baab7f4/element/00000000-0000-0055-ffff-ffff00000018/clear 200 12 ms - 14
[38;5;0m[HTTP][0m 
[38;5;0m[HTTP][0m [37m-->[39m [37mPOST[39m [37m/session/4d849253-a396-4310-b3bf-a9d47baab7f4/element/00000000-0000-0055-ffff-ffff00000018/value[39m
[38;5;0m[HTTP][0m {"id":"00000000-0000-0055-ffff-ffff00000018","text":"DDL AUTOMATION","value":["D","D","L"," ","A","U","T","O","M","A","T","I","O","N"]}
[38;5;0m[HTTP][0m <-- POST /session/4d849253-a396-4310-b3bf-a9d47baab7f4/element/00000000-0000-0055-ffff-ffff00000018/value 200 1208 ms - 14
[38;5;0m[HTTP][0m 
[38;5;0m[HTTP][0m [37m-->[39m [37mPOST[39m [37m/session/4d849253-a396-4310-b3bf-a9d47baab7f4/timeouts[39m
[38;5;0m[HTTP][0m {"implicit":50}
[38;5;0m[HTTP][0m <-- POST /session/4d849253-a396-4310-b3bf-a9d47baab7f4/timeouts 200 1 ms - 14
[38;5;0m[HTTP][0m 
[38;5;0m[HTTP][0m [37m-->[39m [37mGET[39m [37m/session/4d849253-a396-4310-b3bf-a9d47baab7f4/window/rect[39m
[38;5;0m[HTTP][0m {}
[38;5;0m[HTTP][0m <-- GET /session/4d849253-a396-4310-b3bf-a9d47baab7f4/window/rect 200 4 ms - 50
[38;5;0m[HTTP][0m 
[38;5;0m[HTTP][0m [37m-->[39m [37mPOST[39m [37m/session/4d849253-a396-4310-b3bf-a9d47baab7f4/elements[39m
[38;5;0m[HTTP][0m {"using":"xpath","value":"//*[@class = 'android.widget.EditText' and (@text = 'Phone' or . = 'Phone') and @resource-id = 'com.rimhimstudios.register:id/phone']"}
[38;5;0m[HTTP][0m <-- POST /session/4d849253-a396-4310-b3bf-a9d47baab7f4/elements 200 453 ms - 139
[38;5;0m[HTTP][0m 
[38;5;0m[HTTP][0m [37m-->[39m [37mGET[39m [37m/session/4d849253-a396-4310-b3bf-a9d47baab7f4/element/00000000-0000-0055-ffff-ffff0000001b/location[39m
[38;5;0m[HTTP][0m {}
[38;5;32m[AndroidUiautomator2Driver@b35c (4d849253)][0m Driver proxy active, passing request on via HTTP proxy
[38;5;32m[AndroidUiautomator2Driver@b35c (4d849253)][0m Replacing sessionId 277c5cb2-8148-4ba9-a8bb-772a29272d0f with 4d849253-a396-4310-b3bf-a9d47baab7f4
[38;5;0m[HTTP][0m <-- GET /session/4d849253-a396-4310-b3bf-a9d47baab7f4/element/00000000-0000-0055-ffff-ffff0000001b/location 200 7 ms - 76
[38;5;0m[HTTP][0m 
[38;5;0m[HTTP][0m [37m-->[39m [37mPOST[39m [37m/session/4d849253-a396-4310-b3bf-a9d47baab7f4/timeouts[39m
[38;5;0m[HTTP][0m {"implicit":30000}
[38;5;0m[HTTP][0m <-- POST /session/4d849253-a396-4310-b3bf-a9d47baab7f4/timeouts 200 1 ms - 14
[38;5;0m[HTTP][0m 
[38;5;0m[HTTP][0m [37m-->[39m [37mPOST[39m [37m/session/4d849253-a396-4310-b3bf-a9d47baab7f4/element/00000000-0000-0055-ffff-ffff0000001b/clear[39m
[38;5;0m[HTTP][0m {"id":"00000000-0000-0055-ffff-ffff0000001b"}
[38;5;0m[HTTP][0m <-- POST /session/4d849253-a396-4310-b3bf-a9d47baab7f4/element/00000000-0000-0055-ffff-ffff0000001b/clear 200 6 ms - 14
[38;5;0m[HTTP][0m 
[38;5;0m[HTTP][0m [37m-->[39m [37mPOST[39m [37m/session/4d849253-a396-4310-b3bf-a9d47baab7f4/element/00000000-0000-0055-ffff-ffff0000001b/value[39m
[38;5;0m[HTTP][0m {"id":"00000000-0000-0055-ffff-ffff0000001b","text":"0857623527283","value":["0","8","5","7","6","2","3","5","2","7","2","8","3"]}
[38;5;0m[HTTP][0m <-- POST /session/4d849253-a396-4310-b3bf-a9d47baab7f4/element/00000000-0000-0055-ffff-ffff0000001b/value 200 1007 ms - 14
[38;5;0m[HTTP][0m 
[38;5;0m[HTTP][0m [37m-->[39m [37mPOST[39m [37m/session/4d849253-a396-4310-b3bf-a9d47baab7f4/timeouts[39m
[38;5;0m[HTTP][0m {"implicit":50}
[38;5;0m[HTTP][0m <-- POST /session/4d849253-a396-4310-b3bf-a9d47baab7f4/timeouts 200 1 ms - 14
[38;5;0m[HTTP][0m 
[38;5;0m[HTTP][0m [37m-->[39m [37mGET[39m [37m/session/4d849253-a396-4310-b3bf-a9d47baab7f4/window/rect[39m
[38;5;0m[HTTP][0m {}
[38;5;0m[HTTP][0m <-- GET /session/4d849253-a396-4310-b3bf-a9d47baab7f4/window/rect 200 4 ms - 50
[38;5;0m[HTTP][0m 
[38;5;0m[HTTP][0m [37m-->[39m [37mPOST[39m [37m/session/4d849253-a396-4310-b3bf-a9d47baab7f4/elements[39m
[38;5;0m[HTTP][0m {"using":"xpath","value":"//*[@class = 'android.widget.EditText' and (@text = 'Alternate phones (one per line)' or . = 'Alternate phones (one per line)') and @resource-id = 'com.rimhimstudios.register:id/extraPhones']"}
[38;5;0m[HTTP][0m <-- POST /session/4d849253-a396-4310-b3bf-a9d47baab7f4/elements 200 455 ms - 139
[38;5;0m[HTTP][0m 
[38;5;0m[HTTP][0m [37m-->[39m [37mGET[39m [37m/session/4d849253-a396-4310-b3bf-a9d47baab7f4/element/00000000-0000-0055-ffff-ffff0000001f/location[39m
[38;5;0m[HTTP][0m {}
[38;5;32m[AndroidUiautomator2Driver@b35c (4d849253)][0m Driver proxy active, passing request on via HTTP proxy
[38;5;32m[AndroidUiautomator2Driver@b35c (4d849253)][0m Replacing sessionId 277c5cb2-8148-4ba9-a8bb-772a29272d0f with 4d849253-a396-4310-b3bf-a9d47baab7f4
[38;5;0m[HTTP][0m <-- GET /session/4d849253-a396-4310-b3bf-a9d47baab7f4/element/00000000-0000-0055-ffff-ffff0000001f/location 200 7 ms - 76
[38;5;0m[HTTP][0m 
[38;5;0m[HTTP][0m [37m-->[39m [37mPOST[39m [37m/session/4d849253-a396-4310-b3bf-a9d47baab7f4/timeouts[39m
[38;5;0m[HTTP][0m {"implicit":30000}
[38;5;0m[HTTP][0m <-- POST /session/4d849253-a396-4310-b3bf-a9d47baab7f4/timeouts 200 1 ms - 14
[38;5;0m[HTTP][0m 
[38;5;0m[HTTP][0m [37m-->[39m [37mPOST[39m [37m/session/4d849253-a396-4310-b3bf-a9d47baab7f4/element/00000000-0000-0055-ffff-ffff0000001f/clear[39m
[38;5;0m[HTTP][0m {"id":"00000000-0000-0055-ffff-ffff0000001f"}
[38;5;0m[HTTP][0m <-- POST /session/4d849253-a396-4310-b3bf-a9d47baab7f4/element/00000000-0000-0055-ffff-ffff0000001f/clear 200 7 ms - 14
[38;5;0m[HTTP][0m 
[38;5;0m[HTTP][0m [37m-->[39m [37mPOST[39m [37m/session/4d849253-a396-4310-b3bf-a9d47baab7f4/element/00000000-0000-0055-ffff-ffff0000001f/value[39m
[38;5;0m[HTTP][0m {"id":"00000000-0000-0055-ffff-ffff0000001f","text":"0813623527283","value":["0","8","1","3","6","2","3","5","2","7","2","8","3"]}
[38;5;0m[HTTP][0m <-- POST /session/4d849253-a396-4310-b3bf-a9d47baab7f4/element/00000000-0000-0055-ffff-ffff0000001f/value 200 1012 ms - 14
[38;5;0m[HTTP][0m 
[38;5;0m[HTTP][0m [37m-->[39m [37mPOST[39m [37m/session/4d849253-a396-4310-b3bf-a9d47baab7f4/timeouts[39m
[38;5;0m[HTTP][0m {"implicit":50}
[38;5;0m[HTTP][0m <-- POST /session/4d849253-a396-4310-b3bf-a9d47baab7f4/timeouts 200 1 ms - 14
[38;5;0m[HTTP][0m 
[38;5;0m[HTTP][0m [37m-->[39m [37mGET[39m [37m/session/4d849253-a396-4310-b3bf-a9d47baab7f4/window/rect[39m
[38;5;0m[HTTP][0m {}
[38;5;0m[HTTP][0m <-- GET /session/4d849253-a396-4310-b3bf-a9d47baab7f4/window/rect 200 18 ms - 50
[38;5;0m[HTTP][0m 
[38;5;0m[HTTP][0m [37m-->[39m [37mPOST[39m [37m/session/4d849253-a396-4310-b3bf-a9d47baab7f4/elements[39m
[38;5;0m[HTTP][0m {"using":"xpath","value":"//*[@class = 'android.widget.EditText' and (@text = 'Email' or . = 'Email') and @resource-id = 'com.rimhimstudios.register:id/email']"}
[38;5;0m[HTTP][0m <-- POST /session/4d849253-a396-4310-b3bf-a9d47baab7f4/elements 200 430 ms - 139
[38;5;0m[HTTP][0m 
[38;5;0m[HTTP][0m [37m-->[39m [37mGET[39m [37m/session/4d849253-a396-4310-b3bf-a9d47baab7f4/element/00000000-0000-0055-ffff-ffff00000024/location[39m
[38;5;0m[HTTP][0m {}
[38;5;32m[AndroidUiautomator2Driver@b35c (4d849253)][0m Driver proxy active, passing request on via HTTP proxy
[38;5;32m[AndroidUiautomator2Driver@b35c (4d849253)][0m Replacing sessionId 277c5cb2-8148-4ba9-a8bb-772a29272d0f with 4d849253-a396-4310-b3bf-a9d47baab7f4
[38;5;0m[HTTP][0m <-- GET /session/4d849253-a396-4310-b3bf-a9d47baab7f4/element/00000000-0000-0055-ffff-ffff00000024/location 200 7 ms - 76
[38;5;0m[HTTP][0m 
[38;5;0m[HTTP][0m [37m-->[39m [37mPOST[39m [37m/session/4d849253-a396-4310-b3bf-a9d47baab7f4/timeouts[39m
[38;5;0m[HTTP][0m {"implicit":30000}
[38;5;0m[HTTP][0m <-- POST /session/4d849253-a396-4310-b3bf-a9d47baab7f4/timeouts 200 0 ms - 14
[38;5;0m[HTTP][0m 
[38;5;0m[HTTP][0m [37m-->[39m [37mPOST[39m [37m/session/4d849253-a396-4310-b3bf-a9d47baab7f4/element/00000000-0000-0055-ffff-ffff00000024/clear[39m
[38;5;0m[HTTP][0m {"id":"00000000-0000-0055-ffff-ffff00000024"}
[38;5;0m[HTTP][0m <-- POST /session/4d849253-a396-4310-b3bf-a9d47baab7f4/element/00000000-0000-0055-ffff-ffff00000024/clear 200 9 ms - 14
[38;5;0m[HTTP][0m 
[38;5;0m[HTTP][0m [37m-->[39m [37mPOST[39m [37m/session/4d849253-a396-4310-b3bf-a9d47baab7f4/element/00000000-0000-0055-ffff-ffff00000024/value[39m
[38;5;0m[HTTP][0m {"id":"00000000-0000-0055-ffff-ffff00000024","text":"AUTOMATION@DDL.COM","value":["A","U","T","O","M","A","T","I","O","N","@","D","D","L",".","C","O","M"]}
[38;5;0m[HTTP][0m <-- POST /session/4d849253-a396-4310-b3bf-a9d47baab7f4/element/00000000-0000-0055-ffff-ffff00000024/value 200 506 ms - 14
[38;5;0m[HTTP][0m 
[38;5;0m[HTTP][0m [37m-->[39m [37mPOST[39m [37m/session/4d849253-a396-4310-b3bf-a9d47baab7f4/timeouts[39m
[38;5;0m[HTTP][0m {"implicit":50}
[38;5;0m[HTTP][0m <-- POST /session/4d849253-a396-4310-b3bf-a9d47baab7f4/timeouts 200 1 ms - 14
[38;5;0m[HTTP][0m 
[38;5;0m[HTTP][0m [37m-->[39m [37mGET[39m [37m/session/4d849253-a396-4310-b3bf-a9d47baab7f4/window/rect[39m
[38;5;0m[HTTP][0m {}
[38;5;0m[HTTP][0m <-- GET /session/4d849253-a396-4310-b3bf-a9d47baab7f4/window/rect 200 5 ms - 50
[38;5;0m[HTTP][0m 
[38;5;0m[HTTP][0m [37m-->[39m [37mPOST[39m [37m/session/4d849253-a396-4310-b3bf-a9d47baab7f4/elements[39m
[38;5;0m[HTTP][0m {"using":"xpath","value":"//*[@class = 'android.widget.EditText' and (@text = 'Alternate emails (one per line)' or . = 'Alternate emails (one per line)') and @resource-id = 'com.rimhimstudios.register:id/extraEmails']"}
[38;5;0m[HTTP][0m <-- POST /session/4d849253-a396-4310-b3bf-a9d47baab7f4/elements 200 459 ms - 139
[38;5;0m[HTTP][0m 
[38;5;0m[HTTP][0m [37m-->[39m [37mGET[39m [37m/session/4d849253-a396-4310-b3bf-a9d47baab7f4/element/00000000-0000-0055-ffff-ffff00000027/location[39m
[38;5;0m[HTTP][0m {}
[38;5;32m[AndroidUiautomator2Driver@b35c (4d849253)][0m Driver proxy active, passing request on via HTTP proxy
[38;5;32m[AndroidUiautomator2Driver@b35c (4d849253)][0m Replacing sessionId 277c5cb2-8148-4ba9-a8bb-772a29272d0f with 4d849253-a396-4310-b3bf-a9d47baab7f4
[38;5;0m[HTTP][0m <-- GET /session/4d849253-a396-4310-b3bf-a9d47baab7f4/element/00000000-0000-0055-ffff-ffff00000027/location 200 6 ms - 77
[38;5;0m[HTTP][0m 
[38;5;0m[HTTP][0m [37m-->[39m [37mPOST[39m [37m/session/4d849253-a396-4310-b3bf-a9d47baab7f4/timeouts[39m
[38;5;0m[HTTP][0m {"implicit":30000}
[38;5;0m[HTTP][0m <-- POST /session/4d849253-a396-4310-b3bf-a9d47baab7f4/timeouts 200 1 ms - 14
[38;5;0m[HTTP][0m 
[38;5;0m[HTTP][0m [37m-->[39m [37mPOST[39m [37m/session/4d849253-a396-4310-b3bf-a9d47baab7f4/element/00000000-0000-0055-ffff-ffff00000027/clear[39m
[38;5;0m[HTTP][0m {"id":"00000000-0000-0055-ffff-ffff00000027"}
[38;5;0m[HTTP][0m <-- POST /session/4d849253-a396-4310-b3bf-a9d47baab7f4/element/00000000-0000-0055-ffff-ffff00000027/clear 200 7 ms - 14
[38;5;0m[HTTP][0m 
[38;5;0m[HTTP][0m [37m-->[39m [37mPOST[39m [37m/session/4d849253-a396-4310-b3bf-a9d47baab7f4/element/00000000-0000-0055-ffff-ffff00000027/value[39m
[38;5;0m[HTTP][0m {"id":"00000000-0000-0055-ffff-ffff00000027","text":"ROBOT@DDL.COM","value":["R","O","B","O","T","@","D","D","L",".","C","O","M"]}
[38;5;0m[HTTP][0m <-- POST /session/4d849253-a396-4310-b3bf-a9d47baab7f4/element/00000000-0000-0055-ffff-ffff00000027/value 200 521 ms - 14
[38;5;0m[HTTP][0m 
[38;5;0m[HTTP][0m [37m-->[39m [37mPOST[39m [37m/session/4d849253-a396-4310-b3bf-a9d47baab7f4/timeouts[39m
[38;5;0m[HTTP][0m {"implicit":50}
[38;5;0m[HTTP][0m <-- POST /session/4d849253-a396-4310-b3bf-a9d47baab7f4/timeouts 200 1 ms - 14
[38;5;0m[HTTP][0m 
[38;5;0m[HTTP][0m [37m-->[39m [37mGET[39m [37m/session/4d849253-a396-4310-b3bf-a9d47baab7f4/window/rect[39m
[38;5;0m[HTTP][0m {}
[38;5;0m[HTTP][0m <-- GET /session/4d849253-a396-4310-b3bf-a9d47baab7f4/window/rect 200 5 ms - 50
[38;5;0m[HTTP][0m 
[38;5;0m[HTTP][0m [37m-->[39m [37mPOST[39m [37m/session/4d849253-a396-4310-b3bf-a9d47baab7f4/elements[39m
[38;5;0m[HTTP][0m {"using":"xpath","value":"//*[@class = 'android.widget.EditText' and (@text = '(Leave blank if no allergies)' or . = '(Leave blank if no allergies)') and @resource-id = 'com.rimhimstudios.register:id/allergies']"}
[38;5;0m[HTTP][0m <-- POST /session/4d849253-a396-4310-b3bf-a9d47baab7f4/elements 200 469 ms - 139
[38;5;0m[HTTP][0m 
[38;5;0m[HTTP][0m [37m-->[39m [37mGET[39m [37m/session/4d849253-a396-4310-b3bf-a9d47baab7f4/element/00000000-0000-0055-ffff-ffff0000002a/location[39m
[38;5;0m[HTTP][0m {}
[38;5;32m[AndroidUiautomator2Driver@b35c (4d849253)][0m Driver proxy active, passing request on via HTTP proxy
[38;5;32m[AndroidUiautomator2Driver@b35c (4d849253)][0m Replacing sessionId 277c5cb2-8148-4ba9-a8bb-772a29272d0f with 4d849253-a396-4310-b3bf-a9d47baab7f4
[38;5;0m[HTTP][0m <-- GET /session/4d849253-a396-4310-b3bf-a9d47baab7f4/element/00000000-0000-0055-ffff-ffff0000002a/location 200 7 ms - 77
[38;5;0m[HTTP][0m 
[38;5;0m[HTTP][0m [37m-->[39m [37mPOST[39m [37m/session/4d849253-a396-4310-b3bf-a9d47baab7f4/timeouts[39m
[38;5;0m[HTTP][0m {"implicit":30000}
[38;5;0m[HTTP][0m <-- POST /session/4d849253-a396-4310-b3bf-a9d47baab7f4/timeouts 200 1 ms - 14
[38;5;0m[HTTP][0m 
[38;5;0m[HTTP][0m [37m-->[39m [37mPOST[39m [37m/session/4d849253-a396-4310-b3bf-a9d47baab7f4/element/00000000-0000-0055-ffff-ffff0000002a/clear[39m
[38;5;0m[HTTP][0m {"id":"00000000-0000-0055-ffff-ffff0000002a"}
[38;5;0m[HTTP][0m <-- POST /session/4d849253-a396-4310-b3bf-a9d47baab7f4/element/00000000-0000-0055-ffff-ffff0000002a/clear 200 10 ms - 14
[38;5;0m[HTTP][0m 
[38;5;0m[HTTP][0m [37m-->[39m [37mPOST[39m [37m/session/4d849253-a396-4310-b3bf-a9d47baab7f4/element/00000000-0000-0055-ffff-ffff0000002a/value[39m
[38;5;0m[HTTP][0m {"id":"00000000-0000-0055-ffff-ffff0000002a","text":"TEST AUTOMATION","value":["T","E","S","T"," ","A","U","T","O","M","A","T","I","O","N"]}
[38;5;0m[HTTP][0m <-- POST /session/4d849253-a396-4310-b3bf-a9d47baab7f4/element/00000000-0000-0055-ffff-ffff0000002a/value 200 1025 ms - 14
[38;5;0m[HTTP][0m 
[38;5;0m[HTTP][0m [37m-->[39m [37mPOST[39m [37m/session/4d849253-a396-4310-b3bf-a9d47baab7f4/timeouts[39m
[38;5;0m[HTTP][0m {"implicit":50}
[38;5;0m[HTTP][0m <-- POST /session/4d849253-a396-4310-b3bf-a9d47baab7f4/timeouts 200 0 ms - 14
[38;5;0m[HTTP][0m 
[38;5;0m[HTTP][0m [37m-->[39m [37mGET[39m [37m/session/4d849253-a396-4310-b3bf-a9d47baab7f4/window/rect[39m
[38;5;0m[HTTP][0m {}
[38;5;0m[HTTP][0m <-- GET /session/4d849253-a396-4310-b3bf-a9d47baab7f4/window/rect 200 8 ms - 50
[38;5;0m[HTTP][0m 
[38;5;0m[HTTP][0m [37m-->[39m [37mPOST[39m [37m/session/4d849253-a396-4310-b3bf-a9d47baab7f4/elements[39m
[38;5;0m[HTTP][0m {"using":"xpath","value":"//*[@class = 'android.widget.EditText' and (@text = 'Notes' or . = 'Notes') and @resource-id = 'com.rimhimstudios.register:id/notes']"}
[38;5;0m[HTTP][0m <-- POST /session/4d849253-a396-4310-b3bf-a9d47baab7f4/elements 200 447 ms - 139
[38;5;0m[HTTP][0m 
[38;5;0m[HTTP][0m [37m-->[39m [37mGET[39m [37m/session/4d849253-a396-4310-b3bf-a9d47baab7f4/element/00000000-0000-0055-ffff-ffff0000002c/location[39m
[38;5;0m[HTTP][0m {}
[38;5;32m[AndroidUiautomator2Driver@b35c (4d849253)][0m Driver proxy active, passing request on via HTTP proxy
[38;5;32m[AndroidUiautomator2Driver@b35c (4d849253)][0m Replacing sessionId 277c5cb2-8148-4ba9-a8bb-772a29272d0f with 4d849253-a396-4310-b3bf-a9d47baab7f4
[38;5;0m[HTTP][0m <-- GET /session/4d849253-a396-4310-b3bf-a9d47baab7f4/element/00000000-0000-0055-ffff-ffff0000002c/location 200 9 ms - 77
[38;5;0m[HTTP][0m 
[38;5;0m[HTTP][0m [37m-->[39m [37mPOST[39m [37m/session/4d849253-a396-4310-b3bf-a9d47baab7f4/timeouts[39m
[38;5;0m[HTTP][0m {"implicit":30000}
[38;5;0m[HTTP][0m <-- POST /session/4d849253-a396-4310-b3bf-a9d47baab7f4/timeouts 200 1 ms - 14
[38;5;0m[HTTP][0m 
[38;5;0m[HTTP][0m [37m-->[39m [37mPOST[39m [37m/session/4d849253-a396-4310-b3bf-a9d47baab7f4/element/00000000-0000-0055-ffff-ffff0000002c/clear[39m
[38;5;0m[HTTP][0m {"id":"00000000-0000-0055-ffff-ffff0000002c"}
[38;5;0m[HTTP][0m <-- POST /session/4d849253-a396-4310-b3bf-a9d47baab7f4/element/00000000-0000-0055-ffff-ffff0000002c/clear 200 8 ms - 14
[38;5;0m[HTTP][0m 
[38;5;0m[HTTP][0m [37m-->[39m [37mPOST[39m [37m/session/4d849253-a396-4310-b3bf-a9d47baab7f4/element/00000000-0000-0055-ffff-ffff0000002c/value[39m
[38;5;0m[HTTP][0m {"id":"00000000-0000-0055-ffff-ffff0000002c","text":"AUTOMATION","value":["A","U","T","O","M","A","T","I","O","N"]}
[38;5;0m[HTTP][0m <-- POST /session/4d849253-a396-4310-b3bf-a9d47baab7f4/element/00000000-0000-0055-ffff-ffff0000002c/value 200 1006 ms - 14
[38;5;0m[HTTP][0m 
[38;5;0m[HTTP][0m [37m-->[39m [37mPOST[39m [37m/session/4d849253-a396-4310-b3bf-a9d47baab7f4/timeouts[39m
[38;5;0m[HTTP][0m {"implicit":50}
[38;5;0m[HTTP][0m <-- POST /session/4d849253-a396-4310-b3bf-a9d47baab7f4/timeouts 200 0 ms - 14
[38;5;0m[HTTP][0m 
[38;5;0m[HTTP][0m [37m-->[39m [37mGET[39m [37m/session/4d849253-a396-4310-b3bf-a9d47baab7f4/window/rect[39m
[38;5;0m[HTTP][0m {}
[38;5;0m[HTTP][0m <-- GET /session/4d849253-a396-4310-b3bf-a9d47baab7f4/window/rect 200 3 ms - 50
[38;5;0m[HTTP][0m 
[38;5;0m[HTTP][0m [37m-->[39m [37mPOST[39m [37m/session/4d849253-a396-4310-b3bf-a9d47baab7f4/elements[39m
[38;5;0m[HTTP][0m {"using":"xpath","value":"//*[@class = 'android.widget.TextView' and @resource-id = 'com.rimhimstudios.register:id/action_save' and (@text = '' or . = '')]"}
[38;5;0m[HTTP][0m <-- POST /session/4d849253-a396-4310-b3bf-a9d47baab7f4/elements 200 469 ms - 139
[38;5;0m[HTTP][0m 
[38;5;0m[HTTP][0m [37m-->[39m [37mGET[39m [37m/session/4d849253-a396-4310-b3bf-a9d47baab7f4/element/00000000-0000-0055-ffff-ffff00000035/location[39m
[38;5;0m[HTTP][0m {}
[38;5;32m[AndroidUiautomator2Driver@b35c (4d849253)][0m Driver proxy active, passing request on via HTTP proxy
[38;5;32m[AndroidUiautomator2Driver@b35c (4d849253)][0m Replacing sessionId 277c5cb2-8148-4ba9-a8bb-772a29272d0f with 4d849253-a396-4310-b3bf-a9d47baab7f4
[38;5;0m[HTTP][0m <-- GET /session/4d849253-a396-4310-b3bf-a9d47baab7f4/element/00000000-0000-0055-ffff-ffff00000035/location 200 8 ms - 78
[38;5;0m[HTTP][0m 
[38;5;0m[HTTP][0m [37m-->[39m [37mPOST[39m [37m/session/4d849253-a396-4310-b3bf-a9d47baab7f4/timeouts[39m
[38;5;0m[HTTP][0m {"implicit":30000}
[38;5;0m[HTTP][0m <-- POST /session/4d849253-a396-4310-b3bf-a9d47baab7f4/timeouts 200 1 ms - 14
[38;5;0m[HTTP][0m 
[38;5;0m[HTTP][0m [37m-->[39m [37mPOST[39m [37m/session/4d849253-a396-4310-b3bf-a9d47baab7f4/element/00000000-0000-0055-ffff-ffff00000035/click[39m
[38;5;0m[HTTP][0m {"id":"00000000-0000-0055-ffff-ffff00000035"}
[38;5;0m[HTTP][0m <-- POST /session/4d849253-a396-4310-b3bf-a9d47baab7f4/element/00000000-0000-0055-ffff-ffff00000035/click 200 30 ms - 14
[38;5;0m[HTTP][0m 
[38;5;0m[HTTP][0m [37m-->[39m [37mGET[39m [37m/session/4d849253-a396-4310-b3bf-a9d47baab7f4/context[39m
[38;5;0m[HTTP][0m {}
[38;5;0m[HTTP][0m <-- GET /session/4d849253-a396-4310-b3bf-a9d47baab7f4/context 200 1 ms - 22
[38;5;0m[HTTP][0m 
[38;5;0m[HTTP][0m [37m-->[39m [37mGET[39m [37m/session/4d849253-a396-4310-b3bf-a9d47baab7f4/contexts[39m
[38;5;0m[HTTP][0m {}
[38;5;0m[HTTP][0m <-- GET /session/4d849253-a396-4310-b3bf-a9d47baab7f4/contexts 200 54 ms - 24
[38;5;0m[HTTP][0m 
[38;5;0m[HTTP][0m [37m-->[39m [37mPOST[39m [37m/session/4d849253-a396-4310-b3bf-a9d47baab7f4/context[39m
[38;5;0m[HTTP][0m {"name":"NATIVE_APP"}
[38;5;0m[HTTP][0m <-- POST /session/4d849253-a396-4310-b3bf-a9d47baab7f4/context 200 1 ms - 14
[38;5;0m[HTTP][0m 
[38;5;0m[HTTP][0m [37m-->[39m [37mGET[39m [37m/session/4d849253-a396-4310-b3bf-a9d47baab7f4/screenshot[39m
[38;5;0m[HTTP][0m {}
[38;5;0m[HTTP][0m <-- GET /session/4d849253-a396-4310-b3bf-a9d47baab7f4/screenshot 200 230 ms - 372992
[38;5;0m[HTTP][0m 
[38;5;0m[HTTP][0m [37m-->[39m [37mPOST[39m [37m/session/4d849253-a396-4310-b3bf-a9d47baab7f4/context[39m
[38;5;0m[HTTP][0m {"name":"NATIVE_APP"}
[38;5;0m[HTTP][0m <-- POST /session/4d849253-a396-4310-b3bf-a9d47baab7f4/context 200 1 ms - 14
[38;5;0m[HTTP][0m 
[38;5;0m[HTTP][0m [37m-->[39m [37mDELETE[39m [37m/session/4d849253-a396-4310-b3bf-a9d47baab7f4[39m
[38;5;0m[HTTP][0m {}
[38;5;16m[AppiumDriver@56a0][0m Removing session 4d849253-a396-4310-b3bf-a9d47baab7f4 from our master session list
[38;5;32m[AndroidUiautomator2Driver@b35c (4d849253)][0m Restoring hidden api policy to the device default configuration
[38;5;0m[HTTP][0m <-- DELETE /session/4d849253-a396-4310-b3bf-a9d47baab7f4 200 89 ms - 14
[38;5;0m[HTTP][0m 
