[35m[Appium][39m Welcome to Appium v2.0.1
[35m[Appium][39m Non-default server args:
[35m[Appium][39m { loglevel: [32m'info'[39m, port: [33m62216[39m }
[35m[Appium][39m Attempting to load driver xcuitest...
[Appium] Attempting to load driver uiautomator2...
[Appium] Appium REST http interface listener started on http://0.0.0.0:62216
[Appium] You can provide the following URLS in your client code to connect to this server:
[Appium] 	http://127.0.0.1:62216/ (only accessible from the same host)
[Appium] 	http://192.168.1.148:62216/
[Appium] Available drivers:
[Appium]   - xcuitest@5.8.2 (automationName 'XCUITest')
[Appium]   - uiautomator2@2.34.1 (automationName 'UiAutomator2')
[Appium] No plugins have been installed. Use the "appium plugin" command to install the one(s) you want to use.
[38;5;0m[HTTP][0m [37m-->[39m [37mGET[39m [37m/status[39m
[38;5;0m[HTTP][0m {}
[38;5;0m[HTTP][0m <-- GET /status 200 2 ms - 39
[38;5;0m[HTTP][0m 
[38;5;0m[HTTP][0m [37m-->[39m [37mPOST[39m [37m/session[39m
[38;5;0m[HTTP][0m {"desiredCapabilities":{"appium:systemPort":62214,"appium:newCommandTimeout":1800,"appium:platform":"ANDROID","appium:automationName":"uiautomator2","appium:fullReset":false,"appium:platformVersion":"12","appium:deviceId":"","appium:noReset":true,"appium:udid":"emulator-5554","appium:autoGrantPermissions":true,"appium:deviceName":"emulator-5554 (sdk_gphone64_arm64 - Android 12)","platformName":"Android","appium:app":"/Users/ddl02/Katalon Studio/Setup/androidapp/Register_2.0_Apkpure.apk"},"capabilities":{"firstMatch":[{"appium:app":"/Users/ddl02/Katalon Studio/Setup/androidapp/Register_2.0_Apkpure.apk","appium:autoGrantPermissions":true,"appium:automationName":"uiautomator2","appium:deviceId":"","appium:deviceName":"emulator-5554 (sdk_gphone64_arm64 - Android 12)","appium:fullReset":false,"appium:newCommandTimeout":1800,"appium:noReset":true,"appium:platform":"ANDROID","appium:platformVersion":"12","appium:systemPort":62214,"appium:udid":"emulator-5554","platformName":"android"}]}}
[Appium] Attempting to find matching driver for automationName 'uiautomator2' and platformName 'android'
[Appium] The 'uiautomator2' driver was installed and matched caps.
[Appium] Will require it at /Users/ddl02/.appium/node_modules/appium-uiautomator2-driver
[38;5;16m[AppiumDriver@ad5c][0m Appium v2.0.1 creating new AndroidUiautomator2Driver (v2.34.1) session
[38;5;16m[AppiumDriver@ad5c][0m Checking BaseDriver versions for Appium and AndroidUiautomator2Driver
[38;5;16m[AppiumDriver@ad5c][0m Appium's BaseDriver version is 9.4.2
[38;5;16m[AppiumDriver@ad5c][0m AndroidUiautomator2Driver's BaseDriver version is 9.4.1
[38;5;32m[AndroidUiautomator2Driver@bef3][0m The following provided capabilities were not recognized by this driver:
[38;5;32m[AndroidUiautomator2Driver@bef3][0m   deviceId
[38;5;32m[AndroidUiautomator2Driver@bef3][0m   platform
[38;5;32m[AndroidUiautomator2Driver@bef3 (264ba3ea)][0m Session created with session id: 264ba3ea-583c-4cef-ab6f-0cb76dc79c95
[38;5;48m[BaseDriver][0m Using local app '/Users/ddl02/Katalon Studio/Setup/androidapp/Register_2.0_Apkpure.apk'
[38;5;64m[ADB][0m Found 1 'build-tools' folders under '/Users/ddl02/.katalon/tools/android_sdk' (newest first):
[38;5;64m[ADB][0m     /Users/ddl02/.katalon/tools/android_sdk/build-tools/29.0.3
[38;5;64m[ADB][0m Using 'adb' from '/Users/ddl02/.katalon/tools/android_sdk/platform-tools/adb'
[38;5;80m[AndroidDriver][0m Retrieving device list
[38;5;80m[AndroidDriver][0m Using device: emulator-5554
[38;5;64m[ADB][0m Using 'adb' from '/Users/ddl02/.katalon/tools/android_sdk/platform-tools/adb'
[38;5;64m[ADB][0m Getting device platform version
[38;5;32m[AndroidUiautomator2Driver@bef3 (264ba3ea)][0m Relaxing hidden api policy
[38;5;64m[ADB][0m Package name: 'com.rimhimstudios.register'
[38;5;64m[ADB][0m Main activity name: 'com.rimhimstudios.register.MainActivity'
[38;5;64m[ADB][0m The application at '/Users/ddl02/.appium/node_modules/appium-uiautomator2-driver/node_modules/io.appium.settings/apks/settings_apk-debug.apk' will not be cached, because the device under test has confirmed the support of streamed installs
[38;5;64m[ADB][0m Cannot install/upgrade 'io.appium.settings' because of 'Error executing adbExec. Original error: 'Command '/Users/ddl02/.katalon/tools/android_sdk/platform-tools/adb -P 5037 -s emulator-5554 install -r -g /Users/ddl02/.appium/node_modules/appium-uiautomator2-driver/node_modules/io.appium.settings/apks/settings_apk-debug.apk' exited with code 1'; Command output: adb: failed to install /Users/ddl02/.appium/node_modules/appium-uiautomator2-driver/node_modules/io.appium.settings/apks/settings_apk-debug.apk: Failure [INSTALL_FAILED_UPDATE_INCOMPATIBLE: Package io.appium.settings signatures do not match previously installed version; ignoring!]
[38;5;64m[ADB][0m '. Trying full reinstall
[38;5;64m[ADB][0m io.appium.settings was successfully uninstalled
[38;5;64m[ADB][0m The application at '/Users/ddl02/.appium/node_modules/appium-uiautomator2-driver/node_modules/io.appium.settings/apks/settings_apk-debug.apk' will not be cached, because the device under test has confirmed the support of streamed installs
[38;5;64m[ADB][0m The installation of 'settings_apk-debug.apk' took 197ms
[38;5;64m[ADB][0m Using 'apksigner.jar' from '/Users/ddl02/.katalon/tools/android_sdk/build-tools/29.0.3/lib/apksigner.jar'
[38;5;64m[ADB][0m '/Users/ddl02/.appium/node_modules/appium-uiautomator2-driver/node_modules/appium-uiautomator2-server/apks/appium-uiautomator2-server-debug-androidTest.apk' is signed with the default certificate
[38;5;64m[ADB][0m '/Users/ddl02/.appium/node_modules/appium-uiautomator2-driver/node_modules/appium-uiautomator2-server/apks/appium-uiautomator2-server-v5.12.16.apk' is signed with the default certificate
[38;5;32m[AndroidUiautomator2Driver@bef3 (264ba3ea)][0m Server packages are going to be (re)installed
[38;5;64m[ADB][0m The application at '/Users/ddl02/.appium/node_modules/appium-uiautomator2-driver/node_modules/appium-uiautomator2-server/apks/appium-uiautomator2-server-v5.12.16.apk' will not be cached, because the device under test has confirmed the support of streamed installs
[38;5;64m[ADB][0m The application at '/Users/ddl02/.appium/node_modules/appium-uiautomator2-driver/node_modules/appium-uiautomator2-server/apks/appium-uiautomator2-server-debug-androidTest.apk' will not be cached, because the device under test has confirmed the support of streamed installs
[38;5;64m[ADB][0m The installation of 'appium-uiautomator2-server-debug-androidTest.apk' took 101ms
[38;5;64m[ADB][0m The installation of 'appium-uiautomator2-server-v5.12.16.apk' took 281ms
[38;5;64m[ADB][0m Adding packages ["io.appium.settings","io.appium.uiautomator2.server","io.appium.uiautomator2.server.test"] to Doze whitelist
[38;5;32m[AndroidUiautomator2Driver@bef3 (264ba3ea)][0m Starting UIAutomator2 server 5.12.16
[38;5;32m[AndroidUiautomator2Driver@bef3 (264ba3ea)][0m Using UIAutomator2 server from '/Users/ddl02/.appium/node_modules/appium-uiautomator2-driver/node_modules/appium-uiautomator2-server/apks/appium-uiautomator2-server-v5.12.16.apk' and test from '/Users/ddl02/.appium/node_modules/appium-uiautomator2-driver/node_modules/appium-uiautomator2-server/apks/appium-uiautomator2-server-debug-androidTest.apk'
[38;5;32m[AndroidUiautomator2Driver@bef3 (264ba3ea)][0m Waiting up to 30000ms for UiAutomator2 to be online...
[38;5;32m[AndroidUiautomator2Driver@bef3 (264ba3ea)][0m socket hang up
[38;5;32m[AndroidUiautomator2Driver@bef3 (264ba3ea)][0m socket hang up
[38;5;32m[AndroidUiautomator2Driver@bef3 (264ba3ea)][0m Determined the downstream protocol as 'W3C'
[38;5;80m[AndroidDriver][0m Screen already unlocked, doing nothing
[38;5;32m[AndroidUiautomator2Driver@bef3 (264ba3ea)][0m Starting 'com.rimhimstudios.register/com.rimhimstudios.register.MainActivity and waiting for 'com.rimhimstudios.register/com.rimhimstudios.register.MainActivity'
[38;5;32m[AndroidUiautomator2Driver@bef3 (264ba3ea)][0m 'com.rimhimstudios.register' is already running and noReset is enabled. Set forceAppLaunch capability to true if the app must be forcefully restarted on session startup.
[38;5;16m[AppiumDriver@ad5c][0m New AndroidUiautomator2Driver session created successfully, session 264ba3ea-583c-4cef-ab6f-0cb76dc79c95 added to master session list
[38;5;0m[HTTP][0m <-- POST /session 200 6277 ms - 1311
[38;5;0m[HTTP][0m 
[38;5;0m[HTTP][0m [37m-->[39m [37mGET[39m [37m/session/264ba3ea-583c-4cef-ab6f-0cb76dc79c95[39m
[38;5;0m[HTTP][0m {}
[38;5;0m[HTTP][0m <-- GET /session/264ba3ea-583c-4cef-ab6f-0cb76dc79c95 200 6 ms - 417
[38;5;0m[HTTP][0m 
[38;5;0m[HTTP][0m [37m-->[39m [37mGET[39m [37m/session/264ba3ea-583c-4cef-ab6f-0cb76dc79c95[39m
[38;5;0m[HTTP][0m {}
[38;5;0m[HTTP][0m <-- GET /session/264ba3ea-583c-4cef-ab6f-0cb76dc79c95 200 4 ms - 417
[38;5;0m[HTTP][0m 
[38;5;0m[HTTP][0m [37m-->[39m [37mGET[39m [37m/status[39m
[38;5;0m[HTTP][0m {}
[38;5;0m[HTTP][0m <-- GET /status 200 1 ms - 39
[38;5;0m[HTTP][0m 
[38;5;0m[HTTP][0m [37m-->[39m [37mPOST[39m [37m/session/264ba3ea-583c-4cef-ab6f-0cb76dc79c95/timeouts[39m
[38;5;0m[HTTP][0m {"implicit":30000}
[38;5;0m[HTTP][0m <-- POST /session/264ba3ea-583c-4cef-ab6f-0cb76dc79c95/timeouts 200 1 ms - 14
[38;5;0m[HTTP][0m 
[38;5;0m[HTTP][0m [37m-->[39m [37mGET[39m [37m/session/264ba3ea-583c-4cef-ab6f-0cb76dc79c95/screenshot[39m
[38;5;0m[HTTP][0m {}
[38;5;0m[HTTP][0m <-- GET /session/264ba3ea-583c-4cef-ab6f-0cb76dc79c95/screenshot 200 218 ms - 89812
[38;5;0m[HTTP][0m 
[38;5;0m[HTTP][0m [37m-->[39m [37mGET[39m [37m/session/264ba3ea-583c-4cef-ab6f-0cb76dc79c95/window/rect[39m
[38;5;0m[HTTP][0m {}
[38;5;0m[HTTP][0m <-- GET /session/264ba3ea-583c-4cef-ab6f-0cb76dc79c95/window/rect 200 11 ms - 50
[38;5;0m[HTTP][0m 
[38;5;0m[HTTP][0m [37m-->[39m [37mGET[39m [37m/session/264ba3ea-583c-4cef-ab6f-0cb76dc79c95/appium/device/system_bars[39m
[38;5;0m[HTTP][0m {}
[38;5;0m[HTTP][0m <-- GET /session/264ba3ea-583c-4cef-ab6f-0cb76dc79c95/appium/device/system_bars 200 37 ms - 151
[38;5;0m[HTTP][0m 
[38;5;0m[HTTP][0m [37m-->[39m [37mPOST[39m [37m/session/264ba3ea-583c-4cef-ab6f-0cb76dc79c95/timeouts[39m
[38;5;0m[HTTP][0m {"implicit":50}
[38;5;0m[HTTP][0m <-- POST /session/264ba3ea-583c-4cef-ab6f-0cb76dc79c95/timeouts 200 1 ms - 14
[38;5;0m[HTTP][0m 
[38;5;0m[HTTP][0m [37m-->[39m [37mGET[39m [37m/session/264ba3ea-583c-4cef-ab6f-0cb76dc79c95/window/rect[39m
[38;5;0m[HTTP][0m {}
[38;5;0m[HTTP][0m <-- GET /session/264ba3ea-583c-4cef-ab6f-0cb76dc79c95/window/rect 200 19 ms - 50
[38;5;0m[HTTP][0m 
[38;5;0m[HTTP][0m [37m-->[39m [37mPOST[39m [37m/session/264ba3ea-583c-4cef-ab6f-0cb76dc79c95/elements[39m
[38;5;0m[HTTP][0m {"using":"xpath","value":"//*[@class = 'android.widget.TextView' and @resource-id = 'com.rimhimstudios.register:id/action_add' and (@text = '' or . = '')]"}
[38;5;0m[HTTP][0m <-- POST /session/264ba3ea-583c-4cef-ab6f-0cb76dc79c95/elements 200 142 ms - 139
[38;5;0m[HTTP][0m 
[38;5;0m[HTTP][0m [37m-->[39m [37mGET[39m [37m/session/264ba3ea-583c-4cef-ab6f-0cb76dc79c95/element/00000000-0000-0043-ffff-ffff00000016/location[39m
[38;5;0m[HTTP][0m {}
[38;5;32m[AndroidUiautomator2Driver@bef3 (264ba3ea)][0m Driver proxy active, passing request on via HTTP proxy
[38;5;32m[AndroidUiautomator2Driver@bef3 (264ba3ea)][0m Replacing sessionId 65108d9d-fab2-4806-9da8-0fc636d71618 with 264ba3ea-583c-4cef-ab6f-0cb76dc79c95
[38;5;0m[HTTP][0m <-- GET /session/264ba3ea-583c-4cef-ab6f-0cb76dc79c95/element/00000000-0000-0043-ffff-ffff00000016/location 200 7 ms - 78
[38;5;0m[HTTP][0m 
[38;5;0m[HTTP][0m [37m-->[39m [37mPOST[39m [37m/session/264ba3ea-583c-4cef-ab6f-0cb76dc79c95/timeouts[39m
[38;5;0m[HTTP][0m {"implicit":30000}
[38;5;0m[HTTP][0m <-- POST /session/264ba3ea-583c-4cef-ab6f-0cb76dc79c95/timeouts 200 1 ms - 14
[38;5;0m[HTTP][0m 
[38;5;0m[HTTP][0m [37m-->[39m [37mPOST[39m [37m/session/264ba3ea-583c-4cef-ab6f-0cb76dc79c95/element/00000000-0000-0043-ffff-ffff00000016/click[39m
[38;5;0m[HTTP][0m {"id":"00000000-0000-0043-ffff-ffff00000016"}
[38;5;0m[HTTP][0m <-- POST /session/264ba3ea-583c-4cef-ab6f-0cb76dc79c95/element/00000000-0000-0043-ffff-ffff00000016/click 200 41 ms - 14
[38;5;0m[HTTP][0m 
[38;5;0m[HTTP][0m [37m-->[39m [37mPOST[39m [37m/session/264ba3ea-583c-4cef-ab6f-0cb76dc79c95/timeouts[39m
[38;5;0m[HTTP][0m {"implicit":50}
[38;5;0m[HTTP][0m <-- POST /session/264ba3ea-583c-4cef-ab6f-0cb76dc79c95/timeouts 200 1 ms - 14
[38;5;0m[HTTP][0m 
[38;5;0m[HTTP][0m [37m-->[39m [37mGET[39m [37m/session/264ba3ea-583c-4cef-ab6f-0cb76dc79c95/window/rect[39m
[38;5;0m[HTTP][0m {}
[38;5;0m[HTTP][0m <-- GET /session/264ba3ea-583c-4cef-ab6f-0cb76dc79c95/window/rect 200 14 ms - 50
[38;5;0m[HTTP][0m 
[38;5;0m[HTTP][0m [37m-->[39m [37mPOST[39m [37m/session/264ba3ea-583c-4cef-ab6f-0cb76dc79c95/elements[39m
[38;5;0m[HTTP][0m {"using":"xpath","value":"//*[@class = 'android.widget.EditText' and (@text = 'Name' or . = 'Name') and @resource-id = 'com.rimhimstudios.register:id/name']"}
[38;5;0m[HTTP][0m <-- POST /session/264ba3ea-583c-4cef-ab6f-0cb76dc79c95/elements 200 560 ms - 139
[38;5;0m[HTTP][0m 
[38;5;0m[HTTP][0m [37m-->[39m [37mGET[39m [37m/session/264ba3ea-583c-4cef-ab6f-0cb76dc79c95/element/00000000-0000-0049-ffff-ffff00000048/location[39m
[38;5;0m[HTTP][0m {}
[38;5;32m[AndroidUiautomator2Driver@bef3 (264ba3ea)][0m Driver proxy active, passing request on via HTTP proxy
[38;5;32m[AndroidUiautomator2Driver@bef3 (264ba3ea)][0m Replacing sessionId 65108d9d-fab2-4806-9da8-0fc636d71618 with 264ba3ea-583c-4cef-ab6f-0cb76dc79c95
[38;5;0m[HTTP][0m <-- GET /session/264ba3ea-583c-4cef-ab6f-0cb76dc79c95/element/00000000-0000-0049-ffff-ffff00000048/location 200 7 ms - 76
[38;5;0m[HTTP][0m 
[38;5;0m[HTTP][0m [37m-->[39m [37mPOST[39m [37m/session/264ba3ea-583c-4cef-ab6f-0cb76dc79c95/timeouts[39m
[38;5;0m[HTTP][0m {"implicit":30000}
[38;5;0m[HTTP][0m <-- POST /session/264ba3ea-583c-4cef-ab6f-0cb76dc79c95/timeouts 200 1 ms - 14
[38;5;0m[HTTP][0m 
[38;5;0m[HTTP][0m [37m-->[39m [37mPOST[39m [37m/session/264ba3ea-583c-4cef-ab6f-0cb76dc79c95/element/00000000-0000-0049-ffff-ffff00000048/clear[39m
[38;5;0m[HTTP][0m {"id":"00000000-0000-0049-ffff-ffff00000048"}
[38;5;0m[HTTP][0m <-- POST /session/264ba3ea-583c-4cef-ab6f-0cb76dc79c95/element/00000000-0000-0049-ffff-ffff00000048/clear 200 12 ms - 14
[38;5;0m[HTTP][0m 
[38;5;0m[HTTP][0m [37m-->[39m [37mPOST[39m [37m/session/264ba3ea-583c-4cef-ab6f-0cb76dc79c95/element/00000000-0000-0049-ffff-ffff00000048/value[39m
[38;5;0m[HTTP][0m {"id":"00000000-0000-0049-ffff-ffff00000048","text":"DDL AUTOMATION","value":["D","D","L"," ","A","U","T","O","M","A","T","I","O","N"]}
[38;5;0m[HTTP][0m <-- POST /session/264ba3ea-583c-4cef-ab6f-0cb76dc79c95/element/00000000-0000-0049-ffff-ffff00000048/value 200 561 ms - 14
[38;5;0m[HTTP][0m 
[38;5;0m[HTTP][0m [37m-->[39m [37mPOST[39m [37m/session/264ba3ea-583c-4cef-ab6f-0cb76dc79c95/timeouts[39m
[38;5;0m[HTTP][0m {"implicit":50}
[38;5;0m[HTTP][0m <-- POST /session/264ba3ea-583c-4cef-ab6f-0cb76dc79c95/timeouts 200 1 ms - 14
[38;5;0m[HTTP][0m 
[38;5;0m[HTTP][0m [37m-->[39m [37mGET[39m [37m/session/264ba3ea-583c-4cef-ab6f-0cb76dc79c95/window/rect[39m
[38;5;0m[HTTP][0m {}
[38;5;0m[HTTP][0m <-- GET /session/264ba3ea-583c-4cef-ab6f-0cb76dc79c95/window/rect 200 5 ms - 50
[38;5;0m[HTTP][0m 
[38;5;0m[HTTP][0m [37m-->[39m [37mPOST[39m [37m/session/264ba3ea-583c-4cef-ab6f-0cb76dc79c95/elements[39m
[38;5;0m[HTTP][0m {"using":"xpath","value":"//*[@class = 'android.widget.EditText' and (@text = 'Phone' or . = 'Phone') and @resource-id = 'com.rimhimstudios.register:id/phone']"}
[38;5;0m[HTTP][0m <-- POST /session/264ba3ea-583c-4cef-ab6f-0cb76dc79c95/elements 200 452 ms - 139
[38;5;0m[HTTP][0m 
[38;5;0m[HTTP][0m [37m-->[39m [37mGET[39m [37m/session/264ba3ea-583c-4cef-ab6f-0cb76dc79c95/element/00000000-0000-0049-ffff-ffff0000004b/location[39m
[38;5;0m[HTTP][0m {}
[38;5;32m[AndroidUiautomator2Driver@bef3 (264ba3ea)][0m Driver proxy active, passing request on via HTTP proxy
[38;5;32m[AndroidUiautomator2Driver@bef3 (264ba3ea)][0m Replacing sessionId 65108d9d-fab2-4806-9da8-0fc636d71618 with 264ba3ea-583c-4cef-ab6f-0cb76dc79c95
[38;5;0m[HTTP][0m <-- GET /session/264ba3ea-583c-4cef-ab6f-0cb76dc79c95/element/00000000-0000-0049-ffff-ffff0000004b/location 200 8 ms - 76
[38;5;0m[HTTP][0m 
[38;5;0m[HTTP][0m [37m-->[39m [37mPOST[39m [37m/session/264ba3ea-583c-4cef-ab6f-0cb76dc79c95/timeouts[39m
[38;5;0m[HTTP][0m {"implicit":30000}
[38;5;0m[HTTP][0m <-- POST /session/264ba3ea-583c-4cef-ab6f-0cb76dc79c95/timeouts 200 0 ms - 14
[38;5;0m[HTTP][0m 
[38;5;0m[HTTP][0m [37m-->[39m [37mPOST[39m [37m/session/264ba3ea-583c-4cef-ab6f-0cb76dc79c95/element/00000000-0000-0049-ffff-ffff0000004b/clear[39m
[38;5;0m[HTTP][0m {"id":"00000000-0000-0049-ffff-ffff0000004b"}
[38;5;0m[HTTP][0m <-- POST /session/264ba3ea-583c-4cef-ab6f-0cb76dc79c95/element/00000000-0000-0049-ffff-ffff0000004b/clear 200 8 ms - 14
[38;5;0m[HTTP][0m 
[38;5;0m[HTTP][0m [37m-->[39m [37mPOST[39m [37m/session/264ba3ea-583c-4cef-ab6f-0cb76dc79c95/element/00000000-0000-0049-ffff-ffff0000004b/value[39m
[38;5;0m[HTTP][0m {"id":"00000000-0000-0049-ffff-ffff0000004b","text":"0857623527283","value":["0","8","5","7","6","2","3","5","2","7","2","8","3"]}
[38;5;0m[HTTP][0m <-- POST /session/264ba3ea-583c-4cef-ab6f-0cb76dc79c95/element/00000000-0000-0049-ffff-ffff0000004b/value 200 1010 ms - 14
[38;5;0m[HTTP][0m 
[38;5;0m[HTTP][0m [37m-->[39m [37mPOST[39m [37m/session/264ba3ea-583c-4cef-ab6f-0cb76dc79c95/timeouts[39m
[38;5;0m[HTTP][0m {"implicit":50}
[38;5;0m[HTTP][0m <-- POST /session/264ba3ea-583c-4cef-ab6f-0cb76dc79c95/timeouts 200 1 ms - 14
[38;5;0m[HTTP][0m 
[38;5;0m[HTTP][0m [37m-->[39m [37mGET[39m [37m/session/264ba3ea-583c-4cef-ab6f-0cb76dc79c95/window/rect[39m
[38;5;0m[HTTP][0m {}
[38;5;0m[HTTP][0m <-- GET /session/264ba3ea-583c-4cef-ab6f-0cb76dc79c95/window/rect 200 4 ms - 50
[38;5;0m[HTTP][0m 
[38;5;0m[HTTP][0m [37m-->[39m [37mPOST[39m [37m/session/264ba3ea-583c-4cef-ab6f-0cb76dc79c95/elements[39m
[38;5;0m[HTTP][0m {"using":"xpath","value":"//*[@class = 'android.widget.EditText' and (@text = 'Alternate phones (one per line)' or . = 'Alternate phones (one per line)') and @resource-id = 'com.rimhimstudios.register:id/extraPhones']"}
[38;5;0m[HTTP][0m <-- POST /session/264ba3ea-583c-4cef-ab6f-0cb76dc79c95/elements 200 888 ms - 139
[38;5;0m[HTTP][0m 
[38;5;0m[HTTP][0m [37m-->[39m [37mGET[39m [37m/session/264ba3ea-583c-4cef-ab6f-0cb76dc79c95/element/00000000-0000-0049-ffff-ffff0000004f/location[39m
[38;5;0m[HTTP][0m {}
[38;5;32m[AndroidUiautomator2Driver@bef3 (264ba3ea)][0m Driver proxy active, passing request on via HTTP proxy
[38;5;32m[AndroidUiautomator2Driver@bef3 (264ba3ea)][0m Replacing sessionId 65108d9d-fab2-4806-9da8-0fc636d71618 with 264ba3ea-583c-4cef-ab6f-0cb76dc79c95
[38;5;0m[HTTP][0m <-- GET /session/264ba3ea-583c-4cef-ab6f-0cb76dc79c95/element/00000000-0000-0049-ffff-ffff0000004f/location 200 8 ms - 76
[38;5;0m[HTTP][0m 
[38;5;0m[HTTP][0m [37m-->[39m [37mPOST[39m [37m/session/264ba3ea-583c-4cef-ab6f-0cb76dc79c95/timeouts[39m
[38;5;0m[HTTP][0m {"implicit":30000}
[38;5;0m[HTTP][0m <-- POST /session/264ba3ea-583c-4cef-ab6f-0cb76dc79c95/timeouts 200 2 ms - 14
[38;5;0m[HTTP][0m 
[38;5;0m[HTTP][0m [37m-->[39m [37mPOST[39m [37m/session/264ba3ea-583c-4cef-ab6f-0cb76dc79c95/element/00000000-0000-0049-ffff-ffff0000004f/clear[39m
[38;5;0m[HTTP][0m {"id":"00000000-0000-0049-ffff-ffff0000004f"}
[38;5;0m[HTTP][0m <-- POST /session/264ba3ea-583c-4cef-ab6f-0cb76dc79c95/element/00000000-0000-0049-ffff-ffff0000004f/clear 200 7 ms - 14
[38;5;0m[HTTP][0m 
[38;5;0m[HTTP][0m [37m-->[39m [37mPOST[39m [37m/session/264ba3ea-583c-4cef-ab6f-0cb76dc79c95/element/00000000-0000-0049-ffff-ffff0000004f/value[39m
[38;5;0m[HTTP][0m {"id":"00000000-0000-0049-ffff-ffff0000004f","text":"0813623527283","value":["0","8","1","3","6","2","3","5","2","7","2","8","3"]}
[38;5;0m[HTTP][0m <-- POST /session/264ba3ea-583c-4cef-ab6f-0cb76dc79c95/element/00000000-0000-0049-ffff-ffff0000004f/value 200 516 ms - 14
[38;5;0m[HTTP][0m 
[38;5;0m[HTTP][0m [37m-->[39m [37mPOST[39m [37m/session/264ba3ea-583c-4cef-ab6f-0cb76dc79c95/timeouts[39m
[38;5;0m[HTTP][0m {"implicit":50}
[38;5;0m[HTTP][0m <-- POST /session/264ba3ea-583c-4cef-ab6f-0cb76dc79c95/timeouts 200 1 ms - 14
[38;5;0m[HTTP][0m 
[38;5;0m[HTTP][0m [37m-->[39m [37mGET[39m [37m/session/264ba3ea-583c-4cef-ab6f-0cb76dc79c95/window/rect[39m
[38;5;0m[HTTP][0m {}
[38;5;0m[HTTP][0m <-- GET /session/264ba3ea-583c-4cef-ab6f-0cb76dc79c95/window/rect 200 5 ms - 50
[38;5;0m[HTTP][0m 
[38;5;0m[HTTP][0m [37m-->[39m [37mPOST[39m [37m/session/264ba3ea-583c-4cef-ab6f-0cb76dc79c95/elements[39m
[38;5;0m[HTTP][0m {"using":"xpath","value":"//*[@class = 'android.widget.EditText' and (@text = 'Email' or . = 'Email') and @resource-id = 'com.rimhimstudios.register:id/email']"}
[38;5;0m[HTTP][0m <-- POST /session/264ba3ea-583c-4cef-ab6f-0cb76dc79c95/elements 200 452 ms - 139
[38;5;0m[HTTP][0m 
[38;5;0m[HTTP][0m [37m-->[39m [37mGET[39m [37m/session/264ba3ea-583c-4cef-ab6f-0cb76dc79c95/element/00000000-0000-0049-ffff-ffff00000054/location[39m
[38;5;0m[HTTP][0m {}
[38;5;32m[AndroidUiautomator2Driver@bef3 (264ba3ea)][0m Driver proxy active, passing request on via HTTP proxy
[38;5;32m[AndroidUiautomator2Driver@bef3 (264ba3ea)][0m Replacing sessionId 65108d9d-fab2-4806-9da8-0fc636d71618 with 264ba3ea-583c-4cef-ab6f-0cb76dc79c95
[38;5;0m[HTTP][0m <-- GET /session/264ba3ea-583c-4cef-ab6f-0cb76dc79c95/element/00000000-0000-0049-ffff-ffff00000054/location 200 10 ms - 76
[38;5;0m[HTTP][0m 
[38;5;0m[HTTP][0m [37m-->[39m [37mPOST[39m [37m/session/264ba3ea-583c-4cef-ab6f-0cb76dc79c95/timeouts[39m
[38;5;0m[HTTP][0m {"implicit":30000}
[38;5;0m[HTTP][0m <-- POST /session/264ba3ea-583c-4cef-ab6f-0cb76dc79c95/timeouts 200 0 ms - 14
[38;5;0m[HTTP][0m 
[38;5;0m[HTTP][0m [37m-->[39m [37mPOST[39m [37m/session/264ba3ea-583c-4cef-ab6f-0cb76dc79c95/element/00000000-0000-0049-ffff-ffff00000054/clear[39m
[38;5;0m[HTTP][0m {"id":"00000000-0000-0049-ffff-ffff00000054"}
[38;5;0m[HTTP][0m <-- POST /session/264ba3ea-583c-4cef-ab6f-0cb76dc79c95/element/00000000-0000-0049-ffff-ffff00000054/clear 200 7 ms - 14
[38;5;0m[HTTP][0m 
[38;5;0m[HTTP][0m [37m-->[39m [37mPOST[39m [37m/session/264ba3ea-583c-4cef-ab6f-0cb76dc79c95/element/00000000-0000-0049-ffff-ffff00000054/value[39m
[38;5;0m[HTTP][0m {"id":"00000000-0000-0049-ffff-ffff00000054","text":"AUTOMATION@DDL.COM","value":["A","U","T","O","M","A","T","I","O","N","@","D","D","L",".","C","O","M"]}
[38;5;0m[HTTP][0m <-- POST /session/264ba3ea-583c-4cef-ab6f-0cb76dc79c95/element/00000000-0000-0049-ffff-ffff00000054/value 200 1002 ms - 14
[38;5;0m[HTTP][0m 
[38;5;0m[HTTP][0m [37m-->[39m [37mPOST[39m [37m/session/264ba3ea-583c-4cef-ab6f-0cb76dc79c95/timeouts[39m
[38;5;0m[HTTP][0m {"implicit":50}
[38;5;0m[HTTP][0m <-- POST /session/264ba3ea-583c-4cef-ab6f-0cb76dc79c95/timeouts 200 1 ms - 14
[38;5;0m[HTTP][0m 
[38;5;0m[HTTP][0m [37m-->[39m [37mGET[39m [37m/session/264ba3ea-583c-4cef-ab6f-0cb76dc79c95/window/rect[39m
[38;5;0m[HTTP][0m {}
[38;5;0m[HTTP][0m <-- GET /session/264ba3ea-583c-4cef-ab6f-0cb76dc79c95/window/rect 200 5 ms - 50
[38;5;0m[HTTP][0m 
[38;5;0m[HTTP][0m [37m-->[39m [37mPOST[39m [37m/session/264ba3ea-583c-4cef-ab6f-0cb76dc79c95/elements[39m
[38;5;0m[HTTP][0m {"using":"xpath","value":"//*[@class = 'android.widget.EditText' and (@text = 'Alternate emails (one per line)' or . = 'Alternate emails (one per line)') and @resource-id = 'com.rimhimstudios.register:id/extraEmails']"}
[38;5;0m[HTTP][0m <-- POST /session/264ba3ea-583c-4cef-ab6f-0cb76dc79c95/elements 200 458 ms - 139
[38;5;0m[HTTP][0m 
[38;5;0m[HTTP][0m [37m-->[39m [37mGET[39m [37m/session/264ba3ea-583c-4cef-ab6f-0cb76dc79c95/element/00000000-0000-0049-ffff-ffff00000057/location[39m
[38;5;0m[HTTP][0m {}
[38;5;32m[AndroidUiautomator2Driver@bef3 (264ba3ea)][0m Driver proxy active, passing request on via HTTP proxy
[38;5;32m[AndroidUiautomator2Driver@bef3 (264ba3ea)][0m Replacing sessionId 65108d9d-fab2-4806-9da8-0fc636d71618 with 264ba3ea-583c-4cef-ab6f-0cb76dc79c95
[38;5;0m[HTTP][0m <-- GET /session/264ba3ea-583c-4cef-ab6f-0cb76dc79c95/element/00000000-0000-0049-ffff-ffff00000057/location 200 7 ms - 77
[38;5;0m[HTTP][0m 
[38;5;0m[HTTP][0m [37m-->[39m [37mPOST[39m [37m/session/264ba3ea-583c-4cef-ab6f-0cb76dc79c95/timeouts[39m
[38;5;0m[HTTP][0m {"implicit":30000}
[38;5;0m[HTTP][0m <-- POST /session/264ba3ea-583c-4cef-ab6f-0cb76dc79c95/timeouts 200 1 ms - 14
[38;5;0m[HTTP][0m 
[38;5;0m[HTTP][0m [37m-->[39m [37mPOST[39m [37m/session/264ba3ea-583c-4cef-ab6f-0cb76dc79c95/element/00000000-0000-0049-ffff-ffff00000057/clear[39m
[38;5;0m[HTTP][0m {"id":"00000000-0000-0049-ffff-ffff00000057"}
[38;5;0m[HTTP][0m <-- POST /session/264ba3ea-583c-4cef-ab6f-0cb76dc79c95/element/00000000-0000-0049-ffff-ffff00000057/clear 200 8 ms - 14
[38;5;0m[HTTP][0m 
[38;5;0m[HTTP][0m [37m-->[39m [37mPOST[39m [37m/session/264ba3ea-583c-4cef-ab6f-0cb76dc79c95/element/00000000-0000-0049-ffff-ffff00000057/value[39m
[38;5;0m[HTTP][0m {"id":"00000000-0000-0049-ffff-ffff00000057","text":"ROBOT@DDL.COM","value":["R","O","B","O","T","@","D","D","L",".","C","O","M"]}
[38;5;0m[HTTP][0m <-- POST /session/264ba3ea-583c-4cef-ab6f-0cb76dc79c95/element/00000000-0000-0049-ffff-ffff00000057/value 200 1004 ms - 14
[38;5;0m[HTTP][0m 
[38;5;0m[HTTP][0m [37m-->[39m [37mPOST[39m [37m/session/264ba3ea-583c-4cef-ab6f-0cb76dc79c95/timeouts[39m
[38;5;0m[HTTP][0m {"implicit":50}
[38;5;0m[HTTP][0m <-- POST /session/264ba3ea-583c-4cef-ab6f-0cb76dc79c95/timeouts 200 1 ms - 14
[38;5;0m[HTTP][0m 
[38;5;0m[HTTP][0m [37m-->[39m [37mGET[39m [37m/session/264ba3ea-583c-4cef-ab6f-0cb76dc79c95/window/rect[39m
[38;5;0m[HTTP][0m {}
[38;5;0m[HTTP][0m <-- GET /session/264ba3ea-583c-4cef-ab6f-0cb76dc79c95/window/rect 200 4 ms - 50
[38;5;0m[HTTP][0m 
[38;5;0m[HTTP][0m [37m-->[39m [37mPOST[39m [37m/session/264ba3ea-583c-4cef-ab6f-0cb76dc79c95/elements[39m
[38;5;0m[HTTP][0m {"using":"xpath","value":"//*[@class = 'android.widget.EditText' and (@text = '(Leave blank if no allergies)' or . = '(Leave blank if no allergies)') and @resource-id = 'com.rimhimstudios.register:id/allergies']"}
[38;5;0m[HTTP][0m <-- POST /session/264ba3ea-583c-4cef-ab6f-0cb76dc79c95/elements 200 408 ms - 139
[38;5;0m[HTTP][0m 
[38;5;0m[HTTP][0m [37m-->[39m [37mGET[39m [37m/session/264ba3ea-583c-4cef-ab6f-0cb76dc79c95/element/00000000-0000-0049-ffff-ffff0000005a/location[39m
[38;5;0m[HTTP][0m {}
[38;5;32m[AndroidUiautomator2Driver@bef3 (264ba3ea)][0m Driver proxy active, passing request on via HTTP proxy
[38;5;32m[AndroidUiautomator2Driver@bef3 (264ba3ea)][0m Replacing sessionId 65108d9d-fab2-4806-9da8-0fc636d71618 with 264ba3ea-583c-4cef-ab6f-0cb76dc79c95
[38;5;0m[HTTP][0m <-- GET /session/264ba3ea-583c-4cef-ab6f-0cb76dc79c95/element/00000000-0000-0049-ffff-ffff0000005a/location 200 13 ms - 77
[38;5;0m[HTTP][0m 
[38;5;0m[HTTP][0m [37m-->[39m [37mPOST[39m [37m/session/264ba3ea-583c-4cef-ab6f-0cb76dc79c95/timeouts[39m
[38;5;0m[HTTP][0m {"implicit":30000}
[38;5;0m[HTTP][0m <-- POST /session/264ba3ea-583c-4cef-ab6f-0cb76dc79c95/timeouts 200 1 ms - 14
[38;5;0m[HTTP][0m 
[38;5;0m[HTTP][0m [37m-->[39m [37mPOST[39m [37m/session/264ba3ea-583c-4cef-ab6f-0cb76dc79c95/element/00000000-0000-0049-ffff-ffff0000005a/clear[39m
[38;5;0m[HTTP][0m {"id":"00000000-0000-0049-ffff-ffff0000005a"}
[38;5;0m[HTTP][0m <-- POST /session/264ba3ea-583c-4cef-ab6f-0cb76dc79c95/element/00000000-0000-0049-ffff-ffff0000005a/clear 200 7 ms - 14
[38;5;0m[HTTP][0m 
[38;5;0m[HTTP][0m [37m-->[39m [37mPOST[39m [37m/session/264ba3ea-583c-4cef-ab6f-0cb76dc79c95/element/00000000-0000-0049-ffff-ffff0000005a/value[39m
[38;5;0m[HTTP][0m {"id":"00000000-0000-0049-ffff-ffff0000005a","text":"TEST AUTOMATION","value":["T","E","S","T"," ","A","U","T","O","M","A","T","I","O","N"]}
[38;5;0m[HTTP][0m <-- POST /session/264ba3ea-583c-4cef-ab6f-0cb76dc79c95/element/00000000-0000-0049-ffff-ffff0000005a/value 200 1026 ms - 14
[38;5;0m[HTTP][0m 
[38;5;0m[HTTP][0m [37m-->[39m [37mPOST[39m [37m/session/264ba3ea-583c-4cef-ab6f-0cb76dc79c95/timeouts[39m
[38;5;0m[HTTP][0m {"implicit":50}
[38;5;0m[HTTP][0m <-- POST /session/264ba3ea-583c-4cef-ab6f-0cb76dc79c95/timeouts 200 0 ms - 14
[38;5;0m[HTTP][0m 
[38;5;0m[HTTP][0m [37m-->[39m [37mGET[39m [37m/session/264ba3ea-583c-4cef-ab6f-0cb76dc79c95/window/rect[39m
[38;5;0m[HTTP][0m {}
[38;5;0m[HTTP][0m <-- GET /session/264ba3ea-583c-4cef-ab6f-0cb76dc79c95/window/rect 200 4 ms - 50
[38;5;0m[HTTP][0m 
[38;5;0m[HTTP][0m [37m-->[39m [37mPOST[39m [37m/session/264ba3ea-583c-4cef-ab6f-0cb76dc79c95/elements[39m
[38;5;0m[HTTP][0m {"using":"xpath","value":"//*[@class = 'android.widget.EditText' and (@text = 'Notes' or . = 'Notes') and @resource-id = 'com.rimhimstudios.register:id/notes']"}
[38;5;0m[HTTP][0m <-- POST /session/264ba3ea-583c-4cef-ab6f-0cb76dc79c95/elements 200 713 ms - 139
[38;5;0m[HTTP][0m 
[38;5;0m[HTTP][0m [37m-->[39m [37mGET[39m [37m/session/264ba3ea-583c-4cef-ab6f-0cb76dc79c95/element/00000000-0000-0049-ffff-ffff0000005c/location[39m
[38;5;0m[HTTP][0m {}
[38;5;32m[AndroidUiautomator2Driver@bef3 (264ba3ea)][0m Driver proxy active, passing request on via HTTP proxy
[38;5;32m[AndroidUiautomator2Driver@bef3 (264ba3ea)][0m Replacing sessionId 65108d9d-fab2-4806-9da8-0fc636d71618 with 264ba3ea-583c-4cef-ab6f-0cb76dc79c95
[38;5;0m[HTTP][0m <-- GET /session/264ba3ea-583c-4cef-ab6f-0cb76dc79c95/element/00000000-0000-0049-ffff-ffff0000005c/location 200 6 ms - 77
[38;5;0m[HTTP][0m 
[38;5;0m[HTTP][0m [37m-->[39m [37mPOST[39m [37m/session/264ba3ea-583c-4cef-ab6f-0cb76dc79c95/timeouts[39m
[38;5;0m[HTTP][0m {"implicit":30000}
[38;5;0m[HTTP][0m <-- POST /session/264ba3ea-583c-4cef-ab6f-0cb76dc79c95/timeouts 200 1 ms - 14
[38;5;0m[HTTP][0m 
[38;5;0m[HTTP][0m [37m-->[39m [37mPOST[39m [37m/session/264ba3ea-583c-4cef-ab6f-0cb76dc79c95/element/00000000-0000-0049-ffff-ffff0000005c/clear[39m
[38;5;0m[HTTP][0m {"id":"00000000-0000-0049-ffff-ffff0000005c"}
[38;5;0m[HTTP][0m <-- POST /session/264ba3ea-583c-4cef-ab6f-0cb76dc79c95/element/00000000-0000-0049-ffff-ffff0000005c/clear 200 6 ms - 14
[38;5;0m[HTTP][0m 
[38;5;0m[HTTP][0m [37m-->[39m [37mPOST[39m [37m/session/264ba3ea-583c-4cef-ab6f-0cb76dc79c95/element/00000000-0000-0049-ffff-ffff0000005c/value[39m
[38;5;0m[HTTP][0m {"id":"00000000-0000-0049-ffff-ffff0000005c","text":"AUTOMATION","value":["A","U","T","O","M","A","T","I","O","N"]}
[38;5;0m[HTTP][0m <-- POST /session/264ba3ea-583c-4cef-ab6f-0cb76dc79c95/element/00000000-0000-0049-ffff-ffff0000005c/value 200 517 ms - 14
[38;5;0m[HTTP][0m 
[38;5;0m[HTTP][0m [37m-->[39m [37mPOST[39m [37m/session/264ba3ea-583c-4cef-ab6f-0cb76dc79c95/timeouts[39m
[38;5;0m[HTTP][0m {"implicit":50}
[38;5;0m[HTTP][0m <-- POST /session/264ba3ea-583c-4cef-ab6f-0cb76dc79c95/timeouts 200 0 ms - 14
[38;5;0m[HTTP][0m 
[38;5;0m[HTTP][0m [37m-->[39m [37mGET[39m [37m/session/264ba3ea-583c-4cef-ab6f-0cb76dc79c95/window/rect[39m
[38;5;0m[HTTP][0m {}
[38;5;0m[HTTP][0m <-- GET /session/264ba3ea-583c-4cef-ab6f-0cb76dc79c95/window/rect 200 5 ms - 50
[38;5;0m[HTTP][0m 
[38;5;0m[HTTP][0m [37m-->[39m [37mPOST[39m [37m/session/264ba3ea-583c-4cef-ab6f-0cb76dc79c95/elements[39m
[38;5;0m[HTTP][0m {"using":"xpath","value":"//*[@class = 'android.widget.TextView' and @resource-id = 'com.rimhimstudios.register:id/action_save' and (@text = '' or . = '')]"}
[38;5;0m[HTTP][0m <-- POST /session/264ba3ea-583c-4cef-ab6f-0cb76dc79c95/elements 200 449 ms - 139
[38;5;0m[HTTP][0m 
[38;5;0m[HTTP][0m [37m-->[39m [37mGET[39m [37m/session/264ba3ea-583c-4cef-ab6f-0cb76dc79c95/element/00000000-0000-0049-ffff-ffff00000065/location[39m
[38;5;0m[HTTP][0m {}
[38;5;32m[AndroidUiautomator2Driver@bef3 (264ba3ea)][0m Driver proxy active, passing request on via HTTP proxy
[38;5;32m[AndroidUiautomator2Driver@bef3 (264ba3ea)][0m Replacing sessionId 65108d9d-fab2-4806-9da8-0fc636d71618 with 264ba3ea-583c-4cef-ab6f-0cb76dc79c95
[38;5;0m[HTTP][0m <-- GET /session/264ba3ea-583c-4cef-ab6f-0cb76dc79c95/element/00000000-0000-0049-ffff-ffff00000065/location 200 6 ms - 78
[38;5;0m[HTTP][0m 
[38;5;0m[HTTP][0m [37m-->[39m [37mPOST[39m [37m/session/264ba3ea-583c-4cef-ab6f-0cb76dc79c95/timeouts[39m
[38;5;0m[HTTP][0m {"implicit":30000}
[38;5;0m[HTTP][0m <-- POST /session/264ba3ea-583c-4cef-ab6f-0cb76dc79c95/timeouts 200 0 ms - 14
[38;5;0m[HTTP][0m 
[38;5;0m[HTTP][0m [37m-->[39m [37mPOST[39m [37m/session/264ba3ea-583c-4cef-ab6f-0cb76dc79c95/element/00000000-0000-0049-ffff-ffff00000065/click[39m
[38;5;0m[HTTP][0m {"id":"00000000-0000-0049-ffff-ffff00000065"}
[38;5;0m[HTTP][0m <-- POST /session/264ba3ea-583c-4cef-ab6f-0cb76dc79c95/element/00000000-0000-0049-ffff-ffff00000065/click 200 32 ms - 14
[38;5;0m[HTTP][0m 
[38;5;0m[HTTP][0m [37m-->[39m [37mGET[39m [37m/session/264ba3ea-583c-4cef-ab6f-0cb76dc79c95/context[39m
[38;5;0m[HTTP][0m {}
[38;5;0m[HTTP][0m <-- GET /session/264ba3ea-583c-4cef-ab6f-0cb76dc79c95/context 200 1 ms - 22
[38;5;0m[HTTP][0m 
[38;5;0m[HTTP][0m [37m-->[39m [37mGET[39m [37m/session/264ba3ea-583c-4cef-ab6f-0cb76dc79c95/contexts[39m
[38;5;0m[HTTP][0m {}
[38;5;0m[HTTP][0m <-- GET /session/264ba3ea-583c-4cef-ab6f-0cb76dc79c95/contexts 200 53 ms - 24
[38;5;0m[HTTP][0m 
[38;5;0m[HTTP][0m [37m-->[39m [37mPOST[39m [37m/session/264ba3ea-583c-4cef-ab6f-0cb76dc79c95/context[39m
[38;5;0m[HTTP][0m {"name":"NATIVE_APP"}
[38;5;0m[HTTP][0m <-- POST /session/264ba3ea-583c-4cef-ab6f-0cb76dc79c95/context 200 2 ms - 14
[38;5;0m[HTTP][0m 
[38;5;0m[HTTP][0m [37m-->[39m [37mGET[39m [37m/session/264ba3ea-583c-4cef-ab6f-0cb76dc79c95/screenshot[39m
[38;5;0m[HTTP][0m {}
[38;5;0m[HTTP][0m <-- GET /session/264ba3ea-583c-4cef-ab6f-0cb76dc79c95/screenshot 200 245 ms - 403384
[38;5;0m[HTTP][0m 
[38;5;0m[HTTP][0m [37m-->[39m [37mPOST[39m [37m/session/264ba3ea-583c-4cef-ab6f-0cb76dc79c95/context[39m
[38;5;0m[HTTP][0m {"name":"NATIVE_APP"}
[38;5;0m[HTTP][0m <-- POST /session/264ba3ea-583c-4cef-ab6f-0cb76dc79c95/context 200 1 ms - 14
[38;5;0m[HTTP][0m 
[38;5;0m[HTTP][0m [37m-->[39m [37mDELETE[39m [37m/session/264ba3ea-583c-4cef-ab6f-0cb76dc79c95[39m
[38;5;0m[HTTP][0m {}
[38;5;16m[AppiumDriver@ad5c][0m Removing session 264ba3ea-583c-4cef-ab6f-0cb76dc79c95 from our master session list
[38;5;32m[AndroidUiautomator2Driver@bef3 (264ba3ea)][0m Restoring hidden api policy to the device default configuration
[38;5;0m[HTTP][0m <-- DELETE /session/264ba3ea-583c-4cef-ab6f-0cb76dc79c95 200 114 ms - 14
[38;5;0m[HTTP][0m 
