[35m[Appium][39m Welcome to Appium v1.22.3
[35m[Appium][39m Non-default server args:
[35m[Appium][39m   port: 63357
[35m[Appium][39m   loglevel: info
[35m[Appium][39m   tmpDir: /var/folders/6l/hkv3cshd3mgbz6fl2rrz50q40000gn/T//Katalon/Appium/Temp1698983760109
[35m[Appium][39m   chromedriverPort: 63358
[35m[Appium][39m Deprecated server args:
[35m[Appium][39m   [31m--chromedriver-port[39m => --default-capabilities
[35m[Appium][39m Default capabilities, which will be added to each request unless overridden by desired capabilities:
[35m[Appium][39m   chromedriverPort: 63358
[35m[Appium][39m Appium REST http interface listener started on 0.0.0.0:63357
[35m[HTTP][39m [37m-->[39m [37mGET[39m [37m/wd/hub/status[39m
[35m[HTTP][39m [90m{}[39m
[35m[HTTP][39m [37m<-- GET /wd/hub/status [39m[32m200[39m [90m18 ms - 68[39m
[35m[HTTP][39m [90m[39m
[35m[HTTP][39m [37m-->[39m [37mPOST[39m [37m/wd/hub/session[39m
[35m[HTTP][39m [90m{"desiredCapabilities":{"app":"/Users/ddl02/Katalon Studio/Setup/androidapp/Register_2.0_Apkpure.apk","noReset":true,"deviceName":"emulator-5560 (sdk_gphone64_arm64 - Android 12)","fullReset":false,"platform":"ANDROID","newCommandTimeout":1800,"platformVersion":"12","automationName":"uiautomator2","autoGrantPermissions":true,"platformName":"Android","udid":"emulator-5560","systemPort":63356},"capabilities":{"firstMatch":[{"appium:app":"/Users/ddl02/Katalon Studio/Setup/androidapp/Register_2.0_Apkpure.apk","appium:autoGrantPermissions":true,"appium:automationName":"uiautomator2","appium:deviceName":"emulator-5560 (sdk_gphone64_arm64 - Android 12)","appium:fullReset":false,"appium:newCommandTimeout":1800,"appium:noReset":true,"platform":"ANDROID","platformName":"android","appium:platformVersion":"12","appium:systemPort":63356,"appium:udid":"emulator-5560"}]}}[39m
[35m[BaseDriver][39m The following capabilities are not standard capabilities and should have an extension prefix:
[35m[BaseDriver][39m   platform
[35m[BaseDriver][39m   chromedriverPort
[35m[Appium][39m Appium v1.22.3 creating new AndroidUiautomator2Driver (v1.70.1) session
[35m[BaseDriver][39m The following capabilities were provided, but are not recognized by Appium:
[35m[BaseDriver][39m   platform
[35m[BaseDriver][39m Session created with session id: 1a944ed1-4509-4ddc-8165-d5fc0c6935b0
[35m[BaseDriver][39m Using local app '/Users/ddl02/Katalon Studio/Setup/androidapp/Register_2.0_Apkpure.apk'
[35m[ADB][39m Found 1 'build-tools' folders under '/Users/ddl02/.katalon/tools/android_sdk' (newest first):
[35m[ADB][39m     /Users/ddl02/.katalon/tools/android_sdk/build-tools/29.0.3
[35m[ADB][39m Using 'adb' from '/Users/ddl02/.katalon/tools/android_sdk/platform-tools/adb'
[35m[AndroidDriver][39m Retrieving device list
[35m[AndroidDriver][39m Using device: emulator-5560
[35m[ADB][39m Using 'adb' from '/Users/ddl02/.katalon/tools/android_sdk/platform-tools/adb'
[35m[ADB][39m Getting device platform version
[35m[UiAutomator2][39m Relaxing hidden api policy
[35m[ADB][39m Package name: 'com.rimhimstudios.register'
[35m[ADB][39m Main activity name: 'com.rimhimstudios.register.MainActivity'
[35m[ADB][39m Using 'apksigner.jar' from '/Users/ddl02/.katalon/tools/android_sdk/build-tools/29.0.3/lib/apksigner.jar'
[35m[ADB][39m '/usr/local/lib/node_modules/appium/node_modules/appium-uiautomator2-server/apks/appium-uiautomator2-server-v4.27.0.apk' is signed with the default certificate
[35m[ADB][39m '/usr/local/lib/node_modules/appium/node_modules/appium-uiautomator2-server/apks/appium-uiautomator2-server-debug-androidTest.apk' is signed with the default certificate
[35m[UiAutomator2][39m Server packages are not going to be (re)installed
[35m[ADB][39m Adding packages ["io.appium.settings","io.appium.uiautomator2.server","io.appium.uiautomator2.server.test"] to Doze whitelist
[35m[ADB][39m '/Users/ddl02/Katalon Studio/Setup/androidapp/Register_2.0_Apkpure.apk' is signed with a non-default certificate
[35m[UiAutomator2][39m Starting UIAutomator2 server 4.27.0
[35m[UiAutomator2][39m Using UIAutomator2 server from '/usr/local/lib/node_modules/appium/node_modules/appium-uiautomator2-server/apks/appium-uiautomator2-server-v4.27.0.apk' and test from '/usr/local/lib/node_modules/appium/node_modules/appium-uiautomator2-server/apks/appium-uiautomator2-server-debug-androidTest.apk'
[35m[UiAutomator2][39m Waiting up to 30000ms for UiAutomator2 to be online...
[35m[WD Proxy][39m socket hang up
[35m[WD Proxy][39m socket hang up
[35m[WD Proxy][39m socket hang up
[35m[WD Proxy][39m Determined the downstream protocol as 'W3C'
[35m[AndroidDriver][39m Screen already unlocked, doing nothing
[35m[UiAutomator2][39m Starting 'com.rimhimstudios.register/com.rimhimstudios.register.MainActivity and waiting for 'com.rimhimstudios.register/com.rimhimstudios.register.MainActivity'
[35m[Appium][39m New AndroidUiautomator2Driver session created successfully, session 1a944ed1-4509-4ddc-8165-d5fc0c6935b0 added to master session list
[35m[HTTP][39m [37m<-- POST /wd/hub/session [39m[32m200[39m [90m9746 ms - 1333[39m
[35m[HTTP][39m [90m[39m
[35m[HTTP][39m [37m-->[39m [37mGET[39m [37m/wd/hub/session/1a944ed1-4509-4ddc-8165-d5fc0c6935b0[39m
[35m[HTTP][39m [90m{}[39m
[35m[HTTP][39m [37m<-- GET /wd/hub/session/1a944ed1-4509-4ddc-8165-d5fc0c6935b0 [39m[32m200[39m [90m23 ms - 1287[39m
[35m[HTTP][39m [90m[39m
[35m[HTTP][39m [37m-->[39m [37mGET[39m [37m/wd/hub/session/1a944ed1-4509-4ddc-8165-d5fc0c6935b0[39m
[35m[HTTP][39m [90m{}[39m
[35m[HTTP][39m [37m<-- GET /wd/hub/session/1a944ed1-4509-4ddc-8165-d5fc0c6935b0 [39m[32m200[39m [90m14 ms - 1287[39m
[35m[HTTP][39m [90m[39m
[35m[HTTP][39m [37m-->[39m [37mGET[39m [37m/wd/hub/status[39m
[35m[HTTP][39m [90m{}[39m
[35m[HTTP][39m [37m<-- GET /wd/hub/status [39m[32m200[39m [90m8 ms - 68[39m
[35m[HTTP][39m [90m[39m
[35m[HTTP][39m [37m-->[39m [37mPOST[39m [37m/wd/hub/session/1a944ed1-4509-4ddc-8165-d5fc0c6935b0/timeouts[39m
[35m[HTTP][39m [90m{"implicit":30000}[39m
[35m[HTTP][39m [37m<-- POST /wd/hub/session/1a944ed1-4509-4ddc-8165-d5fc0c6935b0/timeouts [39m[32m200[39m [90m4 ms - 14[39m
[35m[HTTP][39m [90m[39m
[35m[HTTP][39m [37m-->[39m [37mGET[39m [37m/wd/hub/session/1a944ed1-4509-4ddc-8165-d5fc0c6935b0/screenshot[39m
[35m[HTTP][39m [90m{}[39m
[35m[HTTP][39m [37m<-- GET /wd/hub/session/1a944ed1-4509-4ddc-8165-d5fc0c6935b0/screenshot [39m[32m200[39m [90m513 ms - 71892[39m
[35m[HTTP][39m [90m[39m
[35m[HTTP][39m [37m-->[39m [37mGET[39m [37m/wd/hub/session/1a944ed1-4509-4ddc-8165-d5fc0c6935b0/window/rect[39m
[35m[HTTP][39m [90m{}[39m
[35m[HTTP][39m [37m<-- GET /wd/hub/session/1a944ed1-4509-4ddc-8165-d5fc0c6935b0/window/rect [39m[32m200[39m [90m47 ms - 50[39m
[35m[HTTP][39m [90m[39m
[35m[HTTP][39m [37m-->[39m [37mGET[39m [37m/wd/hub/session/1a944ed1-4509-4ddc-8165-d5fc0c6935b0/appium/device/system_bars[39m
[35m[HTTP][39m [90m{}[39m
[35m[HTTP][39m [37m<-- GET /wd/hub/session/1a944ed1-4509-4ddc-8165-d5fc0c6935b0/appium/device/system_bars [39m[32m200[39m [90m123 ms - 145[39m
[35m[HTTP][39m [90m[39m
[35m[HTTP][39m [37m-->[39m [37mPOST[39m [37m/wd/hub/session/1a944ed1-4509-4ddc-8165-d5fc0c6935b0/timeouts[39m
[35m[HTTP][39m [90m{"implicit":50}[39m
[35m[HTTP][39m [37m<-- POST /wd/hub/session/1a944ed1-4509-4ddc-8165-d5fc0c6935b0/timeouts [39m[32m200[39m [90m5 ms - 14[39m
[35m[HTTP][39m [90m[39m
[35m[HTTP][39m [37m-->[39m [37mGET[39m [37m/wd/hub/session/1a944ed1-4509-4ddc-8165-d5fc0c6935b0/window/rect[39m
[35m[HTTP][39m [90m{}[39m
[35m[HTTP][39m [37m<-- GET /wd/hub/session/1a944ed1-4509-4ddc-8165-d5fc0c6935b0/window/rect [39m[32m200[39m [90m40 ms - 50[39m
[35m[HTTP][39m [90m[39m
[35m[HTTP][39m [37m-->[39m [37mPOST[39m [37m/wd/hub/session/1a944ed1-4509-4ddc-8165-d5fc0c6935b0/elements[39m
[35m[HTTP][39m [90m{"using":"xpath","value":"//*[@class = 'android.widget.TextView' and @resource-id = 'com.rimhimstudios.register:id/action_add' and (@text = '' or . = '')]"}[39m
[35m[HTTP][39m [37m<-- POST /wd/hub/session/1a944ed1-4509-4ddc-8165-d5fc0c6935b0/elements [39m[32m200[39m [90m189 ms - 139[39m
[35m[HTTP][39m [90m[39m
[35m[HTTP][39m [37m-->[39m [37mGET[39m [37m/wd/hub/session/1a944ed1-4509-4ddc-8165-d5fc0c6935b0/element/00000000-0000-00aa-ffff-ffff00000013/location[39m
[35m[HTTP][39m [90m{}[39m
[35m[W3C (1a944ed1)][39m Driver proxy active, passing request on via HTTP proxy
[35m[WD Proxy][39m Replacing sessionId ac5ca136-e9a9-44cb-897b-899d2aec9960 with 1a944ed1-4509-4ddc-8165-d5fc0c6935b0
[35m[HTTP][39m [37m<-- GET /wd/hub/session/1a944ed1-4509-4ddc-8165-d5fc0c6935b0/element/00000000-0000-00aa-ffff-ffff00000013/location [39m[32m200[39m [90m16 ms - 78[39m
[35m[HTTP][39m [90m[39m
[35m[HTTP][39m [37m-->[39m [37mPOST[39m [37m/wd/hub/session/1a944ed1-4509-4ddc-8165-d5fc0c6935b0/timeouts[39m
[35m[HTTP][39m [90m{"implicit":30000}[39m
[35m[HTTP][39m [37m<-- POST /wd/hub/session/1a944ed1-4509-4ddc-8165-d5fc0c6935b0/timeouts [39m[32m200[39m [90m3 ms - 14[39m
[35m[HTTP][39m [90m[39m
[35m[HTTP][39m [37m-->[39m [37mPOST[39m [37m/wd/hub/session/1a944ed1-4509-4ddc-8165-d5fc0c6935b0/element/00000000-0000-00aa-ffff-ffff00000013/click[39m
[35m[HTTP][39m [90m{"id":"00000000-0000-00aa-ffff-ffff00000013"}[39m
[35m[HTTP][39m [37m<-- POST /wd/hub/session/1a944ed1-4509-4ddc-8165-d5fc0c6935b0/element/00000000-0000-00aa-ffff-ffff00000013/click [39m[32m200[39m [90m79 ms - 14[39m
[35m[HTTP][39m [90m[39m
[35m[HTTP][39m [37m-->[39m [37mPOST[39m [37m/wd/hub/session/1a944ed1-4509-4ddc-8165-d5fc0c6935b0/timeouts[39m
[35m[HTTP][39m [90m{"implicit":50}[39m
[35m[HTTP][39m [37m<-- POST /wd/hub/session/1a944ed1-4509-4ddc-8165-d5fc0c6935b0/timeouts [39m[32m200[39m [90m4 ms - 14[39m
[35m[HTTP][39m [90m[39m
[35m[HTTP][39m [37m-->[39m [37mGET[39m [37m/wd/hub/session/1a944ed1-4509-4ddc-8165-d5fc0c6935b0/window/rect[39m
[35m[HTTP][39m [90m{}[39m
[35m[HTTP][39m [37m<-- GET /wd/hub/session/1a944ed1-4509-4ddc-8165-d5fc0c6935b0/window/rect [39m[32m200[39m [90m22 ms - 50[39m
[35m[HTTP][39m [90m[39m
[35m[HTTP][39m [37m-->[39m [37mPOST[39m [37m/wd/hub/session/1a944ed1-4509-4ddc-8165-d5fc0c6935b0/elements[39m
[35m[HTTP][39m [90m{"using":"xpath","value":"//*[@class = 'android.widget.EditText' and (@text = 'Name' or . = 'Name') and @resource-id = 'com.rimhimstudios.register:id/name']"}[39m
[35m[HTTP][39m [37m<-- POST /wd/hub/session/1a944ed1-4509-4ddc-8165-d5fc0c6935b0/elements [39m[32m200[39m [90m962 ms - 139[39m
[35m[HTTP][39m [90m[39m
[35m[HTTP][39m [37m-->[39m [37mGET[39m [37m/wd/hub/session/1a944ed1-4509-4ddc-8165-d5fc0c6935b0/element/00000000-0000-00ab-ffff-ffff0000001b/location[39m
[35m[HTTP][39m [90m{}[39m
[35m[W3C (1a944ed1)][39m Driver proxy active, passing request on via HTTP proxy
[35m[WD Proxy][39m Replacing sessionId ac5ca136-e9a9-44cb-897b-899d2aec9960 with 1a944ed1-4509-4ddc-8165-d5fc0c6935b0
[35m[HTTP][39m [37m<-- GET /wd/hub/session/1a944ed1-4509-4ddc-8165-d5fc0c6935b0/element/00000000-0000-00ab-ffff-ffff0000001b/location [39m[32m200[39m [90m16 ms - 76[39m
[35m[HTTP][39m [90m[39m
[35m[HTTP][39m [37m-->[39m [37mPOST[39m [37m/wd/hub/session/1a944ed1-4509-4ddc-8165-d5fc0c6935b0/timeouts[39m
[35m[HTTP][39m [90m{"implicit":30000}[39m
[35m[HTTP][39m [37m<-- POST /wd/hub/session/1a944ed1-4509-4ddc-8165-d5fc0c6935b0/timeouts [39m[32m200[39m [90m2 ms - 14[39m
[35m[HTTP][39m [90m[39m
[35m[HTTP][39m [37m-->[39m [37mPOST[39m [37m/wd/hub/session/1a944ed1-4509-4ddc-8165-d5fc0c6935b0/element/00000000-0000-00ab-ffff-ffff0000001b/clear[39m
[35m[HTTP][39m [90m{"id":"00000000-0000-00ab-ffff-ffff0000001b"}[39m
[35m[HTTP][39m [37m<-- POST /wd/hub/session/1a944ed1-4509-4ddc-8165-d5fc0c6935b0/element/00000000-0000-00ab-ffff-ffff0000001b/clear [39m[32m200[39m [90m31 ms - 14[39m
[35m[HTTP][39m [90m[39m
[35m[HTTP][39m [37m-->[39m [37mPOST[39m [37m/wd/hub/session/1a944ed1-4509-4ddc-8165-d5fc0c6935b0/element/00000000-0000-00ab-ffff-ffff0000001b/value[39m
[35m[HTTP][39m [90m{"id":"00000000-0000-00ab-ffff-ffff0000001b","text":"DDL AUTOMATION","value":["D","D","L"," ","A","U","T","O","M","A","T","I","O","N"]}[39m
[35m[HTTP][39m [37m<-- POST /wd/hub/session/1a944ed1-4509-4ddc-8165-d5fc0c6935b0/element/00000000-0000-00ab-ffff-ffff0000001b/value [39m[32m200[39m [90m1038 ms - 14[39m
[35m[HTTP][39m [90m[39m
[35m[HTTP][39m [37m-->[39m [37mPOST[39m [37m/wd/hub/session/1a944ed1-4509-4ddc-8165-d5fc0c6935b0/timeouts[39m
[35m[HTTP][39m [90m{"implicit":50}[39m
[35m[HTTP][39m [37m<-- POST /wd/hub/session/1a944ed1-4509-4ddc-8165-d5fc0c6935b0/timeouts [39m[32m200[39m [90m1 ms - 14[39m
[35m[HTTP][39m [90m[39m
[35m[HTTP][39m [37m-->[39m [37mGET[39m [37m/wd/hub/session/1a944ed1-4509-4ddc-8165-d5fc0c6935b0/window/rect[39m
[35m[HTTP][39m [90m{}[39m
[35m[HTTP][39m [37m<-- GET /wd/hub/session/1a944ed1-4509-4ddc-8165-d5fc0c6935b0/window/rect [39m[32m200[39m [90m10 ms - 50[39m
[35m[HTTP][39m [90m[39m
[35m[HTTP][39m [37m-->[39m [37mPOST[39m [37m/wd/hub/session/1a944ed1-4509-4ddc-8165-d5fc0c6935b0/elements[39m
[35m[HTTP][39m [90m{"using":"xpath","value":"//*[@class = 'android.widget.EditText' and (@text = 'Phone' or . = 'Phone') and @resource-id = 'com.rimhimstudios.register:id/phone']"}[39m
[35m[HTTP][39m [37m<-- POST /wd/hub/session/1a944ed1-4509-4ddc-8165-d5fc0c6935b0/elements [39m[32m200[39m [90m405 ms - 139[39m
[35m[HTTP][39m [90m[39m
[35m[HTTP][39m [37m-->[39m [37mGET[39m [37m/wd/hub/session/1a944ed1-4509-4ddc-8165-d5fc0c6935b0/element/00000000-0000-00ab-ffff-ffff0000001e/location[39m
[35m[HTTP][39m [90m{}[39m
[35m[W3C (1a944ed1)][39m Driver proxy active, passing request on via HTTP proxy
[35m[WD Proxy][39m Replacing sessionId ac5ca136-e9a9-44cb-897b-899d2aec9960 with 1a944ed1-4509-4ddc-8165-d5fc0c6935b0
[35m[HTTP][39m [37m<-- GET /wd/hub/session/1a944ed1-4509-4ddc-8165-d5fc0c6935b0/element/00000000-0000-00ab-ffff-ffff0000001e/location [39m[32m200[39m [90m10 ms - 76[39m
[35m[HTTP][39m [90m[39m
[35m[HTTP][39m [37m-->[39m [37mPOST[39m [37m/wd/hub/session/1a944ed1-4509-4ddc-8165-d5fc0c6935b0/timeouts[39m
[35m[HTTP][39m [90m{"implicit":30000}[39m
[35m[HTTP][39m [37m<-- POST /wd/hub/session/1a944ed1-4509-4ddc-8165-d5fc0c6935b0/timeouts [39m[32m200[39m [90m1 ms - 14[39m
[35m[HTTP][39m [90m[39m
[35m[HTTP][39m [37m-->[39m [37mPOST[39m [37m/wd/hub/session/1a944ed1-4509-4ddc-8165-d5fc0c6935b0/element/00000000-0000-00ab-ffff-ffff0000001e/clear[39m
[35m[HTTP][39m [90m{"id":"00000000-0000-00ab-ffff-ffff0000001e"}[39m
[35m[HTTP][39m [37m<-- POST /wd/hub/session/1a944ed1-4509-4ddc-8165-d5fc0c6935b0/element/00000000-0000-00ab-ffff-ffff0000001e/clear [39m[32m200[39m [90m14 ms - 14[39m
[35m[HTTP][39m [90m[39m
[35m[HTTP][39m [37m-->[39m [37mPOST[39m [37m/wd/hub/session/1a944ed1-4509-4ddc-8165-d5fc0c6935b0/element/00000000-0000-00ab-ffff-ffff0000001e/value[39m
[35m[HTTP][39m [90m{"id":"00000000-0000-00ab-ffff-ffff0000001e","text":"0857623527283","value":["0","8","5","7","6","2","3","5","2","7","2","8","3"]}[39m
[35m[HTTP][39m [37m<-- POST /wd/hub/session/1a944ed1-4509-4ddc-8165-d5fc0c6935b0/element/00000000-0000-00ab-ffff-ffff0000001e/value [39m[32m200[39m [90m996 ms - 14[39m
[35m[HTTP][39m [90m[39m
[35m[HTTP][39m [37m-->[39m [37mPOST[39m [37m/wd/hub/session/1a944ed1-4509-4ddc-8165-d5fc0c6935b0/timeouts[39m
[35m[HTTP][39m [90m{"implicit":50}[39m
[35m[HTTP][39m [37m<-- POST /wd/hub/session/1a944ed1-4509-4ddc-8165-d5fc0c6935b0/timeouts [39m[32m200[39m [90m1 ms - 14[39m
[35m[HTTP][39m [90m[39m
[35m[HTTP][39m [37m-->[39m [37mGET[39m [37m/wd/hub/session/1a944ed1-4509-4ddc-8165-d5fc0c6935b0/window/rect[39m
[35m[HTTP][39m [90m{}[39m
[35m[HTTP][39m [37m<-- GET /wd/hub/session/1a944ed1-4509-4ddc-8165-d5fc0c6935b0/window/rect [39m[32m200[39m [90m9 ms - 50[39m
[35m[HTTP][39m [90m[39m
[35m[HTTP][39m [37m-->[39m [37mPOST[39m [37m/wd/hub/session/1a944ed1-4509-4ddc-8165-d5fc0c6935b0/elements[39m
[35m[HTTP][39m [90m{"using":"xpath","value":"//*[@class = 'android.widget.EditText' and (@text = 'Alternate phones (one per line)' or . = 'Alternate phones (one per line)') and @resource-id = 'com.rimhimstudios.register:id/extraPhones']"}[39m
[35m[HTTP][39m [37m<-- POST /wd/hub/session/1a944ed1-4509-4ddc-8165-d5fc0c6935b0/elements [39m[32m200[39m [90m433 ms - 139[39m
[35m[HTTP][39m [90m[39m
[35m[HTTP][39m [37m-->[39m [37mGET[39m [37m/wd/hub/session/1a944ed1-4509-4ddc-8165-d5fc0c6935b0/element/00000000-0000-00ab-ffff-ffff00000022/location[39m
[35m[HTTP][39m [90m{}[39m
[35m[W3C (1a944ed1)][39m Driver proxy active, passing request on via HTTP proxy
[35m[WD Proxy][39m Replacing sessionId ac5ca136-e9a9-44cb-897b-899d2aec9960 with 1a944ed1-4509-4ddc-8165-d5fc0c6935b0
[35m[HTTP][39m [37m<-- GET /wd/hub/session/1a944ed1-4509-4ddc-8165-d5fc0c6935b0/element/00000000-0000-00ab-ffff-ffff00000022/location [39m[32m200[39m [90m9 ms - 76[39m
[35m[HTTP][39m [90m[39m
[35m[HTTP][39m [37m-->[39m [37mPOST[39m [37m/wd/hub/session/1a944ed1-4509-4ddc-8165-d5fc0c6935b0/timeouts[39m
[35m[HTTP][39m [90m{"implicit":30000}[39m
[35m[HTTP][39m [37m<-- POST /wd/hub/session/1a944ed1-4509-4ddc-8165-d5fc0c6935b0/timeouts [39m[32m200[39m [90m3 ms - 14[39m
[35m[HTTP][39m [90m[39m
[35m[HTTP][39m [37m-->[39m [37mPOST[39m [37m/wd/hub/session/1a944ed1-4509-4ddc-8165-d5fc0c6935b0/element/00000000-0000-00ab-ffff-ffff00000022/clear[39m
[35m[HTTP][39m [90m{"id":"00000000-0000-00ab-ffff-ffff00000022"}[39m
[35m[HTTP][39m [37m<-- POST /wd/hub/session/1a944ed1-4509-4ddc-8165-d5fc0c6935b0/element/00000000-0000-00ab-ffff-ffff00000022/clear [39m[32m200[39m [90m16 ms - 14[39m
[35m[HTTP][39m [90m[39m
[35m[HTTP][39m [37m-->[39m [37mPOST[39m [37m/wd/hub/session/1a944ed1-4509-4ddc-8165-d5fc0c6935b0/element/00000000-0000-00ab-ffff-ffff00000022/value[39m
[35m[HTTP][39m [90m{"id":"00000000-0000-00ab-ffff-ffff00000022","text":"0813623527283","value":["0","8","1","3","6","2","3","5","2","7","2","8","3"]}[39m
[35m[HTTP][39m [37m<-- POST /wd/hub/session/1a944ed1-4509-4ddc-8165-d5fc0c6935b0/element/00000000-0000-00ab-ffff-ffff00000022/value [39m[32m200[39m [90m1042 ms - 14[39m
[35m[HTTP][39m [90m[39m
[35m[HTTP][39m [37m-->[39m [37mPOST[39m [37m/wd/hub/session/1a944ed1-4509-4ddc-8165-d5fc0c6935b0/timeouts[39m
[35m[HTTP][39m [90m{"implicit":50}[39m
[35m[HTTP][39m [37m<-- POST /wd/hub/session/1a944ed1-4509-4ddc-8165-d5fc0c6935b0/timeouts [39m[32m200[39m [90m2 ms - 14[39m
[35m[HTTP][39m [90m[39m
[35m[HTTP][39m [37m-->[39m [37mGET[39m [37m/wd/hub/session/1a944ed1-4509-4ddc-8165-d5fc0c6935b0/window/rect[39m
[35m[HTTP][39m [90m{}[39m
[35m[HTTP][39m [37m<-- GET /wd/hub/session/1a944ed1-4509-4ddc-8165-d5fc0c6935b0/window/rect [39m[32m200[39m [90m6 ms - 50[39m
[35m[HTTP][39m [90m[39m
[35m[HTTP][39m [37m-->[39m [37mPOST[39m [37m/wd/hub/session/1a944ed1-4509-4ddc-8165-d5fc0c6935b0/elements[39m
[35m[HTTP][39m [90m{"using":"xpath","value":"//*[@class = 'android.widget.EditText' and (@text = 'Email' or . = 'Email') and @resource-id = 'com.rimhimstudios.register:id/email']"}[39m
[35m[HTTP][39m [37m<-- POST /wd/hub/session/1a944ed1-4509-4ddc-8165-d5fc0c6935b0/elements [39m[32m200[39m [90m446 ms - 139[39m
[35m[HTTP][39m [90m[39m
[35m[HTTP][39m [37m-->[39m [37mGET[39m [37m/wd/hub/session/1a944ed1-4509-4ddc-8165-d5fc0c6935b0/element/00000000-0000-00ab-ffff-ffff00000027/location[39m
[35m[HTTP][39m [90m{}[39m
[35m[W3C (1a944ed1)][39m Driver proxy active, passing request on via HTTP proxy
[35m[WD Proxy][39m Replacing sessionId ac5ca136-e9a9-44cb-897b-899d2aec9960 with 1a944ed1-4509-4ddc-8165-d5fc0c6935b0
[35m[HTTP][39m [37m<-- GET /wd/hub/session/1a944ed1-4509-4ddc-8165-d5fc0c6935b0/element/00000000-0000-00ab-ffff-ffff00000027/location [39m[32m200[39m [90m16 ms - 76[39m
[35m[HTTP][39m [90m[39m
[35m[HTTP][39m [37m-->[39m [37mPOST[39m [37m/wd/hub/session/1a944ed1-4509-4ddc-8165-d5fc0c6935b0/timeouts[39m
[35m[HTTP][39m [90m{"implicit":30000}[39m
[35m[HTTP][39m [37m<-- POST /wd/hub/session/1a944ed1-4509-4ddc-8165-d5fc0c6935b0/timeouts [39m[32m200[39m [90m2 ms - 14[39m
[35m[HTTP][39m [90m[39m
[35m[HTTP][39m [37m-->[39m [37mPOST[39m [37m/wd/hub/session/1a944ed1-4509-4ddc-8165-d5fc0c6935b0/element/00000000-0000-00ab-ffff-ffff00000027/clear[39m
[35m[HTTP][39m [90m{"id":"00000000-0000-00ab-ffff-ffff00000027"}[39m
[35m[HTTP][39m [37m<-- POST /wd/hub/session/1a944ed1-4509-4ddc-8165-d5fc0c6935b0/element/00000000-0000-00ab-ffff-ffff00000027/clear [39m[32m200[39m [90m9 ms - 14[39m
[35m[HTTP][39m [90m[39m
[35m[HTTP][39m [37m-->[39m [37mPOST[39m [37m/wd/hub/session/1a944ed1-4509-4ddc-8165-d5fc0c6935b0/element/00000000-0000-00ab-ffff-ffff00000027/value[39m
[35m[HTTP][39m [90m{"id":"00000000-0000-00ab-ffff-ffff00000027","text":"AUTOMATION@DDL.COM","value":["A","U","T","O","M","A","T","I","O","N","@","D","D","L",".","C","O","M"]}[39m
[35m[HTTP][39m [37m<-- POST /wd/hub/session/1a944ed1-4509-4ddc-8165-d5fc0c6935b0/element/00000000-0000-00ab-ffff-ffff00000027/value [39m[32m200[39m [90m1004 ms - 14[39m
[35m[HTTP][39m [90m[39m
[35m[HTTP][39m [37m-->[39m [37mPOST[39m [37m/wd/hub/session/1a944ed1-4509-4ddc-8165-d5fc0c6935b0/timeouts[39m
[35m[HTTP][39m [90m{"implicit":50}[39m
[35m[HTTP][39m [37m<-- POST /wd/hub/session/1a944ed1-4509-4ddc-8165-d5fc0c6935b0/timeouts [39m[32m200[39m [90m2 ms - 14[39m
[35m[HTTP][39m [90m[39m
[35m[HTTP][39m [37m-->[39m [37mGET[39m [37m/wd/hub/session/1a944ed1-4509-4ddc-8165-d5fc0c6935b0/window/rect[39m
[35m[HTTP][39m [90m{}[39m
[35m[HTTP][39m [37m<-- GET /wd/hub/session/1a944ed1-4509-4ddc-8165-d5fc0c6935b0/window/rect [39m[32m200[39m [90m13 ms - 50[39m
[35m[HTTP][39m [90m[39m
[35m[HTTP][39m [37m-->[39m [37mPOST[39m [37m/wd/hub/session/1a944ed1-4509-4ddc-8165-d5fc0c6935b0/elements[39m
[35m[HTTP][39m [90m{"using":"xpath","value":"//*[@class = 'android.widget.EditText' and (@text = 'Alternate emails (one per line)' or . = 'Alternate emails (one per line)') and @resource-id = 'com.rimhimstudios.register:id/extraEmails']"}[39m
[35m[HTTP][39m [37m<-- POST /wd/hub/session/1a944ed1-4509-4ddc-8165-d5fc0c6935b0/elements [39m[32m200[39m [90m347 ms - 139[39m
[35m[HTTP][39m [90m[39m
[35m[HTTP][39m [37m-->[39m [37mGET[39m [37m/wd/hub/session/1a944ed1-4509-4ddc-8165-d5fc0c6935b0/element/00000000-0000-00ab-ffff-ffff0000002a/location[39m
[35m[HTTP][39m [90m{}[39m
[35m[W3C (1a944ed1)][39m Driver proxy active, passing request on via HTTP proxy
[35m[WD Proxy][39m Replacing sessionId ac5ca136-e9a9-44cb-897b-899d2aec9960 with 1a944ed1-4509-4ddc-8165-d5fc0c6935b0
[35m[HTTP][39m [37m<-- GET /wd/hub/session/1a944ed1-4509-4ddc-8165-d5fc0c6935b0/element/00000000-0000-00ab-ffff-ffff0000002a/location [39m[32m200[39m [90m14 ms - 77[39m
[35m[HTTP][39m [90m[39m
[35m[HTTP][39m [37m-->[39m [37mPOST[39m [37m/wd/hub/session/1a944ed1-4509-4ddc-8165-d5fc0c6935b0/timeouts[39m
[35m[HTTP][39m [90m{"implicit":30000}[39m
[35m[HTTP][39m [37m<-- POST /wd/hub/session/1a944ed1-4509-4ddc-8165-d5fc0c6935b0/timeouts [39m[32m200[39m [90m1 ms - 14[39m
[35m[HTTP][39m [90m[39m
[35m[HTTP][39m [37m-->[39m [37mPOST[39m [37m/wd/hub/session/1a944ed1-4509-4ddc-8165-d5fc0c6935b0/element/00000000-0000-00ab-ffff-ffff0000002a/clear[39m
[35m[HTTP][39m [90m{"id":"00000000-0000-00ab-ffff-ffff0000002a"}[39m
[35m[HTTP][39m [37m<-- POST /wd/hub/session/1a944ed1-4509-4ddc-8165-d5fc0c6935b0/element/00000000-0000-00ab-ffff-ffff0000002a/clear [39m[32m200[39m [90m7 ms - 14[39m
[35m[HTTP][39m [90m[39m
[35m[HTTP][39m [37m-->[39m [37mPOST[39m [37m/wd/hub/session/1a944ed1-4509-4ddc-8165-d5fc0c6935b0/element/00000000-0000-00ab-ffff-ffff0000002a/value[39m
[35m[HTTP][39m [90m{"id":"00000000-0000-00ab-ffff-ffff0000002a","text":"ROBOT@DDL.COM","value":["R","O","B","O","T","@","D","D","L",".","C","O","M"]}[39m
[35m[HTTP][39m [37m<-- POST /wd/hub/session/1a944ed1-4509-4ddc-8165-d5fc0c6935b0/element/00000000-0000-00ab-ffff-ffff0000002a/value [39m[32m200[39m [90m1026 ms - 14[39m
[35m[HTTP][39m [90m[39m
[35m[HTTP][39m [37m-->[39m [37mPOST[39m [37m/wd/hub/session/1a944ed1-4509-4ddc-8165-d5fc0c6935b0/timeouts[39m
[35m[HTTP][39m [90m{"implicit":50}[39m
[35m[HTTP][39m [37m<-- POST /wd/hub/session/1a944ed1-4509-4ddc-8165-d5fc0c6935b0/timeouts [39m[32m200[39m [90m1 ms - 14[39m
[35m[HTTP][39m [90m[39m
[35m[HTTP][39m [37m-->[39m [37mGET[39m [37m/wd/hub/session/1a944ed1-4509-4ddc-8165-d5fc0c6935b0/window/rect[39m
[35m[HTTP][39m [90m{}[39m
[35m[HTTP][39m [37m<-- GET /wd/hub/session/1a944ed1-4509-4ddc-8165-d5fc0c6935b0/window/rect [39m[32m200[39m [90m4 ms - 50[39m
[35m[HTTP][39m [90m[39m
[35m[HTTP][39m [37m-->[39m [37mPOST[39m [37m/wd/hub/session/1a944ed1-4509-4ddc-8165-d5fc0c6935b0/elements[39m
[35m[HTTP][39m [90m{"using":"xpath","value":"//*[@class = 'android.widget.EditText' and (@text = '(Leave blank if no allergies)' or . = '(Leave blank if no allergies)') and @resource-id = 'com.rimhimstudios.register:id/allergies']"}[39m
[35m[HTTP][39m [37m<-- POST /wd/hub/session/1a944ed1-4509-4ddc-8165-d5fc0c6935b0/elements [39m[32m200[39m [90m459 ms - 139[39m
[35m[HTTP][39m [90m[39m
[35m[HTTP][39m [37m-->[39m [37mGET[39m [37m/wd/hub/session/1a944ed1-4509-4ddc-8165-d5fc0c6935b0/element/00000000-0000-00ab-ffff-ffff0000002d/location[39m
[35m[HTTP][39m [90m{}[39m
[35m[W3C (1a944ed1)][39m Driver proxy active, passing request on via HTTP proxy
[35m[WD Proxy][39m Replacing sessionId ac5ca136-e9a9-44cb-897b-899d2aec9960 with 1a944ed1-4509-4ddc-8165-d5fc0c6935b0
[35m[HTTP][39m [37m<-- GET /wd/hub/session/1a944ed1-4509-4ddc-8165-d5fc0c6935b0/element/00000000-0000-00ab-ffff-ffff0000002d/location [39m[32m200[39m [90m13 ms - 77[39m
[35m[HTTP][39m [90m[39m
[35m[HTTP][39m [37m-->[39m [37mPOST[39m [37m/wd/hub/session/1a944ed1-4509-4ddc-8165-d5fc0c6935b0/timeouts[39m
[35m[HTTP][39m [90m{"implicit":30000}[39m
[35m[HTTP][39m [37m<-- POST /wd/hub/session/1a944ed1-4509-4ddc-8165-d5fc0c6935b0/timeouts [39m[32m200[39m [90m3 ms - 14[39m
[35m[HTTP][39m [90m[39m
[35m[HTTP][39m [37m-->[39m [37mPOST[39m [37m/wd/hub/session/1a944ed1-4509-4ddc-8165-d5fc0c6935b0/element/00000000-0000-00ab-ffff-ffff0000002d/clear[39m
[35m[HTTP][39m [90m{"id":"00000000-0000-00ab-ffff-ffff0000002d"}[39m
[35m[HTTP][39m [37m<-- POST /wd/hub/session/1a944ed1-4509-4ddc-8165-d5fc0c6935b0/element/00000000-0000-00ab-ffff-ffff0000002d/clear [39m[32m200[39m [90m13 ms - 14[39m
[35m[HTTP][39m [90m[39m
[35m[HTTP][39m [37m-->[39m [37mPOST[39m [37m/wd/hub/session/1a944ed1-4509-4ddc-8165-d5fc0c6935b0/element/00000000-0000-00ab-ffff-ffff0000002d/value[39m
[35m[HTTP][39m [90m{"id":"00000000-0000-00ab-ffff-ffff0000002d","text":"TEST AUTOMATION","value":["T","E","S","T"," ","A","U","T","O","M","A","T","I","O","N"]}[39m
[35m[HTTP][39m [37m<-- POST /wd/hub/session/1a944ed1-4509-4ddc-8165-d5fc0c6935b0/element/00000000-0000-00ab-ffff-ffff0000002d/value [39m[32m200[39m [90m508 ms - 14[39m
[35m[HTTP][39m [90m[39m
[35m[HTTP][39m [37m-->[39m [37mPOST[39m [37m/wd/hub/session/1a944ed1-4509-4ddc-8165-d5fc0c6935b0/timeouts[39m
[35m[HTTP][39m [90m{"implicit":50}[39m
[35m[HTTP][39m [37m<-- POST /wd/hub/session/1a944ed1-4509-4ddc-8165-d5fc0c6935b0/timeouts [39m[32m200[39m [90m1 ms - 14[39m
[35m[HTTP][39m [90m[39m
[35m[HTTP][39m [37m-->[39m [37mGET[39m [37m/wd/hub/session/1a944ed1-4509-4ddc-8165-d5fc0c6935b0/window/rect[39m
[35m[HTTP][39m [90m{}[39m
[35m[HTTP][39m [37m<-- GET /wd/hub/session/1a944ed1-4509-4ddc-8165-d5fc0c6935b0/window/rect [39m[32m200[39m [90m9 ms - 50[39m
[35m[HTTP][39m [90m[39m
[35m[HTTP][39m [37m-->[39m [37mPOST[39m [37m/wd/hub/session/1a944ed1-4509-4ddc-8165-d5fc0c6935b0/elements[39m
[35m[HTTP][39m [90m{"using":"xpath","value":"//*[@class = 'android.widget.EditText' and (@text = 'Notes' or . = 'Notes') and @resource-id = 'com.rimhimstudios.register:id/notes']"}[39m
[35m[HTTP][39m [37m<-- POST /wd/hub/session/1a944ed1-4509-4ddc-8165-d5fc0c6935b0/elements [39m[32m200[39m [90m444 ms - 139[39m
[35m[HTTP][39m [90m[39m
[35m[HTTP][39m [37m-->[39m [37mGET[39m [37m/wd/hub/session/1a944ed1-4509-4ddc-8165-d5fc0c6935b0/element/00000000-0000-00ab-ffff-ffff0000002f/location[39m
[35m[HTTP][39m [90m{}[39m
[35m[W3C (1a944ed1)][39m Driver proxy active, passing request on via HTTP proxy
[35m[WD Proxy][39m Replacing sessionId ac5ca136-e9a9-44cb-897b-899d2aec9960 with 1a944ed1-4509-4ddc-8165-d5fc0c6935b0
[35m[HTTP][39m [37m<-- GET /wd/hub/session/1a944ed1-4509-4ddc-8165-d5fc0c6935b0/element/00000000-0000-00ab-ffff-ffff0000002f/location [39m[32m200[39m [90m13 ms - 77[39m
[35m[HTTP][39m [90m[39m
[35m[HTTP][39m [37m-->[39m [37mPOST[39m [37m/wd/hub/session/1a944ed1-4509-4ddc-8165-d5fc0c6935b0/timeouts[39m
[35m[HTTP][39m [90m{"implicit":30000}[39m
[35m[HTTP][39m [37m<-- POST /wd/hub/session/1a944ed1-4509-4ddc-8165-d5fc0c6935b0/timeouts [39m[32m200[39m [90m3 ms - 14[39m
[35m[HTTP][39m [90m[39m
[35m[HTTP][39m [37m-->[39m [37mPOST[39m [37m/wd/hub/session/1a944ed1-4509-4ddc-8165-d5fc0c6935b0/element/00000000-0000-00ab-ffff-ffff0000002f/clear[39m
[35m[HTTP][39m [90m{"id":"00000000-0000-00ab-ffff-ffff0000002f"}[39m
[35m[HTTP][39m [37m<-- POST /wd/hub/session/1a944ed1-4509-4ddc-8165-d5fc0c6935b0/element/00000000-0000-00ab-ffff-ffff0000002f/clear [39m[32m200[39m [90m15 ms - 14[39m
[35m[HTTP][39m [90m[39m
[35m[HTTP][39m [37m-->[39m [37mPOST[39m [37m/wd/hub/session/1a944ed1-4509-4ddc-8165-d5fc0c6935b0/element/00000000-0000-00ab-ffff-ffff0000002f/value[39m
[35m[HTTP][39m [90m{"id":"00000000-0000-00ab-ffff-ffff0000002f","text":"AUTOMATION","value":["A","U","T","O","M","A","T","I","O","N"]}[39m
[35m[HTTP][39m [37m<-- POST /wd/hub/session/1a944ed1-4509-4ddc-8165-d5fc0c6935b0/element/00000000-0000-00ab-ffff-ffff0000002f/value [39m[32m200[39m [90m1004 ms - 14[39m
[35m[HTTP][39m [90m[39m
[35m[HTTP][39m [37m-->[39m [37mPOST[39m [37m/wd/hub/session/1a944ed1-4509-4ddc-8165-d5fc0c6935b0/timeouts[39m
[35m[HTTP][39m [90m{"implicit":50}[39m
[35m[HTTP][39m [37m<-- POST /wd/hub/session/1a944ed1-4509-4ddc-8165-d5fc0c6935b0/timeouts [39m[32m200[39m [90m2 ms - 14[39m
[35m[HTTP][39m [90m[39m
[35m[HTTP][39m [37m-->[39m [37mGET[39m [37m/wd/hub/session/1a944ed1-4509-4ddc-8165-d5fc0c6935b0/window/rect[39m
[35m[HTTP][39m [90m{}[39m
[35m[HTTP][39m [37m<-- GET /wd/hub/session/1a944ed1-4509-4ddc-8165-d5fc0c6935b0/window/rect [39m[32m200[39m [90m7 ms - 50[39m
[35m[HTTP][39m [90m[39m
[35m[HTTP][39m [37m-->[39m [37mPOST[39m [37m/wd/hub/session/1a944ed1-4509-4ddc-8165-d5fc0c6935b0/elements[39m
[35m[HTTP][39m [90m{"using":"xpath","value":"//*[@class = 'android.widget.TextView' and @resource-id = 'com.rimhimstudios.register:id/action_save' and (@text = '' or . = '')]"}[39m
[35m[HTTP][39m [37m<-- POST /wd/hub/session/1a944ed1-4509-4ddc-8165-d5fc0c6935b0/elements [39m[32m200[39m [90m436 ms - 139[39m
[35m[HTTP][39m [90m[39m
[35m[HTTP][39m [37m-->[39m [37mGET[39m [37m/wd/hub/session/1a944ed1-4509-4ddc-8165-d5fc0c6935b0/element/00000000-0000-00ab-ffff-ffff00000038/location[39m
[35m[HTTP][39m [90m{}[39m
[35m[W3C (1a944ed1)][39m Driver proxy active, passing request on via HTTP proxy
[35m[WD Proxy][39m Replacing sessionId ac5ca136-e9a9-44cb-897b-899d2aec9960 with 1a944ed1-4509-4ddc-8165-d5fc0c6935b0
[35m[HTTP][39m [37m<-- GET /wd/hub/session/1a944ed1-4509-4ddc-8165-d5fc0c6935b0/element/00000000-0000-00ab-ffff-ffff00000038/location [39m[32m200[39m [90m13 ms - 78[39m
[35m[HTTP][39m [90m[39m
[35m[HTTP][39m [37m-->[39m [37mPOST[39m [37m/wd/hub/session/1a944ed1-4509-4ddc-8165-d5fc0c6935b0/timeouts[39m
[35m[HTTP][39m [90m{"implicit":30000}[39m
[35m[HTTP][39m [37m<-- POST /wd/hub/session/1a944ed1-4509-4ddc-8165-d5fc0c6935b0/timeouts [39m[32m200[39m [90m2 ms - 14[39m
[35m[HTTP][39m [90m[39m
[35m[HTTP][39m [37m-->[39m [37mPOST[39m [37m/wd/hub/session/1a944ed1-4509-4ddc-8165-d5fc0c6935b0/element/00000000-0000-00ab-ffff-ffff00000038/click[39m
[35m[HTTP][39m [90m{"id":"00000000-0000-00ab-ffff-ffff00000038"}[39m
[35m[HTTP][39m [37m<-- POST /wd/hub/session/1a944ed1-4509-4ddc-8165-d5fc0c6935b0/element/00000000-0000-00ab-ffff-ffff00000038/click [39m[32m200[39m [90m45 ms - 14[39m
[35m[HTTP][39m [90m[39m
[35m[HTTP][39m [37m-->[39m [37mGET[39m [37m/wd/hub/session/1a944ed1-4509-4ddc-8165-d5fc0c6935b0/context[39m
[35m[HTTP][39m [90m{}[39m
[35m[HTTP][39m [37m<-- GET /wd/hub/session/1a944ed1-4509-4ddc-8165-d5fc0c6935b0/context [39m[32m200[39m [90m1 ms - 22[39m
[35m[HTTP][39m [90m[39m
[35m[HTTP][39m [37m-->[39m [37mGET[39m [37m/wd/hub/session/1a944ed1-4509-4ddc-8165-d5fc0c6935b0/contexts[39m
[35m[HTTP][39m [90m{}[39m
[35m[HTTP][39m [37m<-- GET /wd/hub/session/1a944ed1-4509-4ddc-8165-d5fc0c6935b0/contexts [39m[32m200[39m [90m100 ms - 24[39m
[35m[HTTP][39m [90m[39m
[35m[HTTP][39m [37m-->[39m [37mPOST[39m [37m/wd/hub/session/1a944ed1-4509-4ddc-8165-d5fc0c6935b0/context[39m
[35m[HTTP][39m [90m{"name":"NATIVE_APP"}[39m
[35m[HTTP][39m [37m<-- POST /wd/hub/session/1a944ed1-4509-4ddc-8165-d5fc0c6935b0/context [39m[32m200[39m [90m4 ms - 14[39m
[35m[HTTP][39m [90m[39m
[35m[HTTP][39m [37m-->[39m [37mGET[39m [37m/wd/hub/session/1a944ed1-4509-4ddc-8165-d5fc0c6935b0/screenshot[39m
[35m[HTTP][39m [90m{}[39m
[35m[HTTP][39m [37m<-- GET /wd/hub/session/1a944ed1-4509-4ddc-8165-d5fc0c6935b0/screenshot [39m[32m200[39m [90m274 ms - 363502[39m
[35m[HTTP][39m [90m[39m
[35m[HTTP][39m [37m-->[39m [37mPOST[39m [37m/wd/hub/session/1a944ed1-4509-4ddc-8165-d5fc0c6935b0/context[39m
[35m[HTTP][39m [90m{"name":"NATIVE_APP"}[39m
[35m[HTTP][39m [37m<-- POST /wd/hub/session/1a944ed1-4509-4ddc-8165-d5fc0c6935b0/context [39m[32m200[39m [90m1 ms - 14[39m
[35m[HTTP][39m [90m[39m
[35m[HTTP][39m [37m-->[39m [37mGET[39m [37m/wd/hub/status[39m
[35m[HTTP][39m [90m{}[39m
[35m[HTTP][39m [37m<-- GET /wd/hub/status [39m[32m200[39m [90m1 ms - 68[39m
[35m[HTTP][39m [90m[39m
[35m[HTTP][39m [37m-->[39m [37mPOST[39m [37m/wd/hub/session[39m
[35m[HTTP][39m [90m{"desiredCapabilities":{"app":"/Users/ddl02/Katalon Studio/Setup/androidapp/Register_2.0_Apkpure.apk","noReset":true,"deviceName":"emulator-5560 (sdk_gphone64_arm64 - Android 12)","fullReset":false,"platform":"ANDROID","newCommandTimeout":1800,"platformVersion":"12","automationName":"uiautomator2","autoGrantPermissions":true,"platformName":"Android","udid":"emulator-5560","systemPort":63527},"capabilities":{"firstMatch":[{"appium:app":"/Users/ddl02/Katalon Studio/Setup/androidapp/Register_2.0_Apkpure.apk","appium:autoGrantPermissions":true,"appium:automationName":"uiautomator2","appium:deviceName":"emulator-5560 (sdk_gphone64_arm64 - Android 12)","appium:fullReset":false,"appium:newCommandTimeout":1800,"appium:noReset":true,"platform":"ANDROID","platformName":"android","appium:platformVersion":"12","appium:systemPort":63527,"appium:udid":"emulator-5560"}]}}[39m
[35m[BaseDriver][39m The following capabilities are not standard capabilities and should have an extension prefix:
[35m[BaseDriver][39m   platform
[35m[BaseDriver][39m   chromedriverPort
[35m[Appium][39m Appium v1.22.3 creating new AndroidUiautomator2Driver (v1.70.1) session
[35m[BaseDriver][39m The following capabilities were provided, but are not recognized by Appium:
[35m[BaseDriver][39m   platform
[35m[BaseDriver][39m Session created with session id: 96b54b29-af5a-450d-8504-b02c605e340e
[35m[BaseDriver][39m Using local app '/Users/ddl02/Katalon Studio/Setup/androidapp/Register_2.0_Apkpure.apk'
[35m[ADB][39m Using 'adb' from '/Users/ddl02/.katalon/tools/android_sdk/platform-tools/adb'
[35m[AndroidDriver][39m Retrieving device list
[35m[AndroidDriver][39m Using device: emulator-5560
[35m[ADB][39m Using 'adb' from '/Users/ddl02/.katalon/tools/android_sdk/platform-tools/adb'
[35m[ADB][39m Getting device platform version
[35m[UiAutomator2][39m Relaxing hidden api policy
[35m[ADB][39m Package name: 'com.rimhimstudios.register'
[35m[ADB][39m Main activity name: 'com.rimhimstudios.register.MainActivity'
[35m[UiAutomator2][39m Server packages are not going to be (re)installed
[35m[ADB][39m Adding packages ["io.appium.settings","io.appium.uiautomator2.server","io.appium.uiautomator2.server.test"] to Doze whitelist
[35m[UiAutomator2][39m Starting UIAutomator2 server 4.27.0
[35m[UiAutomator2][39m Using UIAutomator2 server from '/usr/local/lib/node_modules/appium/node_modules/appium-uiautomator2-server/apks/appium-uiautomator2-server-v4.27.0.apk' and test from '/usr/local/lib/node_modules/appium/node_modules/appium-uiautomator2-server/apks/appium-uiautomator2-server-debug-androidTest.apk'
[35m[UiAutomator2][39m Waiting up to 30000ms for UiAutomator2 to be online...
[35m[WD Proxy][39m socket hang up
[35m[WD Proxy][39m socket hang up
[35m[WD Proxy][39m Determined the downstream protocol as 'W3C'
[35m[AndroidDriver][39m Screen already unlocked, doing nothing
[35m[UiAutomator2][39m Starting 'com.rimhimstudios.register/com.rimhimstudios.register.MainActivity and waiting for 'com.rimhimstudios.register/com.rimhimstudios.register.MainActivity'
[35m[Appium][39m New AndroidUiautomator2Driver session created successfully, session 96b54b29-af5a-450d-8504-b02c605e340e added to master session list
[35m[HTTP][39m [37m<-- POST /wd/hub/session [39m[32m200[39m [90m5502 ms - 1333[39m
[35m[HTTP][39m [90m[39m
[35m[HTTP][39m [37m-->[39m [37mGET[39m [37m/wd/hub/session/96b54b29-af5a-450d-8504-b02c605e340e[39m
[35m[HTTP][39m [90m{}[39m
[35m[HTTP][39m [37m<-- GET /wd/hub/session/96b54b29-af5a-450d-8504-b02c605e340e [39m[32m200[39m [90m10 ms - 1287[39m
[35m[HTTP][39m [90m[39m
[35m[HTTP][39m [37m-->[39m [37mGET[39m [37m/wd/hub/session/96b54b29-af5a-450d-8504-b02c605e340e[39m
[35m[HTTP][39m [90m{}[39m
[35m[HTTP][39m [37m<-- GET /wd/hub/session/96b54b29-af5a-450d-8504-b02c605e340e [39m[32m200[39m [90m7 ms - 1287[39m
[35m[HTTP][39m [90m[39m
[35m[HTTP][39m [37m-->[39m [37mGET[39m [37m/wd/hub/status[39m
[35m[HTTP][39m [90m{}[39m
[35m[HTTP][39m [37m<-- GET /wd/hub/status [39m[32m200[39m [90m1 ms - 68[39m
[35m[HTTP][39m [90m[39m
[35m[HTTP][39m [37m-->[39m [37mPOST[39m [37m/wd/hub/session/96b54b29-af5a-450d-8504-b02c605e340e/timeouts[39m
[35m[HTTP][39m [90m{"implicit":30000}[39m
[35m[HTTP][39m [37m<-- POST /wd/hub/session/96b54b29-af5a-450d-8504-b02c605e340e/timeouts [39m[32m200[39m [90m3 ms - 14[39m
[35m[HTTP][39m [90m[39m
[35m[HTTP][39m [37m-->[39m [37mGET[39m [37m/wd/hub/session/96b54b29-af5a-450d-8504-b02c605e340e/screenshot[39m
[35m[HTTP][39m [90m{}[39m
[35m[HTTP][39m [37m<-- GET /wd/hub/session/96b54b29-af5a-450d-8504-b02c605e340e/screenshot [39m[32m200[39m [90m225 ms - 82536[39m
[35m[HTTP][39m [90m[39m
[35m[HTTP][39m [37m-->[39m [37mGET[39m [37m/wd/hub/session/96b54b29-af5a-450d-8504-b02c605e340e/window/rect[39m
[35m[HTTP][39m [90m{}[39m
[35m[HTTP][39m [37m<-- GET /wd/hub/session/96b54b29-af5a-450d-8504-b02c605e340e/window/rect [39m[32m200[39m [90m14 ms - 50[39m
[35m[HTTP][39m [90m[39m
[35m[HTTP][39m [37m-->[39m [37mGET[39m [37m/wd/hub/session/96b54b29-af5a-450d-8504-b02c605e340e/appium/device/system_bars[39m
[35m[HTTP][39m [90m{}[39m
[35m[HTTP][39m [37m<-- GET /wd/hub/session/96b54b29-af5a-450d-8504-b02c605e340e/appium/device/system_bars [39m[32m200[39m [90m60 ms - 145[39m
[35m[HTTP][39m [90m[39m
[35m[HTTP][39m [37m-->[39m [37mPOST[39m [37m/wd/hub/session/96b54b29-af5a-450d-8504-b02c605e340e/timeouts[39m
[35m[HTTP][39m [90m{"implicit":50}[39m
[35m[HTTP][39m [37m<-- POST /wd/hub/session/96b54b29-af5a-450d-8504-b02c605e340e/timeouts [39m[32m200[39m [90m1 ms - 14[39m
[35m[HTTP][39m [90m[39m
[35m[HTTP][39m [37m-->[39m [37mGET[39m [37m/wd/hub/session/96b54b29-af5a-450d-8504-b02c605e340e/window/rect[39m
[35m[HTTP][39m [90m{}[39m
[35m[HTTP][39m [37m<-- GET /wd/hub/session/96b54b29-af5a-450d-8504-b02c605e340e/window/rect [39m[32m200[39m [90m6 ms - 50[39m
[35m[HTTP][39m [90m[39m
[35m[HTTP][39m [37m-->[39m [37mPOST[39m [37m/wd/hub/session/96b54b29-af5a-450d-8504-b02c605e340e/elements[39m
[35m[HTTP][39m [90m{"using":"xpath","value":"//*[@class = 'android.widget.TextView' and @resource-id = 'com.rimhimstudios.register:id/action_add' and (@text = '' or . = '')]"}[39m
[35m[HTTP][39m [37m<-- POST /wd/hub/session/96b54b29-af5a-450d-8504-b02c605e340e/elements [39m[32m200[39m [90m118 ms - 139[39m
[35m[HTTP][39m [90m[39m
[35m[HTTP][39m [37m-->[39m [37mGET[39m [37m/wd/hub/session/96b54b29-af5a-450d-8504-b02c605e340e/element/00000000-0000-00b7-ffff-ffff00000016/location[39m
[35m[HTTP][39m [90m{}[39m
[35m[W3C (96b54b29)][39m Driver proxy active, passing request on via HTTP proxy
[35m[WD Proxy][39m Replacing sessionId a75d4c8d-67a6-4a0d-a9b8-f392972e42e0 with 96b54b29-af5a-450d-8504-b02c605e340e
[35m[HTTP][39m [37m<-- GET /wd/hub/session/96b54b29-af5a-450d-8504-b02c605e340e/element/00000000-0000-00b7-ffff-ffff00000016/location [39m[32m200[39m [90m10 ms - 78[39m
[35m[HTTP][39m [90m[39m
[35m[HTTP][39m [37m-->[39m [37mPOST[39m [37m/wd/hub/session/96b54b29-af5a-450d-8504-b02c605e340e/timeouts[39m
[35m[HTTP][39m [90m{"implicit":30000}[39m
[35m[HTTP][39m [37m<-- POST /wd/hub/session/96b54b29-af5a-450d-8504-b02c605e340e/timeouts [39m[32m200[39m [90m1 ms - 14[39m
[35m[HTTP][39m [90m[39m
[35m[HTTP][39m [37m-->[39m [37mPOST[39m [37m/wd/hub/session/96b54b29-af5a-450d-8504-b02c605e340e/element/00000000-0000-00b7-ffff-ffff00000016/click[39m
[35m[HTTP][39m [90m{"id":"00000000-0000-00b7-ffff-ffff00000016"}[39m
[35m[HTTP][39m [37m<-- POST /wd/hub/session/96b54b29-af5a-450d-8504-b02c605e340e/element/00000000-0000-00b7-ffff-ffff00000016/click [39m[32m200[39m [90m35 ms - 14[39m
[35m[HTTP][39m [90m[39m
[35m[HTTP][39m [37m-->[39m [37mPOST[39m [37m/wd/hub/session/96b54b29-af5a-450d-8504-b02c605e340e/timeouts[39m
[35m[HTTP][39m [90m{"implicit":50}[39m
[35m[HTTP][39m [37m<-- POST /wd/hub/session/96b54b29-af5a-450d-8504-b02c605e340e/timeouts [39m[32m200[39m [90m1 ms - 14[39m
[35m[HTTP][39m [90m[39m
[35m[HTTP][39m [37m-->[39m [37mGET[39m [37m/wd/hub/session/96b54b29-af5a-450d-8504-b02c605e340e/window/rect[39m
[35m[HTTP][39m [90m{}[39m
[35m[HTTP][39m [37m<-- GET /wd/hub/session/96b54b29-af5a-450d-8504-b02c605e340e/window/rect [39m[32m200[39m [90m6 ms - 50[39m
[35m[HTTP][39m [90m[39m
[35m[HTTP][39m [37m-->[39m [37mPOST[39m [37m/wd/hub/session/96b54b29-af5a-450d-8504-b02c605e340e/elements[39m
[35m[HTTP][39m [90m{"using":"xpath","value":"//*[@class = 'android.widget.EditText' and (@text = 'Nameeeee' or . = 'Nameeeee') and @resource-id = 'com.rimhimstudios.register:id/nameeeee']"}[39m
[35m[HTTP][39m [37m<-- POST /wd/hub/session/96b54b29-af5a-450d-8504-b02c605e340e/elements [39m[32m200[39m [90m674 ms - 12[39m
[35m[HTTP][39m [90m[39m
[35m[HTTP][39m [37m-->[39m [37mPOST[39m [37m/wd/hub/session/96b54b29-af5a-450d-8504-b02c605e340e/elements[39m
[35m[HTTP][39m [90m{"using":"xpath","value":"//*[@class = 'android.widget.EditText' and (@text = 'Nameeeee' or . = 'Nameeeee') and @resource-id = 'com.rimhimstudios.register:id/nameeeee']"}[39m
[35m[HTTP][39m [37m<-- POST /wd/hub/session/96b54b29-af5a-450d-8504-b02c605e340e/elements [39m[32m200[39m [90m88 ms - 12[39m
[35m[HTTP][39m [90m[39m
[35m[HTTP][39m [37m-->[39m [37mPOST[39m [37m/wd/hub/session/96b54b29-af5a-450d-8504-b02c605e340e/elements[39m
[35m[HTTP][39m [90m{"using":"xpath","value":"//*[@class = 'android.widget.EditText' and (@text = 'Nameeeee' or . = 'Nameeeee') and @resource-id = 'com.rimhimstudios.register:id/nameeeee']"}[39m
[35m[HTTP][39m [37m<-- POST /wd/hub/session/96b54b29-af5a-450d-8504-b02c605e340e/elements [39m[32m200[39m [90m85 ms - 12[39m
[35m[HTTP][39m [90m[39m
[35m[HTTP][39m [37m-->[39m [37mPOST[39m [37m/wd/hub/session/96b54b29-af5a-450d-8504-b02c605e340e/elements[39m
[35m[HTTP][39m [90m{"using":"xpath","value":"//*[@class = 'android.widget.EditText' and (@text = 'Nameeeee' or . = 'Nameeeee') and @resource-id = 'com.rimhimstudios.register:id/nameeeee']"}[39m
[35m[HTTP][39m [37m<-- POST /wd/hub/session/96b54b29-af5a-450d-8504-b02c605e340e/elements [39m[32m200[39m [90m66 ms - 12[39m
[35m[HTTP][39m [90m[39m
[35m[HTTP][39m [37m-->[39m [37mPOST[39m [37m/wd/hub/session/96b54b29-af5a-450d-8504-b02c605e340e/elements[39m
[35m[HTTP][39m [90m{"using":"xpath","value":"//*[@class = 'android.widget.EditText' and (@text = 'Nameeeee' or . = 'Nameeeee') and @resource-id = 'com.rimhimstudios.register:id/nameeeee']"}[39m
[35m[HTTP][39m [37m<-- POST /wd/hub/session/96b54b29-af5a-450d-8504-b02c605e340e/elements [39m[32m200[39m [90m80 ms - 12[39m
[35m[HTTP][39m [90m[39m
[35m[HTTP][39m [37m-->[39m [37mPOST[39m [37m/wd/hub/session/96b54b29-af5a-450d-8504-b02c605e340e/elements[39m
[35m[HTTP][39m [90m{"using":"xpath","value":"//*[@class = 'android.widget.EditText' and (@text = 'Nameeeee' or . = 'Nameeeee') and @resource-id = 'com.rimhimstudios.register:id/nameeeee']"}[39m
[35m[HTTP][39m [37m<-- POST /wd/hub/session/96b54b29-af5a-450d-8504-b02c605e340e/elements [39m[32m200[39m [90m78 ms - 12[39m
[35m[HTTP][39m [90m[39m
[35m[HTTP][39m [37m-->[39m [37mPOST[39m [37m/wd/hub/session/96b54b29-af5a-450d-8504-b02c605e340e/elements[39m
[35m[HTTP][39m [90m{"using":"xpath","value":"//*[@class = 'android.widget.EditText' and (@text = 'Nameeeee' or . = 'Nameeeee') and @resource-id = 'com.rimhimstudios.register:id/nameeeee']"}[39m
[35m[HTTP][39m [37m<-- POST /wd/hub/session/96b54b29-af5a-450d-8504-b02c605e340e/elements [39m[32m200[39m [90m86 ms - 12[39m
[35m[HTTP][39m [90m[39m
[35m[HTTP][39m [37m-->[39m [37mPOST[39m [37m/wd/hub/session/96b54b29-af5a-450d-8504-b02c605e340e/elements[39m
[35m[HTTP][39m [90m{"using":"xpath","value":"//*[@class = 'android.widget.EditText' and (@text = 'Nameeeee' or . = 'Nameeeee') and @resource-id = 'com.rimhimstudios.register:id/nameeeee']"}[39m
[35m[HTTP][39m [37m<-- POST /wd/hub/session/96b54b29-af5a-450d-8504-b02c605e340e/elements [39m[32m200[39m [90m81 ms - 12[39m
[35m[HTTP][39m [90m[39m
[35m[HTTP][39m [37m-->[39m [37mPOST[39m [37m/wd/hub/session/96b54b29-af5a-450d-8504-b02c605e340e/elements[39m
[35m[HTTP][39m [90m{"using":"xpath","value":"//*[@class = 'android.widget.EditText' and (@text = 'Nameeeee' or . = 'Nameeeee') and @resource-id = 'com.rimhimstudios.register:id/nameeeee']"}[39m
[35m[HTTP][39m [37m<-- POST /wd/hub/session/96b54b29-af5a-450d-8504-b02c605e340e/elements [39m[32m200[39m [90m81 ms - 12[39m
[35m[HTTP][39m [90m[39m
[35m[HTTP][39m [37m-->[39m [37mPOST[39m [37m/wd/hub/session/96b54b29-af5a-450d-8504-b02c605e340e/elements[39m
[35m[HTTP][39m [90m{"using":"xpath","value":"//*[@class = 'android.widget.EditText' and (@text = 'Nameeeee' or . = 'Nameeeee') and @resource-id = 'com.rimhimstudios.register:id/nameeeee']"}[39m
[35m[HTTP][39m [37m<-- POST /wd/hub/session/96b54b29-af5a-450d-8504-b02c605e340e/elements [39m[32m200[39m [90m79 ms - 12[39m
[35m[HTTP][39m [90m[39m
[35m[HTTP][39m [37m-->[39m [37mPOST[39m [37m/wd/hub/session/96b54b29-af5a-450d-8504-b02c605e340e/elements[39m
[35m[HTTP][39m [90m{"using":"xpath","value":"//*[@class = 'android.widget.EditText' and (@text = 'Nameeeee' or . = 'Nameeeee') and @resource-id = 'com.rimhimstudios.register:id/nameeeee']"}[39m
[35m[HTTP][39m [37m<-- POST /wd/hub/session/96b54b29-af5a-450d-8504-b02c605e340e/elements [39m[32m200[39m [90m85 ms - 12[39m
[35m[HTTP][39m [90m[39m
[35m[HTTP][39m [37m-->[39m [37mPOST[39m [37m/wd/hub/session/96b54b29-af5a-450d-8504-b02c605e340e/elements[39m
[35m[HTTP][39m [90m{"using":"xpath","value":"//*[@class = 'android.widget.EditText' and (@text = 'Nameeeee' or . = 'Nameeeee') and @resource-id = 'com.rimhimstudios.register:id/nameeeee']"}[39m
[35m[HTTP][39m [37m<-- POST /wd/hub/session/96b54b29-af5a-450d-8504-b02c605e340e/elements [39m[32m200[39m [90m90 ms - 12[39m
[35m[HTTP][39m [90m[39m
[35m[HTTP][39m [37m-->[39m [37mPOST[39m [37m/wd/hub/session/96b54b29-af5a-450d-8504-b02c605e340e/elements[39m
[35m[HTTP][39m [90m{"using":"xpath","value":"//*[@class = 'android.widget.EditText' and (@text = 'Nameeeee' or . = 'Nameeeee') and @resource-id = 'com.rimhimstudios.register:id/nameeeee']"}[39m
[35m[HTTP][39m [37m<-- POST /wd/hub/session/96b54b29-af5a-450d-8504-b02c605e340e/elements [39m[32m200[39m [90m80 ms - 12[39m
[35m[HTTP][39m [90m[39m
[35m[HTTP][39m [37m-->[39m [37mPOST[39m [37m/wd/hub/session/96b54b29-af5a-450d-8504-b02c605e340e/elements[39m
[35m[HTTP][39m [90m{"using":"xpath","value":"//*[@class = 'android.widget.EditText' and (@text = 'Nameeeee' or . = 'Nameeeee') and @resource-id = 'com.rimhimstudios.register:id/nameeeee']"}[39m
[35m[HTTP][39m [37m<-- POST /wd/hub/session/96b54b29-af5a-450d-8504-b02c605e340e/elements [39m[32m200[39m [90m79 ms - 12[39m
[35m[HTTP][39m [90m[39m
[35m[HTTP][39m [37m-->[39m [37mPOST[39m [37m/wd/hub/session/96b54b29-af5a-450d-8504-b02c605e340e/elements[39m
[35m[HTTP][39m [90m{"using":"xpath","value":"//*[@class = 'android.widget.EditText' and (@text = 'Nameeeee' or . = 'Nameeeee') and @resource-id = 'com.rimhimstudios.register:id/nameeeee']"}[39m
[35m[HTTP][39m [37m<-- POST /wd/hub/session/96b54b29-af5a-450d-8504-b02c605e340e/elements [39m[32m200[39m [90m81 ms - 12[39m
[35m[HTTP][39m [90m[39m
[35m[HTTP][39m [37m-->[39m [37mPOST[39m [37m/wd/hub/session/96b54b29-af5a-450d-8504-b02c605e340e/elements[39m
[35m[HTTP][39m [90m{"using":"xpath","value":"//*[@class = 'android.widget.EditText' and (@text = 'Nameeeee' or . = 'Nameeeee') and @resource-id = 'com.rimhimstudios.register:id/nameeeee']"}[39m
[35m[HTTP][39m [37m<-- POST /wd/hub/session/96b54b29-af5a-450d-8504-b02c605e340e/elements [39m[32m200[39m [90m84 ms - 12[39m
[35m[HTTP][39m [90m[39m
[35m[HTTP][39m [37m-->[39m [37mPOST[39m [37m/wd/hub/session/96b54b29-af5a-450d-8504-b02c605e340e/elements[39m
[35m[HTTP][39m [90m{"using":"xpath","value":"//*[@class = 'android.widget.EditText' and (@text = 'Nameeeee' or . = 'Nameeeee') and @resource-id = 'com.rimhimstudios.register:id/nameeeee']"}[39m
[35m[HTTP][39m [37m<-- POST /wd/hub/session/96b54b29-af5a-450d-8504-b02c605e340e/elements [39m[32m200[39m [90m91 ms - 12[39m
[35m[HTTP][39m [90m[39m
[35m[HTTP][39m [37m-->[39m [37mPOST[39m [37m/wd/hub/session/96b54b29-af5a-450d-8504-b02c605e340e/elements[39m
[35m[HTTP][39m [90m{"using":"xpath","value":"//*[@class = 'android.widget.EditText' and (@text = 'Nameeeee' or . = 'Nameeeee') and @resource-id = 'com.rimhimstudios.register:id/nameeeee']"}[39m
[35m[HTTP][39m [37m<-- POST /wd/hub/session/96b54b29-af5a-450d-8504-b02c605e340e/elements [39m[32m200[39m [90m79 ms - 12[39m
[35m[HTTP][39m [90m[39m
[35m[HTTP][39m [37m-->[39m [37mPOST[39m [37m/wd/hub/session/96b54b29-af5a-450d-8504-b02c605e340e/elements[39m
[35m[HTTP][39m [90m{"using":"xpath","value":"//*[@class = 'android.widget.EditText' and (@text = 'Nameeeee' or . = 'Nameeeee') and @resource-id = 'com.rimhimstudios.register:id/nameeeee']"}[39m
[35m[HTTP][39m [37m<-- POST /wd/hub/session/96b54b29-af5a-450d-8504-b02c605e340e/elements [39m[32m200[39m [90m76 ms - 12[39m
[35m[HTTP][39m [90m[39m
[35m[HTTP][39m [37m-->[39m [37mPOST[39m [37m/wd/hub/session/96b54b29-af5a-450d-8504-b02c605e340e/elements[39m
[35m[HTTP][39m [90m{"using":"xpath","value":"//*[@class = 'android.widget.EditText' and (@text = 'Nameeeee' or . = 'Nameeeee') and @resource-id = 'com.rimhimstudios.register:id/nameeeee']"}[39m
[35m[HTTP][39m [37m<-- POST /wd/hub/session/96b54b29-af5a-450d-8504-b02c605e340e/elements [39m[32m200[39m [90m80 ms - 12[39m
[35m[HTTP][39m [90m[39m
[35m[HTTP][39m [37m-->[39m [37mPOST[39m [37m/wd/hub/session/96b54b29-af5a-450d-8504-b02c605e340e/elements[39m
[35m[HTTP][39m [90m{"using":"xpath","value":"//*[@class = 'android.widget.EditText' and (@text = 'Nameeeee' or . = 'Nameeeee') and @resource-id = 'com.rimhimstudios.register:id/nameeeee']"}[39m
[35m[HTTP][39m [37m<-- POST /wd/hub/session/96b54b29-af5a-450d-8504-b02c605e340e/elements [39m[32m200[39m [90m74 ms - 12[39m
[35m[HTTP][39m [90m[39m
[35m[HTTP][39m [37m-->[39m [37mPOST[39m [37m/wd/hub/session/96b54b29-af5a-450d-8504-b02c605e340e/elements[39m
[35m[HTTP][39m [90m{"using":"xpath","value":"//*[@class = 'android.widget.EditText' and (@text = 'Nameeeee' or . = 'Nameeeee') and @resource-id = 'com.rimhimstudios.register:id/nameeeee']"}[39m
[35m[HTTP][39m [37m<-- POST /wd/hub/session/96b54b29-af5a-450d-8504-b02c605e340e/elements [39m[32m200[39m [90m81 ms - 12[39m
[35m[HTTP][39m [90m[39m
[35m[HTTP][39m [37m-->[39m [37mPOST[39m [37m/wd/hub/session/96b54b29-af5a-450d-8504-b02c605e340e/elements[39m
[35m[HTTP][39m [90m{"using":"xpath","value":"//*[@class = 'android.widget.EditText' and (@text = 'Nameeeee' or . = 'Nameeeee') and @resource-id = 'com.rimhimstudios.register:id/nameeeee']"}[39m
[35m[HTTP][39m [37m<-- POST /wd/hub/session/96b54b29-af5a-450d-8504-b02c605e340e/elements [39m[32m200[39m [90m79 ms - 12[39m
[35m[HTTP][39m [90m[39m
[35m[HTTP][39m [37m-->[39m [37mPOST[39m [37m/wd/hub/session/96b54b29-af5a-450d-8504-b02c605e340e/elements[39m
[35m[HTTP][39m [90m{"using":"xpath","value":"//*[@class = 'android.widget.EditText' and (@text = 'Nameeeee' or . = 'Nameeeee') and @resource-id = 'com.rimhimstudios.register:id/nameeeee']"}[39m
[35m[HTTP][39m [37m<-- POST /wd/hub/session/96b54b29-af5a-450d-8504-b02c605e340e/elements [39m[32m200[39m [90m81 ms - 12[39m
[35m[HTTP][39m [90m[39m
[35m[HTTP][39m [37m-->[39m [37mPOST[39m [37m/wd/hub/session/96b54b29-af5a-450d-8504-b02c605e340e/elements[39m
[35m[HTTP][39m [90m{"using":"xpath","value":"//*[@class = 'android.widget.EditText' and (@text = 'Nameeeee' or . = 'Nameeeee') and @resource-id = 'com.rimhimstudios.register:id/nameeeee']"}[39m
[35m[HTTP][39m [37m<-- POST /wd/hub/session/96b54b29-af5a-450d-8504-b02c605e340e/elements [39m[32m200[39m [90m78 ms - 12[39m
[35m[HTTP][39m [90m[39m
[35m[HTTP][39m [37m-->[39m [37mPOST[39m [37m/wd/hub/session/96b54b29-af5a-450d-8504-b02c605e340e/elements[39m
[35m[HTTP][39m [90m{"using":"xpath","value":"//*[@class = 'android.widget.EditText' and (@text = 'Nameeeee' or . = 'Nameeeee') and @resource-id = 'com.rimhimstudios.register:id/nameeeee']"}[39m
[35m[HTTP][39m [37m<-- POST /wd/hub/session/96b54b29-af5a-450d-8504-b02c605e340e/elements [39m[32m200[39m [90m81 ms - 12[39m
[35m[HTTP][39m [90m[39m
[35m[HTTP][39m [37m-->[39m [37mPOST[39m [37m/wd/hub/session/96b54b29-af5a-450d-8504-b02c605e340e/elements[39m
[35m[HTTP][39m [90m{"using":"xpath","value":"//*[@class = 'android.widget.EditText' and (@text = 'Nameeeee' or . = 'Nameeeee') and @resource-id = 'com.rimhimstudios.register:id/nameeeee']"}[39m
[35m[HTTP][39m [37m<-- POST /wd/hub/session/96b54b29-af5a-450d-8504-b02c605e340e/elements [39m[32m200[39m [90m77 ms - 12[39m
[35m[HTTP][39m [90m[39m
[35m[HTTP][39m [37m-->[39m [37mPOST[39m [37m/wd/hub/session/96b54b29-af5a-450d-8504-b02c605e340e/elements[39m
[35m[HTTP][39m [90m{"using":"xpath","value":"//*[@class = 'android.widget.EditText' and (@text = 'Nameeeee' or . = 'Nameeeee') and @resource-id = 'com.rimhimstudios.register:id/nameeeee']"}[39m
[35m[HTTP][39m [37m<-- POST /wd/hub/session/96b54b29-af5a-450d-8504-b02c605e340e/elements [39m[32m200[39m [90m54 ms - 12[39m
[35m[HTTP][39m [90m[39m
[35m[HTTP][39m [37m-->[39m [37mPOST[39m [37m/wd/hub/session/96b54b29-af5a-450d-8504-b02c605e340e/elements[39m
[35m[HTTP][39m [90m{"using":"xpath","value":"//*[@class = 'android.widget.EditText' and (@text = 'Nameeeee' or . = 'Nameeeee') and @resource-id = 'com.rimhimstudios.register:id/nameeeee']"}[39m
[35m[HTTP][39m [37m<-- POST /wd/hub/session/96b54b29-af5a-450d-8504-b02c605e340e/elements [39m[32m200[39m [90m76 ms - 12[39m
[35m[HTTP][39m [90m[39m
[35m[HTTP][39m [37m-->[39m [37mPOST[39m [37m/wd/hub/session/96b54b29-af5a-450d-8504-b02c605e340e/elements[39m
[35m[HTTP][39m [90m{"using":"xpath","value":"//*[@class = 'android.widget.EditText' and (@text = 'Nameeeee' or . = 'Nameeeee') and @resource-id = 'com.rimhimstudios.register:id/nameeeee']"}[39m
[35m[HTTP][39m [37m<-- POST /wd/hub/session/96b54b29-af5a-450d-8504-b02c605e340e/elements [39m[32m200[39m [90m71 ms - 12[39m
[35m[HTTP][39m [90m[39m
[35m[HTTP][39m [37m-->[39m [37mPOST[39m [37m/wd/hub/session/96b54b29-af5a-450d-8504-b02c605e340e/elements[39m
[35m[HTTP][39m [90m{"using":"xpath","value":"//*[@class = 'android.widget.EditText' and (@text = 'Nameeeee' or . = 'Nameeeee') and @resource-id = 'com.rimhimstudios.register:id/nameeeee']"}[39m
[35m[HTTP][39m [37m<-- POST /wd/hub/session/96b54b29-af5a-450d-8504-b02c605e340e/elements [39m[32m200[39m [90m77 ms - 12[39m
[35m[HTTP][39m [90m[39m
[35m[HTTP][39m [37m-->[39m [37mPOST[39m [37m/wd/hub/session/96b54b29-af5a-450d-8504-b02c605e340e/elements[39m
[35m[HTTP][39m [90m{"using":"xpath","value":"//*[@class = 'android.widget.EditText' and (@text = 'Nameeeee' or . = 'Nameeeee') and @resource-id = 'com.rimhimstudios.register:id/nameeeee']"}[39m
[35m[HTTP][39m [37m<-- POST /wd/hub/session/96b54b29-af5a-450d-8504-b02c605e340e/elements [39m[32m200[39m [90m73 ms - 12[39m
[35m[HTTP][39m [90m[39m
[35m[HTTP][39m [37m-->[39m [37mPOST[39m [37m/wd/hub/session/96b54b29-af5a-450d-8504-b02c605e340e/elements[39m
[35m[HTTP][39m [90m{"using":"xpath","value":"//*[@class = 'android.widget.EditText' and (@text = 'Nameeeee' or . = 'Nameeeee') and @resource-id = 'com.rimhimstudios.register:id/nameeeee']"}[39m
[35m[HTTP][39m [37m<-- POST /wd/hub/session/96b54b29-af5a-450d-8504-b02c605e340e/elements [39m[32m200[39m [90m75 ms - 12[39m
[35m[HTTP][39m [90m[39m
[35m[HTTP][39m [37m-->[39m [37mPOST[39m [37m/wd/hub/session/96b54b29-af5a-450d-8504-b02c605e340e/elements[39m
[35m[HTTP][39m [90m{"using":"xpath","value":"//*[@class = 'android.widget.EditText' and (@text = 'Nameeeee' or . = 'Nameeeee') and @resource-id = 'com.rimhimstudios.register:id/nameeeee']"}[39m
[35m[HTTP][39m [37m<-- POST /wd/hub/session/96b54b29-af5a-450d-8504-b02c605e340e/elements [39m[32m200[39m [90m84 ms - 12[39m
[35m[HTTP][39m [90m[39m
[35m[HTTP][39m [37m-->[39m [37mPOST[39m [37m/wd/hub/session/96b54b29-af5a-450d-8504-b02c605e340e/elements[39m
[35m[HTTP][39m [90m{"using":"xpath","value":"//*[@class = 'android.widget.EditText' and (@text = 'Nameeeee' or . = 'Nameeeee') and @resource-id = 'com.rimhimstudios.register:id/nameeeee']"}[39m
[35m[HTTP][39m [37m<-- POST /wd/hub/session/96b54b29-af5a-450d-8504-b02c605e340e/elements [39m[32m200[39m [90m78 ms - 12[39m
[35m[HTTP][39m [90m[39m
[35m[HTTP][39m [37m-->[39m [37mPOST[39m [37m/wd/hub/session/96b54b29-af5a-450d-8504-b02c605e340e/elements[39m
[35m[HTTP][39m [90m{"using":"xpath","value":"//*[@class = 'android.widget.EditText' and (@text = 'Nameeeee' or . = 'Nameeeee') and @resource-id = 'com.rimhimstudios.register:id/nameeeee']"}[39m
[35m[HTTP][39m [37m<-- POST /wd/hub/session/96b54b29-af5a-450d-8504-b02c605e340e/elements [39m[32m200[39m [90m75 ms - 12[39m
[35m[HTTP][39m [90m[39m
[35m[HTTP][39m [37m-->[39m [37mPOST[39m [37m/wd/hub/session/96b54b29-af5a-450d-8504-b02c605e340e/elements[39m
[35m[HTTP][39m [90m{"using":"xpath","value":"//*[@class = 'android.widget.EditText' and (@text = 'Nameeeee' or . = 'Nameeeee') and @resource-id = 'com.rimhimstudios.register:id/nameeeee']"}[39m
[35m[HTTP][39m [37m<-- POST /wd/hub/session/96b54b29-af5a-450d-8504-b02c605e340e/elements [39m[32m200[39m [90m81 ms - 12[39m
[35m[HTTP][39m [90m[39m
[35m[HTTP][39m [37m-->[39m [37mPOST[39m [37m/wd/hub/session/96b54b29-af5a-450d-8504-b02c605e340e/elements[39m
[35m[HTTP][39m [90m{"using":"xpath","value":"//*[@class = 'android.widget.EditText' and (@text = 'Nameeeee' or . = 'Nameeeee') and @resource-id = 'com.rimhimstudios.register:id/nameeeee']"}[39m
[35m[HTTP][39m [37m<-- POST /wd/hub/session/96b54b29-af5a-450d-8504-b02c605e340e/elements [39m[32m200[39m [90m75 ms - 12[39m
[35m[HTTP][39m [90m[39m
[35m[HTTP][39m [37m-->[39m [37mPOST[39m [37m/wd/hub/session/96b54b29-af5a-450d-8504-b02c605e340e/elements[39m
[35m[HTTP][39m [90m{"using":"xpath","value":"//*[@class = 'android.widget.EditText' and (@text = 'Nameeeee' or . = 'Nameeeee') and @resource-id = 'com.rimhimstudios.register:id/nameeeee']"}[39m
[35m[HTTP][39m [37m<-- POST /wd/hub/session/96b54b29-af5a-450d-8504-b02c605e340e/elements [39m[32m200[39m [90m74 ms - 12[39m
[35m[HTTP][39m [90m[39m
[35m[HTTP][39m [37m-->[39m [37mPOST[39m [37m/wd/hub/session/96b54b29-af5a-450d-8504-b02c605e340e/elements[39m
[35m[HTTP][39m [90m{"using":"xpath","value":"//*[@class = 'android.widget.EditText' and (@text = 'Nameeeee' or . = 'Nameeeee') and @resource-id = 'com.rimhimstudios.register:id/nameeeee']"}[39m
[35m[HTTP][39m [37m<-- POST /wd/hub/session/96b54b29-af5a-450d-8504-b02c605e340e/elements [39m[32m200[39m [90m75 ms - 12[39m
[35m[HTTP][39m [90m[39m
[35m[HTTP][39m [37m-->[39m [37mPOST[39m [37m/wd/hub/session/96b54b29-af5a-450d-8504-b02c605e340e/elements[39m
[35m[HTTP][39m [90m{"using":"xpath","value":"//*[@class = 'android.widget.EditText' and (@text = 'Nameeeee' or . = 'Nameeeee') and @resource-id = 'com.rimhimstudios.register:id/nameeeee']"}[39m
[35m[HTTP][39m [37m<-- POST /wd/hub/session/96b54b29-af5a-450d-8504-b02c605e340e/elements [39m[32m200[39m [90m74 ms - 12[39m
[35m[HTTP][39m [90m[39m
[35m[HTTP][39m [37m-->[39m [37mPOST[39m [37m/wd/hub/session/96b54b29-af5a-450d-8504-b02c605e340e/elements[39m
[35m[HTTP][39m [90m{"using":"xpath","value":"//*[@class = 'android.widget.EditText' and (@text = 'Nameeeee' or . = 'Nameeeee') and @resource-id = 'com.rimhimstudios.register:id/nameeeee']"}[39m
[35m[HTTP][39m [37m<-- POST /wd/hub/session/96b54b29-af5a-450d-8504-b02c605e340e/elements [39m[32m200[39m [90m77 ms - 12[39m
[35m[HTTP][39m [90m[39m
[35m[HTTP][39m [37m-->[39m [37mPOST[39m [37m/wd/hub/session/96b54b29-af5a-450d-8504-b02c605e340e/elements[39m
[35m[HTTP][39m [90m{"using":"xpath","value":"//*[@class = 'android.widget.EditText' and (@text = 'Nameeeee' or . = 'Nameeeee') and @resource-id = 'com.rimhimstudios.register:id/nameeeee']"}[39m
[35m[HTTP][39m [37m<-- POST /wd/hub/session/96b54b29-af5a-450d-8504-b02c605e340e/elements [39m[32m200[39m [90m74 ms - 12[39m
[35m[HTTP][39m [90m[39m
[35m[HTTP][39m [37m-->[39m [37mPOST[39m [37m/wd/hub/session/96b54b29-af5a-450d-8504-b02c605e340e/elements[39m
[35m[HTTP][39m [90m{"using":"xpath","value":"//*[@class = 'android.widget.EditText' and (@text = 'Nameeeee' or . = 'Nameeeee') and @resource-id = 'com.rimhimstudios.register:id/nameeeee']"}[39m
[35m[HTTP][39m [37m<-- POST /wd/hub/session/96b54b29-af5a-450d-8504-b02c605e340e/elements [39m[32m200[39m [90m74 ms - 12[39m
[35m[HTTP][39m [90m[39m
[35m[HTTP][39m [37m-->[39m [37mPOST[39m [37m/wd/hub/session/96b54b29-af5a-450d-8504-b02c605e340e/elements[39m
[35m[HTTP][39m [90m{"using":"xpath","value":"//*[@class = 'android.widget.EditText' and (@text = 'Nameeeee' or . = 'Nameeeee') and @resource-id = 'com.rimhimstudios.register:id/nameeeee']"}[39m
[35m[HTTP][39m [37m<-- POST /wd/hub/session/96b54b29-af5a-450d-8504-b02c605e340e/elements [39m[32m200[39m [90m85 ms - 12[39m
[35m[HTTP][39m [90m[39m
[35m[HTTP][39m [37m-->[39m [37mPOST[39m [37m/wd/hub/session/96b54b29-af5a-450d-8504-b02c605e340e/elements[39m
[35m[HTTP][39m [90m{"using":"xpath","value":"//*[@class = 'android.widget.EditText' and (@text = 'Nameeeee' or . = 'Nameeeee') and @resource-id = 'com.rimhimstudios.register:id/nameeeee']"}[39m
[35m[HTTP][39m [37m<-- POST /wd/hub/session/96b54b29-af5a-450d-8504-b02c605e340e/elements [39m[32m200[39m [90m84 ms - 12[39m
[35m[HTTP][39m [90m[39m
[35m[HTTP][39m [37m-->[39m [37mPOST[39m [37m/wd/hub/session/96b54b29-af5a-450d-8504-b02c605e340e/elements[39m
[35m[HTTP][39m [90m{"using":"xpath","value":"//*[@class = 'android.widget.EditText' and (@text = 'Nameeeee' or . = 'Nameeeee') and @resource-id = 'com.rimhimstudios.register:id/nameeeee']"}[39m
[35m[HTTP][39m [37m<-- POST /wd/hub/session/96b54b29-af5a-450d-8504-b02c605e340e/elements [39m[32m200[39m [90m78 ms - 12[39m
[35m[HTTP][39m [90m[39m
[35m[HTTP][39m [37m-->[39m [37mPOST[39m [37m/wd/hub/session/96b54b29-af5a-450d-8504-b02c605e340e/elements[39m
[35m[HTTP][39m [90m{"using":"xpath","value":"//*[@class = 'android.widget.EditText' and (@text = 'Nameeeee' or . = 'Nameeeee') and @resource-id = 'com.rimhimstudios.register:id/nameeeee']"}[39m
[35m[HTTP][39m [37m<-- POST /wd/hub/session/96b54b29-af5a-450d-8504-b02c605e340e/elements [39m[32m200[39m [90m80 ms - 12[39m
[35m[HTTP][39m [90m[39m
[35m[HTTP][39m [37m-->[39m [37mPOST[39m [37m/wd/hub/session/96b54b29-af5a-450d-8504-b02c605e340e/elements[39m
[35m[HTTP][39m [90m{"using":"xpath","value":"//*[@class = 'android.widget.EditText' and (@text = 'Nameeeee' or . = 'Nameeeee') and @resource-id = 'com.rimhimstudios.register:id/nameeeee']"}[39m
[35m[HTTP][39m [37m<-- POST /wd/hub/session/96b54b29-af5a-450d-8504-b02c605e340e/elements [39m[32m200[39m [90m74 ms - 12[39m
[35m[HTTP][39m [90m[39m
[35m[HTTP][39m [37m-->[39m [37mPOST[39m [37m/wd/hub/session/96b54b29-af5a-450d-8504-b02c605e340e/elements[39m
[35m[HTTP][39m [90m{"using":"xpath","value":"//*[@class = 'android.widget.EditText' and (@text = 'Nameeeee' or . = 'Nameeeee') and @resource-id = 'com.rimhimstudios.register:id/nameeeee']"}[39m
[35m[HTTP][39m [37m<-- POST /wd/hub/session/96b54b29-af5a-450d-8504-b02c605e340e/elements [39m[32m200[39m [90m78 ms - 12[39m
[35m[HTTP][39m [90m[39m
[35m[HTTP][39m [37m-->[39m [37mPOST[39m [37m/wd/hub/session/96b54b29-af5a-450d-8504-b02c605e340e/elements[39m
[35m[HTTP][39m [90m{"using":"xpath","value":"//*[@class = 'android.widget.EditText' and (@text = 'Nameeeee' or . = 'Nameeeee') and @resource-id = 'com.rimhimstudios.register:id/nameeeee']"}[39m
[35m[HTTP][39m [37m<-- POST /wd/hub/session/96b54b29-af5a-450d-8504-b02c605e340e/elements [39m[32m200[39m [90m76 ms - 12[39m
[35m[HTTP][39m [90m[39m
[35m[HTTP][39m [37m-->[39m [37mPOST[39m [37m/wd/hub/session/96b54b29-af5a-450d-8504-b02c605e340e/elements[39m
[35m[HTTP][39m [90m{"using":"xpath","value":"//*[@class = 'android.widget.EditText' and (@text = 'Nameeeee' or . = 'Nameeeee') and @resource-id = 'com.rimhimstudios.register:id/nameeeee']"}[39m
[35m[HTTP][39m [37m<-- POST /wd/hub/session/96b54b29-af5a-450d-8504-b02c605e340e/elements [39m[32m200[39m [90m91 ms - 12[39m
[35m[HTTP][39m [90m[39m
[35m[HTTP][39m [37m-->[39m [37mPOST[39m [37m/wd/hub/session/96b54b29-af5a-450d-8504-b02c605e340e/elements[39m
[35m[HTTP][39m [90m{"using":"xpath","value":"//*[@class = 'android.widget.EditText' and (@text = 'Nameeeee' or . = 'Nameeeee') and @resource-id = 'com.rimhimstudios.register:id/nameeeee']"}[39m
[35m[HTTP][39m [37m<-- POST /wd/hub/session/96b54b29-af5a-450d-8504-b02c605e340e/elements [39m[32m200[39m [90m76 ms - 12[39m
[35m[HTTP][39m [90m[39m
[35m[HTTP][39m [37m-->[39m [37mPOST[39m [37m/wd/hub/session/96b54b29-af5a-450d-8504-b02c605e340e/elements[39m
[35m[HTTP][39m [90m{"using":"xpath","value":"//*[@class = 'android.widget.EditText' and (@text = 'Nameeeee' or . = 'Nameeeee') and @resource-id = 'com.rimhimstudios.register:id/nameeeee']"}[39m
[35m[HTTP][39m [37m<-- POST /wd/hub/session/96b54b29-af5a-450d-8504-b02c605e340e/elements [39m[32m200[39m [90m81 ms - 12[39m
[35m[HTTP][39m [90m[39m
[35m[HTTP][39m [37m-->[39m [37mPOST[39m [37m/wd/hub/session/96b54b29-af5a-450d-8504-b02c605e340e/elements[39m
[35m[HTTP][39m [90m{"using":"xpath","value":"//*[@class = 'android.widget.EditText' and (@text = 'Nameeeee' or . = 'Nameeeee') and @resource-id = 'com.rimhimstudios.register:id/nameeeee']"}[39m
[35m[HTTP][39m [37m<-- POST /wd/hub/session/96b54b29-af5a-450d-8504-b02c605e340e/elements [39m[32m200[39m [90m105 ms - 12[39m
[35m[HTTP][39m [90m[39m
[35m[HTTP][39m [37m-->[39m [37mPOST[39m [37m/wd/hub/session/96b54b29-af5a-450d-8504-b02c605e340e/elements[39m
[35m[HTTP][39m [90m{"using":"xpath","value":"//*[@class = 'android.widget.EditText' and (@text = 'Nameeeee' or . = 'Nameeeee') and @resource-id = 'com.rimhimstudios.register:id/nameeeee']"}[39m
[35m[HTTP][39m [37m<-- POST /wd/hub/session/96b54b29-af5a-450d-8504-b02c605e340e/elements [39m[32m200[39m [90m76 ms - 12[39m
[35m[HTTP][39m [90m[39m
[35m[HTTP][39m [37m-->[39m [37mPOST[39m [37m/wd/hub/session/96b54b29-af5a-450d-8504-b02c605e340e/elements[39m
[35m[HTTP][39m [90m{"using":"xpath","value":"//*[@class = 'android.widget.EditText' and (@text = 'Nameeeee' or . = 'Nameeeee') and @resource-id = 'com.rimhimstudios.register:id/nameeeee']"}[39m
[35m[HTTP][39m [37m<-- POST /wd/hub/session/96b54b29-af5a-450d-8504-b02c605e340e/elements [39m[32m200[39m [90m78 ms - 12[39m
[35m[HTTP][39m [90m[39m
[35m[HTTP][39m [37m-->[39m [37mPOST[39m [37m/wd/hub/session/96b54b29-af5a-450d-8504-b02c605e340e/elements[39m
[35m[HTTP][39m [90m{"using":"xpath","value":"//*[@class = 'android.widget.EditText' and (@text = 'Nameeeee' or . = 'Nameeeee') and @resource-id = 'com.rimhimstudios.register:id/nameeeee']"}[39m
[35m[HTTP][39m [37m<-- POST /wd/hub/session/96b54b29-af5a-450d-8504-b02c605e340e/elements [39m[32m200[39m [90m81 ms - 12[39m
[35m[HTTP][39m [90m[39m
[35m[HTTP][39m [37m-->[39m [37mPOST[39m [37m/wd/hub/session/96b54b29-af5a-450d-8504-b02c605e340e/elements[39m
[35m[HTTP][39m [90m{"using":"xpath","value":"//*[@class = 'android.widget.EditText' and (@text = 'Nameeeee' or . = 'Nameeeee') and @resource-id = 'com.rimhimstudios.register:id/nameeeee']"}[39m
[35m[HTTP][39m [37m<-- POST /wd/hub/session/96b54b29-af5a-450d-8504-b02c605e340e/elements [39m[32m200[39m [90m77 ms - 12[39m
[35m[HTTP][39m [90m[39m
[35m[HTTP][39m [37m-->[39m [37mPOST[39m [37m/wd/hub/session/96b54b29-af5a-450d-8504-b02c605e340e/elements[39m
[35m[HTTP][39m [90m{"using":"xpath","value":"//*[@class = 'android.widget.EditText' and (@text = 'Nameeeee' or . = 'Nameeeee') and @resource-id = 'com.rimhimstudios.register:id/nameeeee']"}[39m
[35m[HTTP][39m [37m<-- POST /wd/hub/session/96b54b29-af5a-450d-8504-b02c605e340e/elements [39m[32m200[39m [90m75 ms - 12[39m
[35m[HTTP][39m [90m[39m
[35m[HTTP][39m [37m-->[39m [37mPOST[39m [37m/wd/hub/session/96b54b29-af5a-450d-8504-b02c605e340e/elements[39m
[35m[HTTP][39m [90m{"using":"xpath","value":"//*[@class = 'android.widget.EditText' and (@text = 'Nameeeee' or . = 'Nameeeee') and @resource-id = 'com.rimhimstudios.register:id/nameeeee']"}[39m
[35m[HTTP][39m [37m<-- POST /wd/hub/session/96b54b29-af5a-450d-8504-b02c605e340e/elements [39m[32m200[39m [90m76 ms - 12[39m
[35m[HTTP][39m [90m[39m
[35m[HTTP][39m [37m-->[39m [37mPOST[39m [37m/wd/hub/session/96b54b29-af5a-450d-8504-b02c605e340e/elements[39m
[35m[HTTP][39m [90m{"using":"xpath","value":"//*[@class = 'android.widget.EditText' and (@text = 'Nameeeee' or . = 'Nameeeee') and @resource-id = 'com.rimhimstudios.register:id/nameeeee']"}[39m
[35m[HTTP][39m [37m<-- POST /wd/hub/session/96b54b29-af5a-450d-8504-b02c605e340e/elements [39m[32m200[39m [90m97 ms - 12[39m
[35m[HTTP][39m [90m[39m
[35m[HTTP][39m [37m-->[39m [37mPOST[39m [37m/wd/hub/session/96b54b29-af5a-450d-8504-b02c605e340e/elements[39m
[35m[HTTP][39m [90m{"using":"xpath","value":"//*[@class = 'android.widget.EditText' and (@text = 'Nameeeee' or . = 'Nameeeee') and @resource-id = 'com.rimhimstudios.register:id/nameeeee']"}[39m
[35m[HTTP][39m [37m<-- POST /wd/hub/session/96b54b29-af5a-450d-8504-b02c605e340e/elements [39m[32m200[39m [90m81 ms - 12[39m
[35m[HTTP][39m [90m[39m
[35m[HTTP][39m [37m-->[39m [37mPOST[39m [37m/wd/hub/session/96b54b29-af5a-450d-8504-b02c605e340e/elements[39m
[35m[HTTP][39m [90m{"using":"xpath","value":"//*[@class = 'android.widget.EditText' and (@text = 'Nameeeee' or . = 'Nameeeee') and @resource-id = 'com.rimhimstudios.register:id/nameeeee']"}[39m
[35m[HTTP][39m [37m<-- POST /wd/hub/session/96b54b29-af5a-450d-8504-b02c605e340e/elements [39m[32m200[39m [90m72 ms - 12[39m
[35m[HTTP][39m [90m[39m
[35m[HTTP][39m [37m-->[39m [37mPOST[39m [37m/wd/hub/session/96b54b29-af5a-450d-8504-b02c605e340e/elements[39m
[35m[HTTP][39m [90m{"using":"xpath","value":"//*[@class = 'android.widget.EditText' and (@text = 'Nameeeee' or . = 'Nameeeee') and @resource-id = 'com.rimhimstudios.register:id/nameeeee']"}[39m
[35m[HTTP][39m [37m<-- POST /wd/hub/session/96b54b29-af5a-450d-8504-b02c605e340e/elements [39m[32m200[39m [90m85 ms - 12[39m
[35m[HTTP][39m [90m[39m
[35m[HTTP][39m [37m-->[39m [37mPOST[39m [37m/wd/hub/session/96b54b29-af5a-450d-8504-b02c605e340e/elements[39m
[35m[HTTP][39m [90m{"using":"xpath","value":"//*[@class = 'android.widget.EditText' and (@text = 'Nameeeee' or . = 'Nameeeee') and @resource-id = 'com.rimhimstudios.register:id/nameeeee']"}[39m
[35m[HTTP][39m [37m<-- POST /wd/hub/session/96b54b29-af5a-450d-8504-b02c605e340e/elements [39m[32m200[39m [90m74 ms - 12[39m
[35m[HTTP][39m [90m[39m
[35m[HTTP][39m [37m-->[39m [37mPOST[39m [37m/wd/hub/session/96b54b29-af5a-450d-8504-b02c605e340e/elements[39m
[35m[HTTP][39m [90m{"using":"xpath","value":"//*[@class = 'android.widget.EditText' and (@text = 'Nameeeee' or . = 'Nameeeee') and @resource-id = 'com.rimhimstudios.register:id/nameeeee']"}[39m
[35m[HTTP][39m [37m<-- POST /wd/hub/session/96b54b29-af5a-450d-8504-b02c605e340e/elements [39m[32m200[39m [90m72 ms - 12[39m
[35m[HTTP][39m [90m[39m
[35m[HTTP][39m [37m-->[39m [37mPOST[39m [37m/wd/hub/session/96b54b29-af5a-450d-8504-b02c605e340e/elements[39m
[35m[HTTP][39m [90m{"using":"xpath","value":"//*[@class = 'android.widget.EditText' and (@text = 'Nameeeee' or . = 'Nameeeee') and @resource-id = 'com.rimhimstudios.register:id/nameeeee']"}[39m
[35m[HTTP][39m [37m<-- POST /wd/hub/session/96b54b29-af5a-450d-8504-b02c605e340e/elements [39m[32m200[39m [90m76 ms - 12[39m
[35m[HTTP][39m [90m[39m
[35m[HTTP][39m [37m-->[39m [37mPOST[39m [37m/wd/hub/session/96b54b29-af5a-450d-8504-b02c605e340e/elements[39m
[35m[HTTP][39m [90m{"using":"xpath","value":"//*[@class = 'android.widget.EditText' and (@text = 'Nameeeee' or . = 'Nameeeee') and @resource-id = 'com.rimhimstudios.register:id/nameeeee']"}[39m
[35m[HTTP][39m [37m<-- POST /wd/hub/session/96b54b29-af5a-450d-8504-b02c605e340e/elements [39m[32m200[39m [90m71 ms - 12[39m
[35m[HTTP][39m [90m[39m
[35m[HTTP][39m [37m-->[39m [37mPOST[39m [37m/wd/hub/session/96b54b29-af5a-450d-8504-b02c605e340e/elements[39m
[35m[HTTP][39m [90m{"using":"xpath","value":"//*[@class = 'android.widget.EditText' and (@text = 'Nameeeee' or . = 'Nameeeee') and @resource-id = 'com.rimhimstudios.register:id/nameeeee']"}[39m
[35m[HTTP][39m [37m<-- POST /wd/hub/session/96b54b29-af5a-450d-8504-b02c605e340e/elements [39m[32m200[39m [90m70 ms - 12[39m
[35m[HTTP][39m [90m[39m
[35m[HTTP][39m [37m-->[39m [37mPOST[39m [37m/wd/hub/session/96b54b29-af5a-450d-8504-b02c605e340e/elements[39m
[35m[HTTP][39m [90m{"using":"xpath","value":"//*[@class = 'android.widget.EditText' and (@text = 'Nameeeee' or . = 'Nameeeee') and @resource-id = 'com.rimhimstudios.register:id/nameeeee']"}[39m
[35m[HTTP][39m [37m<-- POST /wd/hub/session/96b54b29-af5a-450d-8504-b02c605e340e/elements [39m[32m200[39m [90m74 ms - 12[39m
[35m[HTTP][39m [90m[39m
[35m[HTTP][39m [37m-->[39m [37mPOST[39m [37m/wd/hub/session/96b54b29-af5a-450d-8504-b02c605e340e/elements[39m
[35m[HTTP][39m [90m{"using":"xpath","value":"//*[@class = 'android.widget.EditText' and (@text = 'Nameeeee' or . = 'Nameeeee') and @resource-id = 'com.rimhimstudios.register:id/nameeeee']"}[39m
[35m[HTTP][39m [37m<-- POST /wd/hub/session/96b54b29-af5a-450d-8504-b02c605e340e/elements [39m[32m200[39m [90m73 ms - 12[39m
[35m[HTTP][39m [90m[39m
[35m[HTTP][39m [37m-->[39m [37mPOST[39m [37m/wd/hub/session/96b54b29-af5a-450d-8504-b02c605e340e/elements[39m
[35m[HTTP][39m [90m{"using":"xpath","value":"//*[@class = 'android.widget.EditText' and (@text = 'Nameeeee' or . = 'Nameeeee') and @resource-id = 'com.rimhimstudios.register:id/nameeeee']"}[39m
[35m[HTTP][39m [37m<-- POST /wd/hub/session/96b54b29-af5a-450d-8504-b02c605e340e/elements [39m[32m200[39m [90m70 ms - 12[39m
[35m[HTTP][39m [90m[39m
[35m[HTTP][39m [37m-->[39m [37mPOST[39m [37m/wd/hub/session/96b54b29-af5a-450d-8504-b02c605e340e/elements[39m
[35m[HTTP][39m [90m{"using":"xpath","value":"//*[@class = 'android.widget.EditText' and (@text = 'Nameeeee' or . = 'Nameeeee') and @resource-id = 'com.rimhimstudios.register:id/nameeeee']"}[39m
[35m[HTTP][39m [37m<-- POST /wd/hub/session/96b54b29-af5a-450d-8504-b02c605e340e/elements [39m[32m200[39m [90m83 ms - 12[39m
[35m[HTTP][39m [90m[39m
[35m[HTTP][39m [37m-->[39m [37mPOST[39m [37m/wd/hub/session/96b54b29-af5a-450d-8504-b02c605e340e/elements[39m
[35m[HTTP][39m [90m{"using":"xpath","value":"//*[@class = 'android.widget.EditText' and (@text = 'Nameeeee' or . = 'Nameeeee') and @resource-id = 'com.rimhimstudios.register:id/nameeeee']"}[39m
[35m[HTTP][39m [37m<-- POST /wd/hub/session/96b54b29-af5a-450d-8504-b02c605e340e/elements [39m[32m200[39m [90m77 ms - 12[39m
[35m[HTTP][39m [90m[39m
[35m[HTTP][39m [37m-->[39m [37mPOST[39m [37m/wd/hub/session/96b54b29-af5a-450d-8504-b02c605e340e/elements[39m
[35m[HTTP][39m [90m{"using":"xpath","value":"//*[@class = 'android.widget.EditText' and (@text = 'Nameeeee' or . = 'Nameeeee') and @resource-id = 'com.rimhimstudios.register:id/nameeeee']"}[39m
[35m[HTTP][39m [37m<-- POST /wd/hub/session/96b54b29-af5a-450d-8504-b02c605e340e/elements [39m[32m200[39m [90m74 ms - 12[39m
[35m[HTTP][39m [90m[39m
[35m[HTTP][39m [37m-->[39m [37mPOST[39m [37m/wd/hub/session/96b54b29-af5a-450d-8504-b02c605e340e/elements[39m
[35m[HTTP][39m [90m{"using":"xpath","value":"//*[@class = 'android.widget.EditText' and (@text = 'Nameeeee' or . = 'Nameeeee') and @resource-id = 'com.rimhimstudios.register:id/nameeeee']"}[39m
[35m[HTTP][39m [37m<-- POST /wd/hub/session/96b54b29-af5a-450d-8504-b02c605e340e/elements [39m[32m200[39m [90m75 ms - 12[39m
[35m[HTTP][39m [90m[39m
[35m[HTTP][39m [37m-->[39m [37mPOST[39m [37m/wd/hub/session/96b54b29-af5a-450d-8504-b02c605e340e/elements[39m
[35m[HTTP][39m [90m{"using":"xpath","value":"//*[@class = 'android.widget.EditText' and (@text = 'Nameeeee' or . = 'Nameeeee') and @resource-id = 'com.rimhimstudios.register:id/nameeeee']"}[39m
[35m[HTTP][39m [37m<-- POST /wd/hub/session/96b54b29-af5a-450d-8504-b02c605e340e/elements [39m[32m200[39m [90m74 ms - 12[39m
[35m[HTTP][39m [90m[39m
[35m[HTTP][39m [37m-->[39m [37mPOST[39m [37m/wd/hub/session/96b54b29-af5a-450d-8504-b02c605e340e/elements[39m
[35m[HTTP][39m [90m{"using":"xpath","value":"//*[@class = 'android.widget.EditText' and (@text = 'Nameeeee' or . = 'Nameeeee') and @resource-id = 'com.rimhimstudios.register:id/nameeeee']"}[39m
[35m[HTTP][39m [37m<-- POST /wd/hub/session/96b54b29-af5a-450d-8504-b02c605e340e/elements [39m[32m200[39m [90m74 ms - 12[39m
[35m[HTTP][39m [90m[39m
[35m[HTTP][39m [37m-->[39m [37mPOST[39m [37m/wd/hub/session/96b54b29-af5a-450d-8504-b02c605e340e/elements[39m
[35m[HTTP][39m [90m{"using":"xpath","value":"//*[@class = 'android.widget.EditText' and (@text = 'Nameeeee' or . = 'Nameeeee') and @resource-id = 'com.rimhimstudios.register:id/nameeeee']"}[39m
[35m[HTTP][39m [37m<-- POST /wd/hub/session/96b54b29-af5a-450d-8504-b02c605e340e/elements [39m[32m200[39m [90m76 ms - 12[39m
[35m[HTTP][39m [90m[39m
[35m[HTTP][39m [37m-->[39m [37mPOST[39m [37m/wd/hub/session/96b54b29-af5a-450d-8504-b02c605e340e/elements[39m
[35m[HTTP][39m [90m{"using":"xpath","value":"//*[@class = 'android.widget.EditText' and (@text = 'Nameeeee' or . = 'Nameeeee') and @resource-id = 'com.rimhimstudios.register:id/nameeeee']"}[39m
[35m[HTTP][39m [37m<-- POST /wd/hub/session/96b54b29-af5a-450d-8504-b02c605e340e/elements [39m[32m200[39m [90m79 ms - 12[39m
[35m[HTTP][39m [90m[39m
[35m[HTTP][39m [37m-->[39m [37mPOST[39m [37m/wd/hub/session/96b54b29-af5a-450d-8504-b02c605e340e/elements[39m
[35m[HTTP][39m [90m{"using":"xpath","value":"//*[@class = 'android.widget.EditText' and (@text = 'Nameeeee' or . = 'Nameeeee') and @resource-id = 'com.rimhimstudios.register:id/nameeeee']"}[39m
[35m[HTTP][39m [37m<-- POST /wd/hub/session/96b54b29-af5a-450d-8504-b02c605e340e/elements [39m[32m200[39m [90m73 ms - 12[39m
[35m[HTTP][39m [90m[39m
[35m[HTTP][39m [37m-->[39m [37mPOST[39m [37m/wd/hub/session/96b54b29-af5a-450d-8504-b02c605e340e/elements[39m
[35m[HTTP][39m [90m{"using":"xpath","value":"//*[@class = 'android.widget.EditText' and (@text = 'Nameeeee' or . = 'Nameeeee') and @resource-id = 'com.rimhimstudios.register:id/nameeeee']"}[39m
[35m[HTTP][39m [37m<-- POST /wd/hub/session/96b54b29-af5a-450d-8504-b02c605e340e/elements [39m[32m200[39m [90m74 ms - 12[39m
[35m[HTTP][39m [90m[39m
[35m[HTTP][39m [37m-->[39m [37mPOST[39m [37m/wd/hub/session/96b54b29-af5a-450d-8504-b02c605e340e/elements[39m
[35m[HTTP][39m [90m{"using":"xpath","value":"//*[@class = 'android.widget.EditText' and (@text = 'Nameeeee' or . = 'Nameeeee') and @resource-id = 'com.rimhimstudios.register:id/nameeeee']"}[39m
[35m[HTTP][39m [37m<-- POST /wd/hub/session/96b54b29-af5a-450d-8504-b02c605e340e/elements [39m[32m200[39m [90m71 ms - 12[39m
[35m[HTTP][39m [90m[39m
[35m[HTTP][39m [37m-->[39m [37mPOST[39m [37m/wd/hub/session/96b54b29-af5a-450d-8504-b02c605e340e/elements[39m
[35m[HTTP][39m [90m{"using":"xpath","value":"//*[@class = 'android.widget.EditText' and (@text = 'Nameeeee' or . = 'Nameeeee') and @resource-id = 'com.rimhimstudios.register:id/nameeeee']"}[39m
[35m[HTTP][39m [37m<-- POST /wd/hub/session/96b54b29-af5a-450d-8504-b02c605e340e/elements [39m[32m200[39m [90m73 ms - 12[39m
[35m[HTTP][39m [90m[39m
[35m[HTTP][39m [37m-->[39m [37mPOST[39m [37m/wd/hub/session/96b54b29-af5a-450d-8504-b02c605e340e/elements[39m
[35m[HTTP][39m [90m{"using":"xpath","value":"//*[@class = 'android.widget.EditText' and (@text = 'Nameeeee' or . = 'Nameeeee') and @resource-id = 'com.rimhimstudios.register:id/nameeeee']"}[39m
[35m[HTTP][39m [37m<-- POST /wd/hub/session/96b54b29-af5a-450d-8504-b02c605e340e/elements [39m[32m200[39m [90m82 ms - 12[39m
[35m[HTTP][39m [90m[39m
[35m[HTTP][39m [37m-->[39m [37mPOST[39m [37m/wd/hub/session/96b54b29-af5a-450d-8504-b02c605e340e/elements[39m
[35m[HTTP][39m [90m{"using":"xpath","value":"//*[@class = 'android.widget.EditText' and (@text = 'Nameeeee' or . = 'Nameeeee') and @resource-id = 'com.rimhimstudios.register:id/nameeeee']"}[39m
[35m[HTTP][39m [37m<-- POST /wd/hub/session/96b54b29-af5a-450d-8504-b02c605e340e/elements [39m[32m200[39m [90m73 ms - 12[39m
[35m[HTTP][39m [90m[39m
[35m[HTTP][39m [37m-->[39m [37mPOST[39m [37m/wd/hub/session/96b54b29-af5a-450d-8504-b02c605e340e/elements[39m
[35m[HTTP][39m [90m{"using":"xpath","value":"//*[@class = 'android.widget.EditText' and (@text = 'Nameeeee' or . = 'Nameeeee') and @resource-id = 'com.rimhimstudios.register:id/nameeeee']"}[39m
[35m[HTTP][39m [37m<-- POST /wd/hub/session/96b54b29-af5a-450d-8504-b02c605e340e/elements [39m[32m200[39m [90m72 ms - 12[39m
[35m[HTTP][39m [90m[39m
[35m[HTTP][39m [37m-->[39m [37mPOST[39m [37m/wd/hub/session/96b54b29-af5a-450d-8504-b02c605e340e/elements[39m
[35m[HTTP][39m [90m{"using":"xpath","value":"//*[@class = 'android.widget.EditText' and (@text = 'Nameeeee' or . = 'Nameeeee') and @resource-id = 'com.rimhimstudios.register:id/nameeeee']"}[39m
[35m[HTTP][39m [37m<-- POST /wd/hub/session/96b54b29-af5a-450d-8504-b02c605e340e/elements [39m[32m200[39m [90m70 ms - 12[39m
[35m[HTTP][39m [90m[39m
[35m[HTTP][39m [37m-->[39m [37mPOST[39m [37m/wd/hub/session/96b54b29-af5a-450d-8504-b02c605e340e/elements[39m
[35m[HTTP][39m [90m{"using":"xpath","value":"//*[@class = 'android.widget.EditText' and (@text = 'Nameeeee' or . = 'Nameeeee') and @resource-id = 'com.rimhimstudios.register:id/nameeeee']"}[39m
[35m[HTTP][39m [37m<-- POST /wd/hub/session/96b54b29-af5a-450d-8504-b02c605e340e/elements [39m[32m200[39m [90m69 ms - 12[39m
[35m[HTTP][39m [90m[39m
[35m[HTTP][39m [37m-->[39m [37mPOST[39m [37m/wd/hub/session/96b54b29-af5a-450d-8504-b02c605e340e/elements[39m
[35m[HTTP][39m [90m{"using":"xpath","value":"//*[@class = 'android.widget.EditText' and (@text = 'Nameeeee' or . = 'Nameeeee') and @resource-id = 'com.rimhimstudios.register:id/nameeeee']"}[39m
[35m[HTTP][39m [37m<-- POST /wd/hub/session/96b54b29-af5a-450d-8504-b02c605e340e/elements [39m[32m200[39m [90m70 ms - 12[39m
[35m[HTTP][39m [90m[39m
[35m[HTTP][39m [37m-->[39m [37mPOST[39m [37m/wd/hub/session/96b54b29-af5a-450d-8504-b02c605e340e/elements[39m
[35m[HTTP][39m [90m{"using":"xpath","value":"//*[@class = 'android.widget.EditText' and (@text = 'Nameeeee' or . = 'Nameeeee') and @resource-id = 'com.rimhimstudios.register:id/nameeeee']"}[39m
[35m[HTTP][39m [37m<-- POST /wd/hub/session/96b54b29-af5a-450d-8504-b02c605e340e/elements [39m[32m200[39m [90m78 ms - 12[39m
[35m[HTTP][39m [90m[39m
[35m[HTTP][39m [37m-->[39m [37mPOST[39m [37m/wd/hub/session/96b54b29-af5a-450d-8504-b02c605e340e/elements[39m
[35m[HTTP][39m [90m{"using":"xpath","value":"//*[@class = 'android.widget.EditText' and (@text = 'Nameeeee' or . = 'Nameeeee') and @resource-id = 'com.rimhimstudios.register:id/nameeeee']"}[39m
[35m[HTTP][39m [37m<-- POST /wd/hub/session/96b54b29-af5a-450d-8504-b02c605e340e/elements [39m[32m200[39m [90m72 ms - 12[39m
[35m[HTTP][39m [90m[39m
[35m[HTTP][39m [37m-->[39m [37mPOST[39m [37m/wd/hub/session/96b54b29-af5a-450d-8504-b02c605e340e/elements[39m
[35m[HTTP][39m [90m{"using":"xpath","value":"//*[@class = 'android.widget.EditText' and (@text = 'Nameeeee' or . = 'Nameeeee') and @resource-id = 'com.rimhimstudios.register:id/nameeeee']"}[39m
[35m[HTTP][39m [37m<-- POST /wd/hub/session/96b54b29-af5a-450d-8504-b02c605e340e/elements [39m[32m200[39m [90m73 ms - 12[39m
[35m[HTTP][39m [90m[39m
[35m[HTTP][39m [37m-->[39m [37mPOST[39m [37m/wd/hub/session/96b54b29-af5a-450d-8504-b02c605e340e/elements[39m
[35m[HTTP][39m [90m{"using":"xpath","value":"//*[@class = 'android.widget.EditText' and (@text = 'Nameeeee' or . = 'Nameeeee') and @resource-id = 'com.rimhimstudios.register:id/nameeeee']"}[39m
[35m[HTTP][39m [37m<-- POST /wd/hub/session/96b54b29-af5a-450d-8504-b02c605e340e/elements [39m[32m200[39m [90m74 ms - 12[39m
[35m[HTTP][39m [90m[39m
[35m[HTTP][39m [37m-->[39m [37mPOST[39m [37m/wd/hub/session/96b54b29-af5a-450d-8504-b02c605e340e/elements[39m
[35m[HTTP][39m [90m{"using":"xpath","value":"//*[@class = 'android.widget.EditText' and (@text = 'Nameeeee' or . = 'Nameeeee') and @resource-id = 'com.rimhimstudios.register:id/nameeeee']"}[39m
[35m[HTTP][39m [37m<-- POST /wd/hub/session/96b54b29-af5a-450d-8504-b02c605e340e/elements [39m[32m200[39m [90m75 ms - 12[39m
[35m[HTTP][39m [90m[39m
[35m[HTTP][39m [37m-->[39m [37mPOST[39m [37m/wd/hub/session/96b54b29-af5a-450d-8504-b02c605e340e/elements[39m
[35m[HTTP][39m [90m{"using":"xpath","value":"//*[@class = 'android.widget.EditText' and (@text = 'Nameeeee' or . = 'Nameeeee') and @resource-id = 'com.rimhimstudios.register:id/nameeeee']"}[39m
[35m[HTTP][39m [37m<-- POST /wd/hub/session/96b54b29-af5a-450d-8504-b02c605e340e/elements [39m[32m200[39m [90m66 ms - 12[39m
[35m[HTTP][39m [90m[39m
[35m[HTTP][39m [37m-->[39m [37mPOST[39m [37m/wd/hub/session/96b54b29-af5a-450d-8504-b02c605e340e/elements[39m
[35m[HTTP][39m [90m{"using":"xpath","value":"//*[@class = 'android.widget.EditText' and (@text = 'Nameeeee' or . = 'Nameeeee') and @resource-id = 'com.rimhimstudios.register:id/nameeeee']"}[39m
[35m[HTTP][39m [37m<-- POST /wd/hub/session/96b54b29-af5a-450d-8504-b02c605e340e/elements [39m[32m200[39m [90m80 ms - 12[39m
[35m[HTTP][39m [90m[39m
[35m[HTTP][39m [37m-->[39m [37mPOST[39m [37m/wd/hub/session/96b54b29-af5a-450d-8504-b02c605e340e/elements[39m
[35m[HTTP][39m [90m{"using":"xpath","value":"//*[@class = 'android.widget.EditText' and (@text = 'Nameeeee' or . = 'Nameeeee') and @resource-id = 'com.rimhimstudios.register:id/nameeeee']"}[39m
[35m[HTTP][39m [37m<-- POST /wd/hub/session/96b54b29-af5a-450d-8504-b02c605e340e/elements [39m[32m200[39m [90m67 ms - 12[39m
[35m[HTTP][39m [90m[39m
[35m[HTTP][39m [37m-->[39m [37mPOST[39m [37m/wd/hub/session/96b54b29-af5a-450d-8504-b02c605e340e/elements[39m
[35m[HTTP][39m [90m{"using":"xpath","value":"//*[@class = 'android.widget.EditText' and (@text = 'Nameeeee' or . = 'Nameeeee') and @resource-id = 'com.rimhimstudios.register:id/nameeeee']"}[39m
[35m[HTTP][39m [37m<-- POST /wd/hub/session/96b54b29-af5a-450d-8504-b02c605e340e/elements [39m[32m200[39m [90m72 ms - 12[39m
[35m[HTTP][39m [90m[39m
[35m[HTTP][39m [37m-->[39m [37mPOST[39m [37m/wd/hub/session/96b54b29-af5a-450d-8504-b02c605e340e/elements[39m
[35m[HTTP][39m [90m{"using":"xpath","value":"//*[@class = 'android.widget.EditText' and (@text = 'Nameeeee' or . = 'Nameeeee') and @resource-id = 'com.rimhimstudios.register:id/nameeeee']"}[39m
[35m[HTTP][39m [37m<-- POST /wd/hub/session/96b54b29-af5a-450d-8504-b02c605e340e/elements [39m[32m200[39m [90m69 ms - 12[39m
[35m[HTTP][39m [90m[39m
[35m[HTTP][39m [37m-->[39m [37mPOST[39m [37m/wd/hub/session/96b54b29-af5a-450d-8504-b02c605e340e/elements[39m
[35m[HTTP][39m [90m{"using":"xpath","value":"//*[@class = 'android.widget.EditText' and (@text = 'Nameeeee' or . = 'Nameeeee') and @resource-id = 'com.rimhimstudios.register:id/nameeeee']"}[39m
[35m[HTTP][39m [37m<-- POST /wd/hub/session/96b54b29-af5a-450d-8504-b02c605e340e/elements [39m[32m200[39m [90m71 ms - 12[39m
[35m[HTTP][39m [90m[39m
[35m[HTTP][39m [37m-->[39m [37mPOST[39m [37m/wd/hub/session/96b54b29-af5a-450d-8504-b02c605e340e/elements[39m
[35m[HTTP][39m [90m{"using":"xpath","value":"//*[@class = 'android.widget.EditText' and (@text = 'Nameeeee' or . = 'Nameeeee') and @resource-id = 'com.rimhimstudios.register:id/nameeeee']"}[39m
[35m[HTTP][39m [37m<-- POST /wd/hub/session/96b54b29-af5a-450d-8504-b02c605e340e/elements [39m[32m200[39m [90m71 ms - 12[39m
[35m[HTTP][39m [90m[39m
[35m[HTTP][39m [37m-->[39m [37mPOST[39m [37m/wd/hub/session/96b54b29-af5a-450d-8504-b02c605e340e/elements[39m
[35m[HTTP][39m [90m{"using":"xpath","value":"//*[@class = 'android.widget.EditText' and (@text = 'Nameeeee' or . = 'Nameeeee') and @resource-id = 'com.rimhimstudios.register:id/nameeeee']"}[39m
[35m[HTTP][39m [37m<-- POST /wd/hub/session/96b54b29-af5a-450d-8504-b02c605e340e/elements [39m[32m200[39m [90m75 ms - 12[39m
[35m[HTTP][39m [90m[39m
[35m[HTTP][39m [37m-->[39m [37mPOST[39m [37m/wd/hub/session/96b54b29-af5a-450d-8504-b02c605e340e/elements[39m
[35m[HTTP][39m [90m{"using":"xpath","value":"//*[@class = 'android.widget.EditText' and (@text = 'Nameeeee' or . = 'Nameeeee') and @resource-id = 'com.rimhimstudios.register:id/nameeeee']"}[39m
[35m[HTTP][39m [37m<-- POST /wd/hub/session/96b54b29-af5a-450d-8504-b02c605e340e/elements [39m[32m200[39m [90m82 ms - 12[39m
[35m[HTTP][39m [90m[39m
[35m[HTTP][39m [37m-->[39m [37mPOST[39m [37m/wd/hub/session/96b54b29-af5a-450d-8504-b02c605e340e/elements[39m
[35m[HTTP][39m [90m{"using":"xpath","value":"//*[@class = 'android.widget.EditText' and (@text = 'Nameeeee' or . = 'Nameeeee') and @resource-id = 'com.rimhimstudios.register:id/nameeeee']"}[39m
[35m[HTTP][39m [37m<-- POST /wd/hub/session/96b54b29-af5a-450d-8504-b02c605e340e/elements [39m[32m200[39m [90m73 ms - 12[39m
[35m[HTTP][39m [90m[39m
[35m[HTTP][39m [37m-->[39m [37mPOST[39m [37m/wd/hub/session/96b54b29-af5a-450d-8504-b02c605e340e/elements[39m
[35m[HTTP][39m [90m{"using":"xpath","value":"//*[@class = 'android.widget.EditText' and (@text = 'Nameeeee' or . = 'Nameeeee') and @resource-id = 'com.rimhimstudios.register:id/nameeeee']"}[39m
[35m[HTTP][39m [37m<-- POST /wd/hub/session/96b54b29-af5a-450d-8504-b02c605e340e/elements [39m[32m200[39m [90m70 ms - 12[39m
[35m[HTTP][39m [90m[39m
[35m[HTTP][39m [37m-->[39m [37mPOST[39m [37m/wd/hub/session/96b54b29-af5a-450d-8504-b02c605e340e/elements[39m
[35m[HTTP][39m [90m{"using":"xpath","value":"//*[@class = 'android.widget.EditText' and (@text = 'Nameeeee' or . = 'Nameeeee') and @resource-id = 'com.rimhimstudios.register:id/nameeeee']"}[39m
[35m[HTTP][39m [37m<-- POST /wd/hub/session/96b54b29-af5a-450d-8504-b02c605e340e/elements [39m[32m200[39m [90m71 ms - 12[39m
[35m[HTTP][39m [90m[39m
[35m[HTTP][39m [37m-->[39m [37mPOST[39m [37m/wd/hub/session/96b54b29-af5a-450d-8504-b02c605e340e/timeouts[39m
[35m[HTTP][39m [90m{"implicit":30000}[39m
[35m[HTTP][39m [37m<-- POST /wd/hub/session/96b54b29-af5a-450d-8504-b02c605e340e/timeouts [39m[32m200[39m [90m2 ms - 14[39m
[35m[HTTP][39m [90m[39m
[35m[HTTP][39m [37m-->[39m [37mGET[39m [37m/wd/hub/session/96b54b29-af5a-450d-8504-b02c605e340e/context[39m
[35m[HTTP][39m [90m{}[39m
[35m[HTTP][39m [37m<-- GET /wd/hub/session/96b54b29-af5a-450d-8504-b02c605e340e/context [39m[32m200[39m [90m1 ms - 22[39m
[35m[HTTP][39m [90m[39m
[35m[HTTP][39m [37m-->[39m [37mGET[39m [37m/wd/hub/session/96b54b29-af5a-450d-8504-b02c605e340e/contexts[39m
[35m[HTTP][39m [90m{}[39m
[35m[HTTP][39m [37m<-- GET /wd/hub/session/96b54b29-af5a-450d-8504-b02c605e340e/contexts [39m[32m200[39m [90m77 ms - 24[39m
[35m[HTTP][39m [90m[39m
[35m[HTTP][39m [37m-->[39m [37mPOST[39m [37m/wd/hub/session/96b54b29-af5a-450d-8504-b02c605e340e/context[39m
[35m[HTTP][39m [90m{"name":"NATIVE_APP"}[39m
[35m[HTTP][39m [37m<-- POST /wd/hub/session/96b54b29-af5a-450d-8504-b02c605e340e/context [39m[32m200[39m [90m1 ms - 14[39m
[35m[HTTP][39m [90m[39m
[35m[HTTP][39m [37m-->[39m [37mGET[39m [37m/wd/hub/session/96b54b29-af5a-450d-8504-b02c605e340e/screenshot[39m
[35m[HTTP][39m [90m{}[39m
[35m[HTTP][39m [37m<-- GET /wd/hub/session/96b54b29-af5a-450d-8504-b02c605e340e/screenshot [39m[32m200[39m [90m217 ms - 185842[39m
[35m[HTTP][39m [90m[39m
[35m[HTTP][39m [37m-->[39m [37mPOST[39m [37m/wd/hub/session/96b54b29-af5a-450d-8504-b02c605e340e/context[39m
[35m[HTTP][39m [90m{"name":"NATIVE_APP"}[39m
[35m[HTTP][39m [37m<-- POST /wd/hub/session/96b54b29-af5a-450d-8504-b02c605e340e/context [39m[32m200[39m [90m1 ms - 14[39m
[35m[HTTP][39m [90m[39m
[35m[HTTP][39m [37m-->[39m [37mDELETE[39m [37m/wd/hub/session/96b54b29-af5a-450d-8504-b02c605e340e[39m
[35m[HTTP][39m [90m{}[39m
[35m[Appium][39m Removing session 96b54b29-af5a-450d-8504-b02c605e340e from our master session list
[35m[UiAutomator2][39m Restoring hidden api policy to the device default configuration
[35m[HTTP][39m [37m<-- DELETE /wd/hub/session/96b54b29-af5a-450d-8504-b02c605e340e [39m[32m200[39m [90m274 ms - 14[39m
[35m[HTTP][39m [90m[39m
