[35m[Appium][39m Welcome to Appium v2.0.0
[35m[Appium][39m Non-default server args:
[35m[Appium][39m { loglevel: [32m'info'[39m, port: [33m62285[39m }
[35m[Appium][39m Attempting to load driver xcuitest...
[Appium] Attempting to load driver uiautomator2...
[Appium] Appium REST http interface listener started on http://0.0.0.0:62285
[Appium] You can provide the following URLS in your client code to connect to this server:
[Appium] 	http://127.0.0.1:62285/ (only accessible from the same host)
[Appium] 	http://192.168.104.167:62285/
[Appium] Available drivers:
[Appium]   - xcuitest@5.8.2 (automationName 'XCUITest')
[Appium]   - uiautomator2@2.34.1 (automationName 'UiAutomator2')
[Appium] Available plugins:
[Appium]   - device-farm@8.3.14
[Appium]   - appium-dashboard@v2.0.2
[Appium] No plugins activated. Use the --use-plugins flag with names of plugins to activate
[38;5;0m[HTTP][0m [37m-->[39m [37mGET[39m [37m/status[39m
[38;5;0m[HTTP][0m {}
[38;5;0m[HTTP][0m <-- GET /status 200 2 ms - 39
[38;5;0m[HTTP][0m 
[38;5;0m[HTTP][0m [37m-->[39m [37mPOST[39m [37m/session[39m
[38;5;0m[HTTP][0m {"desiredCapabilities":{"appium:systemPort":62284,"appium:newCommandTimeout":1800,"appium:platform":"ANDROID","appium:automationName":"uiautomator2","appium:fullReset":false,"appium:platformVersion":"12","appium:deviceId":"","appium:noReset":true,"appium:udid":"emulator-5554","appium:autoGrantPermissions":true,"appium:deviceName":"emulator-5554 (sdk_gphone64_arm64 - Android 12)","platformName":"Android","appium:app":"/Users/ddl02/Katalon Studio/Setup/androidapp/Register_2.0_Apkpure.apk"},"capabilities":{"firstMatch":[{"appium:app":"/Users/ddl02/Katalon Studio/Setup/androidapp/Register_2.0_Apkpure.apk","appium:autoGrantPermissions":true,"appium:automationName":"uiautomator2","appium:deviceId":"","appium:deviceName":"emulator-5554 (sdk_gphone64_arm64 - Android 12)","appium:fullReset":false,"appium:newCommandTimeout":1800,"appium:noReset":true,"appium:platform":"ANDROID","appium:platformVersion":"12","appium:systemPort":62284,"appium:udid":"emulator-5554","platformName":"android"}]}}
[Appium] Attempting to find matching driver for automationName 'uiautomator2' and platformName 'android'
[Appium] The 'uiautomator2' driver was installed and matched caps.
[Appium] Will require it at /Users/ddl02/.appium/node_modules/appium-uiautomator2-driver
[38;5;16m[AppiumDriver@f966][0m Appium v2.0.0 creating new AndroidUiautomator2Driver (v2.34.1) session
[38;5;16m[AppiumDriver@f966][0m Checking BaseDriver versions for Appium and AndroidUiautomator2Driver
[38;5;16m[AppiumDriver@f966][0m Appium's BaseDriver version is 9.4.2
[38;5;16m[AppiumDriver@f966][0m AndroidUiautomator2Driver's BaseDriver version is 9.4.1
[38;5;32m[AndroidUiautomator2Driver@c4a0][0m The following provided capabilities were not recognized by this driver:
[38;5;32m[AndroidUiautomator2Driver@c4a0][0m   deviceId
[38;5;32m[AndroidUiautomator2Driver@c4a0][0m   platform
[38;5;32m[AndroidUiautomator2Driver@c4a0 (e234b404)][0m Session created with session id: e234b404-dba5-4a90-b317-873b36cc73e5
[38;5;48m[BaseDriver][0m Using local app '/Users/ddl02/Katalon Studio/Setup/androidapp/Register_2.0_Apkpure.apk'
[38;5;64m[ADB][0m Found 1 'build-tools' folders under '/Users/ddl02/.katalon/tools/android_sdk' (newest first):
[38;5;64m[ADB][0m     /Users/ddl02/.katalon/tools/android_sdk/build-tools/29.0.3
[38;5;64m[ADB][0m Using 'adb' from '/Users/ddl02/.katalon/tools/android_sdk/platform-tools/adb'
[38;5;80m[AndroidDriver][0m Retrieving device list
[38;5;80m[AndroidDriver][0m Using device: emulator-5554
[38;5;64m[ADB][0m Using 'adb' from '/Users/ddl02/.katalon/tools/android_sdk/platform-tools/adb'
[38;5;64m[ADB][0m Getting device platform version
[38;5;32m[AndroidUiautomator2Driver@c4a0 (e234b404)][0m Relaxing hidden api policy
[38;5;64m[ADB][0m Package name: 'com.rimhimstudios.register'
[38;5;64m[ADB][0m Main activity name: 'com.rimhimstudios.register.MainActivity'
[38;5;64m[ADB][0m The application at '/Users/ddl02/.appium/node_modules/appium-uiautomator2-driver/node_modules/io.appium.settings/apks/settings_apk-debug.apk' will not be cached, because the device under test has confirmed the support of streamed installs
[38;5;64m[ADB][0m The installation of 'settings_apk-debug.apk' took 135ms
[38;5;64m[ADB][0m Using 'apksigner.jar' from '/Users/ddl02/.katalon/tools/android_sdk/build-tools/29.0.3/lib/apksigner.jar'
[38;5;64m[ADB][0m '/Users/ddl02/.appium/node_modules/appium-uiautomator2-driver/node_modules/appium-uiautomator2-server/apks/appium-uiautomator2-server-debug-androidTest.apk' is signed with the default certificate
[38;5;64m[ADB][0m '/Users/ddl02/.appium/node_modules/appium-uiautomator2-driver/node_modules/appium-uiautomator2-server/apks/appium-uiautomator2-server-v5.12.16.apk' is signed with the default certificate
[38;5;32m[AndroidUiautomator2Driver@c4a0 (e234b404)][0m Server packages are going to be (re)installed
[38;5;64m[ADB][0m The application at '/Users/ddl02/.appium/node_modules/appium-uiautomator2-driver/node_modules/appium-uiautomator2-server/apks/appium-uiautomator2-server-v5.12.16.apk' will not be cached, because the device under test has confirmed the support of streamed installs
[38;5;64m[ADB][0m The application at '/Users/ddl02/.appium/node_modules/appium-uiautomator2-driver/node_modules/appium-uiautomator2-server/apks/appium-uiautomator2-server-debug-androidTest.apk' will not be cached, because the device under test has confirmed the support of streamed installs
[38;5;64m[ADB][0m The installation of 'appium-uiautomator2-server-debug-androidTest.apk' took 250ms
[38;5;64m[ADB][0m The installation of 'appium-uiautomator2-server-v5.12.16.apk' took 409ms
[38;5;64m[ADB][0m Adding packages ["io.appium.settings","io.appium.uiautomator2.server","io.appium.uiautomator2.server.test"] to Doze whitelist
[38;5;64m[ADB][0m '/Users/ddl02/Katalon Studio/Setup/androidapp/Register_2.0_Apkpure.apk' is signed with a non-default certificate
[38;5;64m[ADB][0m The application at '/Users/ddl02/Katalon Studio/Setup/androidapp/Register_2.0_Apkpure.apk' will not be cached, because the device under test has confirmed the support of streamed installs
[38;5;64m[ADB][0m The installation of 'Register_2.0_Apkpure.apk' took 227ms
[38;5;32m[AndroidUiautomator2Driver@c4a0 (e234b404)][0m Starting UIAutomator2 server 5.12.16
[38;5;32m[AndroidUiautomator2Driver@c4a0 (e234b404)][0m Using UIAutomator2 server from '/Users/ddl02/.appium/node_modules/appium-uiautomator2-driver/node_modules/appium-uiautomator2-server/apks/appium-uiautomator2-server-v5.12.16.apk' and test from '/Users/ddl02/.appium/node_modules/appium-uiautomator2-driver/node_modules/appium-uiautomator2-server/apks/appium-uiautomator2-server-debug-androidTest.apk'
[38;5;32m[AndroidUiautomator2Driver@c4a0 (e234b404)][0m Waiting up to 30000ms for UiAutomator2 to be online...
[38;5;32m[AndroidUiautomator2Driver@c4a0 (e234b404)][0m socket hang up
[38;5;32m[AndroidUiautomator2Driver@c4a0 (e234b404)][0m socket hang up
[38;5;32m[AndroidUiautomator2Driver@c4a0 (e234b404)][0m Determined the downstream protocol as 'W3C'
[38;5;80m[AndroidDriver][0m Screen already unlocked, doing nothing
[38;5;32m[AndroidUiautomator2Driver@c4a0 (e234b404)][0m Starting 'com.rimhimstudios.register/com.rimhimstudios.register.MainActivity and waiting for 'com.rimhimstudios.register/com.rimhimstudios.register.MainActivity'
[38;5;16m[AppiumDriver@f966][0m New AndroidUiautomator2Driver session created successfully, session e234b404-dba5-4a90-b317-873b36cc73e5 added to master session list
[38;5;0m[HTTP][0m <-- POST /session 200 7853 ms - 1311
[38;5;0m[HTTP][0m 
[38;5;0m[HTTP][0m [37m-->[39m [37mGET[39m [37m/session/e234b404-dba5-4a90-b317-873b36cc73e5[39m
[38;5;0m[HTTP][0m {}
[38;5;0m[HTTP][0m <-- GET /session/e234b404-dba5-4a90-b317-873b36cc73e5 200 10 ms - 417
[38;5;0m[HTTP][0m 
[38;5;0m[HTTP][0m [37m-->[39m [37mGET[39m [37m/session/e234b404-dba5-4a90-b317-873b36cc73e5[39m
[38;5;0m[HTTP][0m {}
[38;5;0m[HTTP][0m <-- GET /session/e234b404-dba5-4a90-b317-873b36cc73e5 200 6 ms - 417
[38;5;0m[HTTP][0m 
[38;5;0m[HTTP][0m [37m-->[39m [37mGET[39m [37m/status[39m
[38;5;0m[HTTP][0m {}
[38;5;0m[HTTP][0m <-- GET /status 200 1 ms - 39
[38;5;0m[HTTP][0m 
[38;5;0m[HTTP][0m [37m-->[39m [37mPOST[39m [37m/session/e234b404-dba5-4a90-b317-873b36cc73e5/timeouts[39m
[38;5;0m[HTTP][0m {"implicit":30000}
[38;5;0m[HTTP][0m <-- POST /session/e234b404-dba5-4a90-b317-873b36cc73e5/timeouts 200 2 ms - 14
[38;5;0m[HTTP][0m 
[38;5;0m[HTTP][0m [37m-->[39m [37mGET[39m [37m/session/e234b404-dba5-4a90-b317-873b36cc73e5/screenshot[39m
[38;5;0m[HTTP][0m {}
[38;5;0m[HTTP][0m <-- GET /session/e234b404-dba5-4a90-b317-873b36cc73e5/screenshot 200 217 ms - 87148
[38;5;0m[HTTP][0m 
[38;5;0m[HTTP][0m [37m-->[39m [37mGET[39m [37m/session/e234b404-dba5-4a90-b317-873b36cc73e5/window/rect[39m
[38;5;0m[HTTP][0m {}
[38;5;0m[HTTP][0m <-- GET /session/e234b404-dba5-4a90-b317-873b36cc73e5/window/rect 200 15 ms - 50
[38;5;0m[HTTP][0m 
[38;5;0m[HTTP][0m [37m-->[39m [37mGET[39m [37m/session/e234b404-dba5-4a90-b317-873b36cc73e5/appium/device/system_bars[39m
[38;5;0m[HTTP][0m {}
[38;5;0m[HTTP][0m <-- GET /session/e234b404-dba5-4a90-b317-873b36cc73e5/appium/device/system_bars 200 63 ms - 151
[38;5;0m[HTTP][0m 
[38;5;0m[HTTP][0m [37m-->[39m [37mPOST[39m [37m/session/e234b404-dba5-4a90-b317-873b36cc73e5/timeouts[39m
[38;5;0m[HTTP][0m {"implicit":50}
[38;5;0m[HTTP][0m <-- POST /session/e234b404-dba5-4a90-b317-873b36cc73e5/timeouts 200 1 ms - 14
[38;5;0m[HTTP][0m 
[38;5;0m[HTTP][0m [37m-->[39m [37mGET[39m [37m/session/e234b404-dba5-4a90-b317-873b36cc73e5/window/rect[39m
[38;5;0m[HTTP][0m {}
[38;5;0m[HTTP][0m <-- GET /session/e234b404-dba5-4a90-b317-873b36cc73e5/window/rect 200 14 ms - 50
[38;5;0m[HTTP][0m 
[38;5;0m[HTTP][0m [37m-->[39m [37mPOST[39m [37m/session/e234b404-dba5-4a90-b317-873b36cc73e5/elements[39m
[38;5;0m[HTTP][0m {"using":"xpath","value":"//*[@class = 'android.widget.TextView' and @resource-id = 'com.rimhimstudios.register:id/action_add' and (@text = '' or . = '')]"}
[38;5;0m[HTTP][0m <-- POST /session/e234b404-dba5-4a90-b317-873b36cc73e5/elements 200 154 ms - 139
[38;5;0m[HTTP][0m 
[38;5;0m[HTTP][0m [37m-->[39m [37mGET[39m [37m/session/e234b404-dba5-4a90-b317-873b36cc73e5/element/00000000-0000-0009-ffff-ffff00000010/location[39m
[38;5;0m[HTTP][0m {}
[38;5;32m[AndroidUiautomator2Driver@c4a0 (e234b404)][0m Driver proxy active, passing request on via HTTP proxy
[38;5;32m[AndroidUiautomator2Driver@c4a0 (e234b404)][0m Replacing sessionId b3d1e14f-6fe3-4aa8-b752-b01e01026e7a with e234b404-dba5-4a90-b317-873b36cc73e5
[38;5;0m[HTTP][0m <-- GET /session/e234b404-dba5-4a90-b317-873b36cc73e5/element/00000000-0000-0009-ffff-ffff00000010/location 200 8 ms - 78
[38;5;0m[HTTP][0m 
[38;5;0m[HTTP][0m [37m-->[39m [37mPOST[39m [37m/session/e234b404-dba5-4a90-b317-873b36cc73e5/timeouts[39m
[38;5;0m[HTTP][0m {"implicit":30000}
[38;5;0m[HTTP][0m <-- POST /session/e234b404-dba5-4a90-b317-873b36cc73e5/timeouts 200 16 ms - 14
[38;5;0m[HTTP][0m 
[38;5;0m[HTTP][0m [37m-->[39m [37mPOST[39m [37m/session/e234b404-dba5-4a90-b317-873b36cc73e5/element/00000000-0000-0009-ffff-ffff00000010/click[39m
[38;5;0m[HTTP][0m {"id":"00000000-0000-0009-ffff-ffff00000010"}
[38;5;0m[HTTP][0m <-- POST /session/e234b404-dba5-4a90-b317-873b36cc73e5/element/00000000-0000-0009-ffff-ffff00000010/click 200 36 ms - 14
[38;5;0m[HTTP][0m 
[38;5;0m[HTTP][0m [37m-->[39m [37mPOST[39m [37m/session/e234b404-dba5-4a90-b317-873b36cc73e5/timeouts[39m
[38;5;0m[HTTP][0m {"implicit":50}
[38;5;0m[HTTP][0m <-- POST /session/e234b404-dba5-4a90-b317-873b36cc73e5/timeouts 200 1 ms - 14
[38;5;0m[HTTP][0m 
[38;5;0m[HTTP][0m [37m-->[39m [37mGET[39m [37m/session/e234b404-dba5-4a90-b317-873b36cc73e5/window/rect[39m
[38;5;0m[HTTP][0m {}
[38;5;0m[HTTP][0m <-- GET /session/e234b404-dba5-4a90-b317-873b36cc73e5/window/rect 200 10 ms - 50
[38;5;0m[HTTP][0m 
[38;5;0m[HTTP][0m [37m-->[39m [37mPOST[39m [37m/session/e234b404-dba5-4a90-b317-873b36cc73e5/elements[39m
[38;5;0m[HTTP][0m {"using":"xpath","value":"//*[@class = 'android.widget.EditText' and (@text = 'Name' or . = 'Name') and @resource-id = 'com.rimhimstudios.register:id/name']"}
[38;5;0m[HTTP][0m <-- POST /session/e234b404-dba5-4a90-b317-873b36cc73e5/elements 200 666 ms - 139
[38;5;0m[HTTP][0m 
[38;5;0m[HTTP][0m [37m-->[39m [37mGET[39m [37m/session/e234b404-dba5-4a90-b317-873b36cc73e5/element/00000000-0000-000a-ffff-ffff00000018/location[39m
[38;5;0m[HTTP][0m {}
[38;5;32m[AndroidUiautomator2Driver@c4a0 (e234b404)][0m Driver proxy active, passing request on via HTTP proxy
[38;5;32m[AndroidUiautomator2Driver@c4a0 (e234b404)][0m Replacing sessionId b3d1e14f-6fe3-4aa8-b752-b01e01026e7a with e234b404-dba5-4a90-b317-873b36cc73e5
[38;5;0m[HTTP][0m <-- GET /session/e234b404-dba5-4a90-b317-873b36cc73e5/element/00000000-0000-000a-ffff-ffff00000018/location 200 12 ms - 76
[38;5;0m[HTTP][0m 
[38;5;0m[HTTP][0m [37m-->[39m [37mPOST[39m [37m/session/e234b404-dba5-4a90-b317-873b36cc73e5/timeouts[39m
[38;5;0m[HTTP][0m {"implicit":30000}
[38;5;0m[HTTP][0m <-- POST /session/e234b404-dba5-4a90-b317-873b36cc73e5/timeouts 200 1 ms - 14
[38;5;0m[HTTP][0m 
[38;5;0m[HTTP][0m [37m-->[39m [37mPOST[39m [37m/session/e234b404-dba5-4a90-b317-873b36cc73e5/element/00000000-0000-000a-ffff-ffff00000018/clear[39m
[38;5;0m[HTTP][0m {"id":"00000000-0000-000a-ffff-ffff00000018"}
[38;5;0m[HTTP][0m <-- POST /session/e234b404-dba5-4a90-b317-873b36cc73e5/element/00000000-0000-000a-ffff-ffff00000018/clear 200 13 ms - 14
[38;5;0m[HTTP][0m 
[38;5;0m[HTTP][0m [37m-->[39m [37mPOST[39m [37m/session/e234b404-dba5-4a90-b317-873b36cc73e5/element/00000000-0000-000a-ffff-ffff00000018/value[39m
[38;5;0m[HTTP][0m {"id":"00000000-0000-000a-ffff-ffff00000018","text":"DDL AUTOMATION","value":["D","D","L"," ","A","U","T","O","M","A","T","I","O","N"]}
[38;5;0m[HTTP][0m <-- POST /session/e234b404-dba5-4a90-b317-873b36cc73e5/element/00000000-0000-000a-ffff-ffff00000018/value 200 1203 ms - 14
[38;5;0m[HTTP][0m 
[38;5;0m[HTTP][0m [37m-->[39m [37mPOST[39m [37m/session/e234b404-dba5-4a90-b317-873b36cc73e5/timeouts[39m
[38;5;0m[HTTP][0m {"implicit":50}
[38;5;0m[HTTP][0m <-- POST /session/e234b404-dba5-4a90-b317-873b36cc73e5/timeouts 200 1 ms - 14
[38;5;0m[HTTP][0m 
[38;5;0m[HTTP][0m [37m-->[39m [37mGET[39m [37m/session/e234b404-dba5-4a90-b317-873b36cc73e5/window/rect[39m
[38;5;0m[HTTP][0m {}
[38;5;0m[HTTP][0m <-- GET /session/e234b404-dba5-4a90-b317-873b36cc73e5/window/rect 200 4 ms - 50
[38;5;0m[HTTP][0m 
[38;5;0m[HTTP][0m [37m-->[39m [37mPOST[39m [37m/session/e234b404-dba5-4a90-b317-873b36cc73e5/elements[39m
[38;5;0m[HTTP][0m {"using":"xpath","value":"//*[@class = 'android.widget.EditText' and (@text = 'Phone' or . = 'Phone') and @resource-id = 'com.rimhimstudios.register:id/phone']"}
[38;5;0m[HTTP][0m <-- POST /session/e234b404-dba5-4a90-b317-873b36cc73e5/elements 200 397 ms - 139
[38;5;0m[HTTP][0m 
[38;5;0m[HTTP][0m [37m-->[39m [37mGET[39m [37m/session/e234b404-dba5-4a90-b317-873b36cc73e5/element/00000000-0000-000a-ffff-ffff0000001b/location[39m
[38;5;0m[HTTP][0m {}
[38;5;32m[AndroidUiautomator2Driver@c4a0 (e234b404)][0m Driver proxy active, passing request on via HTTP proxy
[38;5;32m[AndroidUiautomator2Driver@c4a0 (e234b404)][0m Replacing sessionId b3d1e14f-6fe3-4aa8-b752-b01e01026e7a with e234b404-dba5-4a90-b317-873b36cc73e5
[38;5;0m[HTTP][0m <-- GET /session/e234b404-dba5-4a90-b317-873b36cc73e5/element/00000000-0000-000a-ffff-ffff0000001b/location 200 8 ms - 76
[38;5;0m[HTTP][0m 
[38;5;0m[HTTP][0m [37m-->[39m [37mPOST[39m [37m/session/e234b404-dba5-4a90-b317-873b36cc73e5/timeouts[39m
[38;5;0m[HTTP][0m {"implicit":30000}
[38;5;0m[HTTP][0m <-- POST /session/e234b404-dba5-4a90-b317-873b36cc73e5/timeouts 200 1 ms - 14
[38;5;0m[HTTP][0m 
[38;5;0m[HTTP][0m [37m-->[39m [37mPOST[39m [37m/session/e234b404-dba5-4a90-b317-873b36cc73e5/element/00000000-0000-000a-ffff-ffff0000001b/clear[39m
[38;5;0m[HTTP][0m {"id":"00000000-0000-000a-ffff-ffff0000001b"}
[38;5;0m[HTTP][0m <-- POST /session/e234b404-dba5-4a90-b317-873b36cc73e5/element/00000000-0000-000a-ffff-ffff0000001b/clear 200 9 ms - 14
[38;5;0m[HTTP][0m 
[38;5;0m[HTTP][0m [37m-->[39m [37mPOST[39m [37m/session/e234b404-dba5-4a90-b317-873b36cc73e5/element/00000000-0000-000a-ffff-ffff0000001b/value[39m
[38;5;0m[HTTP][0m {"id":"00000000-0000-000a-ffff-ffff0000001b","text":"0857623527283","value":["0","8","5","7","6","2","3","5","2","7","2","8","3"]}
[38;5;0m[HTTP][0m <-- POST /session/e234b404-dba5-4a90-b317-873b36cc73e5/element/00000000-0000-000a-ffff-ffff0000001b/value 200 514 ms - 14
[38;5;0m[HTTP][0m 
[38;5;0m[HTTP][0m [37m-->[39m [37mPOST[39m [37m/session/e234b404-dba5-4a90-b317-873b36cc73e5/timeouts[39m
[38;5;0m[HTTP][0m {"implicit":50}
[38;5;0m[HTTP][0m <-- POST /session/e234b404-dba5-4a90-b317-873b36cc73e5/timeouts 200 1 ms - 14
[38;5;0m[HTTP][0m 
[38;5;0m[HTTP][0m [37m-->[39m [37mGET[39m [37m/session/e234b404-dba5-4a90-b317-873b36cc73e5/window/rect[39m
[38;5;0m[HTTP][0m {}
[38;5;0m[HTTP][0m <-- GET /session/e234b404-dba5-4a90-b317-873b36cc73e5/window/rect 200 8 ms - 50
[38;5;0m[HTTP][0m 
[38;5;0m[HTTP][0m [37m-->[39m [37mPOST[39m [37m/session/e234b404-dba5-4a90-b317-873b36cc73e5/elements[39m
[38;5;0m[HTTP][0m {"using":"xpath","value":"//*[@class = 'android.widget.EditText' and (@text = 'Alternate phones (one per line)' or . = 'Alternate phones (one per line)') and @resource-id = 'com.rimhimstudios.register:id/extraPhones']"}
[38;5;0m[HTTP][0m <-- POST /session/e234b404-dba5-4a90-b317-873b36cc73e5/elements 200 410 ms - 139
[38;5;0m[HTTP][0m 
[38;5;0m[HTTP][0m [37m-->[39m [37mGET[39m [37m/session/e234b404-dba5-4a90-b317-873b36cc73e5/element/00000000-0000-000a-ffff-ffff0000001f/location[39m
[38;5;0m[HTTP][0m {}
[38;5;32m[AndroidUiautomator2Driver@c4a0 (e234b404)][0m Driver proxy active, passing request on via HTTP proxy
[38;5;32m[AndroidUiautomator2Driver@c4a0 (e234b404)][0m Replacing sessionId b3d1e14f-6fe3-4aa8-b752-b01e01026e7a with e234b404-dba5-4a90-b317-873b36cc73e5
[38;5;0m[HTTP][0m <-- GET /session/e234b404-dba5-4a90-b317-873b36cc73e5/element/00000000-0000-000a-ffff-ffff0000001f/location 200 18 ms - 76
[38;5;0m[HTTP][0m 
[38;5;0m[HTTP][0m [37m-->[39m [37mPOST[39m [37m/session/e234b404-dba5-4a90-b317-873b36cc73e5/timeouts[39m
[38;5;0m[HTTP][0m {"implicit":30000}
[38;5;0m[HTTP][0m <-- POST /session/e234b404-dba5-4a90-b317-873b36cc73e5/timeouts 200 1 ms - 14
[38;5;0m[HTTP][0m 
[38;5;0m[HTTP][0m [37m-->[39m [37mPOST[39m [37m/session/e234b404-dba5-4a90-b317-873b36cc73e5/element/00000000-0000-000a-ffff-ffff0000001f/clear[39m
[38;5;0m[HTTP][0m {"id":"00000000-0000-000a-ffff-ffff0000001f"}
[38;5;0m[HTTP][0m <-- POST /session/e234b404-dba5-4a90-b317-873b36cc73e5/element/00000000-0000-000a-ffff-ffff0000001f/clear 200 8 ms - 14
[38;5;0m[HTTP][0m 
[38;5;0m[HTTP][0m [37m-->[39m [37mPOST[39m [37m/session/e234b404-dba5-4a90-b317-873b36cc73e5/element/00000000-0000-000a-ffff-ffff0000001f/value[39m
[38;5;0m[HTTP][0m {"id":"00000000-0000-000a-ffff-ffff0000001f","text":"0813623527283","value":["0","8","1","3","6","2","3","5","2","7","2","8","3"]}
[38;5;0m[HTTP][0m <-- POST /session/e234b404-dba5-4a90-b317-873b36cc73e5/element/00000000-0000-000a-ffff-ffff0000001f/value 200 1472 ms - 14
[38;5;0m[HTTP][0m 
[38;5;0m[HTTP][0m [37m-->[39m [37mPOST[39m [37m/session/e234b404-dba5-4a90-b317-873b36cc73e5/timeouts[39m
[38;5;0m[HTTP][0m {"implicit":50}
[38;5;0m[HTTP][0m <-- POST /session/e234b404-dba5-4a90-b317-873b36cc73e5/timeouts 200 1 ms - 14
[38;5;0m[HTTP][0m 
[38;5;0m[HTTP][0m [37m-->[39m [37mGET[39m [37m/session/e234b404-dba5-4a90-b317-873b36cc73e5/window/rect[39m
[38;5;0m[HTTP][0m {}
[38;5;0m[HTTP][0m <-- GET /session/e234b404-dba5-4a90-b317-873b36cc73e5/window/rect 200 5 ms - 50
[38;5;0m[HTTP][0m 
[38;5;0m[HTTP][0m [37m-->[39m [37mPOST[39m [37m/session/e234b404-dba5-4a90-b317-873b36cc73e5/elements[39m
[38;5;0m[HTTP][0m {"using":"xpath","value":"//*[@class = 'android.widget.EditText' and (@text = 'Email' or . = 'Email') and @resource-id = 'com.rimhimstudios.register:id/email']"}
[38;5;0m[HTTP][0m <-- POST /session/e234b404-dba5-4a90-b317-873b36cc73e5/elements 200 429 ms - 139
[38;5;0m[HTTP][0m 
[38;5;0m[HTTP][0m [37m-->[39m [37mGET[39m [37m/session/e234b404-dba5-4a90-b317-873b36cc73e5/element/00000000-0000-000a-ffff-ffff00000024/location[39m
[38;5;0m[HTTP][0m {}
[38;5;32m[AndroidUiautomator2Driver@c4a0 (e234b404)][0m Driver proxy active, passing request on via HTTP proxy
[38;5;32m[AndroidUiautomator2Driver@c4a0 (e234b404)][0m Replacing sessionId b3d1e14f-6fe3-4aa8-b752-b01e01026e7a with e234b404-dba5-4a90-b317-873b36cc73e5
[38;5;0m[HTTP][0m <-- GET /session/e234b404-dba5-4a90-b317-873b36cc73e5/element/00000000-0000-000a-ffff-ffff00000024/location 200 11 ms - 76
[38;5;0m[HTTP][0m 
[38;5;0m[HTTP][0m [37m-->[39m [37mPOST[39m [37m/session/e234b404-dba5-4a90-b317-873b36cc73e5/timeouts[39m
[38;5;0m[HTTP][0m {"implicit":30000}
[38;5;0m[HTTP][0m <-- POST /session/e234b404-dba5-4a90-b317-873b36cc73e5/timeouts 200 0 ms - 14
[38;5;0m[HTTP][0m 
[38;5;0m[HTTP][0m [37m-->[39m [37mPOST[39m [37m/session/e234b404-dba5-4a90-b317-873b36cc73e5/element/00000000-0000-000a-ffff-ffff00000024/clear[39m
[38;5;0m[HTTP][0m {"id":"00000000-0000-000a-ffff-ffff00000024"}
[38;5;0m[HTTP][0m <-- POST /session/e234b404-dba5-4a90-b317-873b36cc73e5/element/00000000-0000-000a-ffff-ffff00000024/clear 200 11 ms - 14
[38;5;0m[HTTP][0m 
[38;5;0m[HTTP][0m [37m-->[39m [37mPOST[39m [37m/session/e234b404-dba5-4a90-b317-873b36cc73e5/element/00000000-0000-000a-ffff-ffff00000024/value[39m
[38;5;0m[HTTP][0m {"id":"00000000-0000-000a-ffff-ffff00000024","text":"AUTOMATION@DDL.COM","value":["A","U","T","O","M","A","T","I","O","N","@","D","D","L",".","C","O","M"]}
[38;5;0m[HTTP][0m <-- POST /session/e234b404-dba5-4a90-b317-873b36cc73e5/element/00000000-0000-000a-ffff-ffff00000024/value 200 1006 ms - 14
[38;5;0m[HTTP][0m 
[38;5;0m[HTTP][0m [37m-->[39m [37mPOST[39m [37m/session/e234b404-dba5-4a90-b317-873b36cc73e5/timeouts[39m
[38;5;0m[HTTP][0m {"implicit":50}
[38;5;0m[HTTP][0m <-- POST /session/e234b404-dba5-4a90-b317-873b36cc73e5/timeouts 200 1 ms - 14
[38;5;0m[HTTP][0m 
[38;5;0m[HTTP][0m [37m-->[39m [37mGET[39m [37m/session/e234b404-dba5-4a90-b317-873b36cc73e5/window/rect[39m
[38;5;0m[HTTP][0m {}
[38;5;0m[HTTP][0m <-- GET /session/e234b404-dba5-4a90-b317-873b36cc73e5/window/rect 200 4 ms - 50
[38;5;0m[HTTP][0m 
[38;5;0m[HTTP][0m [37m-->[39m [37mPOST[39m [37m/session/e234b404-dba5-4a90-b317-873b36cc73e5/elements[39m
[38;5;0m[HTTP][0m {"using":"xpath","value":"//*[@class = 'android.widget.EditText' and (@text = 'Alternate emails (one per line)' or . = 'Alternate emails (one per line)') and @resource-id = 'com.rimhimstudios.register:id/extraEmails']"}
[38;5;0m[HTTP][0m <-- POST /session/e234b404-dba5-4a90-b317-873b36cc73e5/elements 200 438 ms - 139
[38;5;0m[HTTP][0m 
[38;5;0m[HTTP][0m [37m-->[39m [37mGET[39m [37m/session/e234b404-dba5-4a90-b317-873b36cc73e5/element/00000000-0000-000a-ffff-ffff00000027/location[39m
[38;5;0m[HTTP][0m {}
[38;5;32m[AndroidUiautomator2Driver@c4a0 (e234b404)][0m Driver proxy active, passing request on via HTTP proxy
[38;5;32m[AndroidUiautomator2Driver@c4a0 (e234b404)][0m Replacing sessionId b3d1e14f-6fe3-4aa8-b752-b01e01026e7a with e234b404-dba5-4a90-b317-873b36cc73e5
[38;5;0m[HTTP][0m <-- GET /session/e234b404-dba5-4a90-b317-873b36cc73e5/element/00000000-0000-000a-ffff-ffff00000027/location 200 7 ms - 77
[38;5;0m[HTTP][0m 
[38;5;0m[HTTP][0m [37m-->[39m [37mPOST[39m [37m/session/e234b404-dba5-4a90-b317-873b36cc73e5/timeouts[39m
[38;5;0m[HTTP][0m {"implicit":30000}
[38;5;0m[HTTP][0m <-- POST /session/e234b404-dba5-4a90-b317-873b36cc73e5/timeouts 200 1 ms - 14
[38;5;0m[HTTP][0m 
[38;5;0m[HTTP][0m [37m-->[39m [37mPOST[39m [37m/session/e234b404-dba5-4a90-b317-873b36cc73e5/element/00000000-0000-000a-ffff-ffff00000027/clear[39m
[38;5;0m[HTTP][0m {"id":"00000000-0000-000a-ffff-ffff00000027"}
[38;5;0m[HTTP][0m <-- POST /session/e234b404-dba5-4a90-b317-873b36cc73e5/element/00000000-0000-000a-ffff-ffff00000027/clear 200 7 ms - 14
[38;5;0m[HTTP][0m 
[38;5;0m[HTTP][0m [37m-->[39m [37mPOST[39m [37m/session/e234b404-dba5-4a90-b317-873b36cc73e5/element/00000000-0000-000a-ffff-ffff00000027/value[39m
[38;5;0m[HTTP][0m {"id":"00000000-0000-000a-ffff-ffff00000027","text":"ROBOT@DDL.COM","value":["R","O","B","O","T","@","D","D","L",".","C","O","M"]}
[38;5;0m[HTTP][0m <-- POST /session/e234b404-dba5-4a90-b317-873b36cc73e5/element/00000000-0000-000a-ffff-ffff00000027/value 200 1007 ms - 14
[38;5;0m[HTTP][0m 
[38;5;0m[HTTP][0m [37m-->[39m [37mPOST[39m [37m/session/e234b404-dba5-4a90-b317-873b36cc73e5/timeouts[39m
[38;5;0m[HTTP][0m {"implicit":50}
[38;5;0m[HTTP][0m <-- POST /session/e234b404-dba5-4a90-b317-873b36cc73e5/timeouts 200 1 ms - 14
[38;5;0m[HTTP][0m 
[38;5;0m[HTTP][0m [37m-->[39m [37mGET[39m [37m/session/e234b404-dba5-4a90-b317-873b36cc73e5/window/rect[39m
[38;5;0m[HTTP][0m {}
[38;5;0m[HTTP][0m <-- GET /session/e234b404-dba5-4a90-b317-873b36cc73e5/window/rect 200 5 ms - 50
[38;5;0m[HTTP][0m 
[38;5;0m[HTTP][0m [37m-->[39m [37mPOST[39m [37m/session/e234b404-dba5-4a90-b317-873b36cc73e5/elements[39m
[38;5;0m[HTTP][0m {"using":"xpath","value":"//*[@class = 'android.widget.EditText' and (@text = '(Leave blank if no allergies)' or . = '(Leave blank if no allergies)') and @resource-id = 'com.rimhimstudios.register:id/allergies']"}
[38;5;0m[HTTP][0m <-- POST /session/e234b404-dba5-4a90-b317-873b36cc73e5/elements 200 358 ms - 139
[38;5;0m[HTTP][0m 
[38;5;0m[HTTP][0m [37m-->[39m [37mGET[39m [37m/session/e234b404-dba5-4a90-b317-873b36cc73e5/element/00000000-0000-000a-ffff-ffff0000002a/location[39m
[38;5;0m[HTTP][0m {}
[38;5;32m[AndroidUiautomator2Driver@c4a0 (e234b404)][0m Driver proxy active, passing request on via HTTP proxy
[38;5;32m[AndroidUiautomator2Driver@c4a0 (e234b404)][0m Replacing sessionId b3d1e14f-6fe3-4aa8-b752-b01e01026e7a with e234b404-dba5-4a90-b317-873b36cc73e5
[38;5;0m[HTTP][0m <-- GET /session/e234b404-dba5-4a90-b317-873b36cc73e5/element/00000000-0000-000a-ffff-ffff0000002a/location 200 9 ms - 77
[38;5;0m[HTTP][0m 
[38;5;0m[HTTP][0m [37m-->[39m [37mPOST[39m [37m/session/e234b404-dba5-4a90-b317-873b36cc73e5/timeouts[39m
[38;5;0m[HTTP][0m {"implicit":30000}
[38;5;0m[HTTP][0m <-- POST /session/e234b404-dba5-4a90-b317-873b36cc73e5/timeouts 200 1 ms - 14
[38;5;0m[HTTP][0m 
[38;5;0m[HTTP][0m [37m-->[39m [37mPOST[39m [37m/session/e234b404-dba5-4a90-b317-873b36cc73e5/element/00000000-0000-000a-ffff-ffff0000002a/clear[39m
[38;5;0m[HTTP][0m {"id":"00000000-0000-000a-ffff-ffff0000002a"}
[38;5;0m[HTTP][0m <-- POST /session/e234b404-dba5-4a90-b317-873b36cc73e5/element/00000000-0000-000a-ffff-ffff0000002a/clear 200 9 ms - 14
[38;5;0m[HTTP][0m 
[38;5;0m[HTTP][0m [37m-->[39m [37mPOST[39m [37m/session/e234b404-dba5-4a90-b317-873b36cc73e5/element/00000000-0000-000a-ffff-ffff0000002a/value[39m
[38;5;0m[HTTP][0m {"id":"00000000-0000-000a-ffff-ffff0000002a","text":"TEST AUTOMATION","value":["T","E","S","T"," ","A","U","T","O","M","A","T","I","O","N"]}
[38;5;0m[HTTP][0m <-- POST /session/e234b404-dba5-4a90-b317-873b36cc73e5/element/00000000-0000-000a-ffff-ffff0000002a/value 200 1058 ms - 14
[38;5;0m[HTTP][0m 
[38;5;0m[HTTP][0m [37m-->[39m [37mPOST[39m [37m/session/e234b404-dba5-4a90-b317-873b36cc73e5/timeouts[39m
[38;5;0m[HTTP][0m {"implicit":50}
[38;5;0m[HTTP][0m <-- POST /session/e234b404-dba5-4a90-b317-873b36cc73e5/timeouts 200 1 ms - 14
[38;5;0m[HTTP][0m 
[38;5;0m[HTTP][0m [37m-->[39m [37mGET[39m [37m/session/e234b404-dba5-4a90-b317-873b36cc73e5/window/rect[39m
[38;5;0m[HTTP][0m {}
[38;5;0m[HTTP][0m <-- GET /session/e234b404-dba5-4a90-b317-873b36cc73e5/window/rect 200 4 ms - 50
[38;5;0m[HTTP][0m 
[38;5;0m[HTTP][0m [37m-->[39m [37mPOST[39m [37m/session/e234b404-dba5-4a90-b317-873b36cc73e5/elements[39m
[38;5;0m[HTTP][0m {"using":"xpath","value":"//*[@class = 'android.widget.EditText' and (@text = 'Notes' or . = 'Notes') and @resource-id = 'com.rimhimstudios.register:id/notes']"}
[38;5;0m[HTTP][0m <-- POST /session/e234b404-dba5-4a90-b317-873b36cc73e5/elements 200 422 ms - 139
[38;5;0m[HTTP][0m 
[38;5;0m[HTTP][0m [37m-->[39m [37mGET[39m [37m/session/e234b404-dba5-4a90-b317-873b36cc73e5/element/00000000-0000-000a-ffff-ffff0000002c/location[39m
[38;5;0m[HTTP][0m {}
[38;5;32m[AndroidUiautomator2Driver@c4a0 (e234b404)][0m Driver proxy active, passing request on via HTTP proxy
[38;5;32m[AndroidUiautomator2Driver@c4a0 (e234b404)][0m Replacing sessionId b3d1e14f-6fe3-4aa8-b752-b01e01026e7a with e234b404-dba5-4a90-b317-873b36cc73e5
[38;5;0m[HTTP][0m <-- GET /session/e234b404-dba5-4a90-b317-873b36cc73e5/element/00000000-0000-000a-ffff-ffff0000002c/location 200 8 ms - 77
[38;5;0m[HTTP][0m 
[38;5;0m[HTTP][0m [37m-->[39m [37mPOST[39m [37m/session/e234b404-dba5-4a90-b317-873b36cc73e5/timeouts[39m
[38;5;0m[HTTP][0m {"implicit":30000}
[38;5;0m[HTTP][0m <-- POST /session/e234b404-dba5-4a90-b317-873b36cc73e5/timeouts 200 1 ms - 14
[38;5;0m[HTTP][0m 
[38;5;0m[HTTP][0m [37m-->[39m [37mPOST[39m [37m/session/e234b404-dba5-4a90-b317-873b36cc73e5/element/00000000-0000-000a-ffff-ffff0000002c/clear[39m
[38;5;0m[HTTP][0m {"id":"00000000-0000-000a-ffff-ffff0000002c"}
[38;5;0m[HTTP][0m <-- POST /session/e234b404-dba5-4a90-b317-873b36cc73e5/element/00000000-0000-000a-ffff-ffff0000002c/clear 200 10 ms - 14
[38;5;0m[HTTP][0m 
[38;5;0m[HTTP][0m [37m-->[39m [37mPOST[39m [37m/session/e234b404-dba5-4a90-b317-873b36cc73e5/element/00000000-0000-000a-ffff-ffff0000002c/value[39m
[38;5;0m[HTTP][0m {"id":"00000000-0000-000a-ffff-ffff0000002c","text":"AUTOMATION","value":["A","U","T","O","M","A","T","I","O","N"]}
[38;5;0m[HTTP][0m <-- POST /session/e234b404-dba5-4a90-b317-873b36cc73e5/element/00000000-0000-000a-ffff-ffff0000002c/value 200 511 ms - 14
[38;5;0m[HTTP][0m 
[38;5;0m[HTTP][0m [37m-->[39m [37mPOST[39m [37m/session/e234b404-dba5-4a90-b317-873b36cc73e5/timeouts[39m
[38;5;0m[HTTP][0m {"implicit":50}
[38;5;0m[HTTP][0m <-- POST /session/e234b404-dba5-4a90-b317-873b36cc73e5/timeouts 200 1 ms - 14
[38;5;0m[HTTP][0m 
[38;5;0m[HTTP][0m [37m-->[39m [37mGET[39m [37m/session/e234b404-dba5-4a90-b317-873b36cc73e5/window/rect[39m
[38;5;0m[HTTP][0m {}
[38;5;0m[HTTP][0m <-- GET /session/e234b404-dba5-4a90-b317-873b36cc73e5/window/rect 200 4 ms - 50
[38;5;0m[HTTP][0m 
[38;5;0m[HTTP][0m [37m-->[39m [37mPOST[39m [37m/session/e234b404-dba5-4a90-b317-873b36cc73e5/elements[39m
[38;5;0m[HTTP][0m {"using":"xpath","value":"//*[@class = 'android.widget.TextView' and @resource-id = 'com.rimhimstudios.register:id/action_save' and (@text = '' or . = '')]"}
[38;5;0m[HTTP][0m <-- POST /session/e234b404-dba5-4a90-b317-873b36cc73e5/elements 200 434 ms - 139
[38;5;0m[HTTP][0m 
[38;5;0m[HTTP][0m [37m-->[39m [37mGET[39m [37m/session/e234b404-dba5-4a90-b317-873b36cc73e5/element/00000000-0000-000a-ffff-ffff00000035/location[39m
[38;5;0m[HTTP][0m {}
[38;5;32m[AndroidUiautomator2Driver@c4a0 (e234b404)][0m Driver proxy active, passing request on via HTTP proxy
[38;5;32m[AndroidUiautomator2Driver@c4a0 (e234b404)][0m Replacing sessionId b3d1e14f-6fe3-4aa8-b752-b01e01026e7a with e234b404-dba5-4a90-b317-873b36cc73e5
[38;5;0m[HTTP][0m <-- GET /session/e234b404-dba5-4a90-b317-873b36cc73e5/element/00000000-0000-000a-ffff-ffff00000035/location 200 8 ms - 78
[38;5;0m[HTTP][0m 
[38;5;0m[HTTP][0m [37m-->[39m [37mPOST[39m [37m/session/e234b404-dba5-4a90-b317-873b36cc73e5/timeouts[39m
[38;5;0m[HTTP][0m {"implicit":30000}
[38;5;0m[HTTP][0m <-- POST /session/e234b404-dba5-4a90-b317-873b36cc73e5/timeouts 200 1 ms - 14
[38;5;0m[HTTP][0m 
[38;5;0m[HTTP][0m [37m-->[39m [37mPOST[39m [37m/session/e234b404-dba5-4a90-b317-873b36cc73e5/element/00000000-0000-000a-ffff-ffff00000035/click[39m
[38;5;0m[HTTP][0m {"id":"00000000-0000-000a-ffff-ffff00000035"}
[38;5;0m[HTTP][0m <-- POST /session/e234b404-dba5-4a90-b317-873b36cc73e5/element/00000000-0000-000a-ffff-ffff00000035/click 200 35 ms - 14
[38;5;0m[HTTP][0m 
[38;5;0m[HTTP][0m [37m-->[39m [37mGET[39m [37m/session/e234b404-dba5-4a90-b317-873b36cc73e5/context[39m
[38;5;0m[HTTP][0m {}
[38;5;0m[HTTP][0m <-- GET /session/e234b404-dba5-4a90-b317-873b36cc73e5/context 200 1 ms - 22
[38;5;0m[HTTP][0m 
[38;5;0m[HTTP][0m [37m-->[39m [37mGET[39m [37m/session/e234b404-dba5-4a90-b317-873b36cc73e5/contexts[39m
[38;5;0m[HTTP][0m {}
[38;5;0m[HTTP][0m <-- GET /session/e234b404-dba5-4a90-b317-873b36cc73e5/contexts 200 69 ms - 24
[38;5;0m[HTTP][0m 
[38;5;0m[HTTP][0m [37m-->[39m [37mPOST[39m [37m/session/e234b404-dba5-4a90-b317-873b36cc73e5/context[39m
[38;5;0m[HTTP][0m {"name":"NATIVE_APP"}
[38;5;0m[HTTP][0m <-- POST /session/e234b404-dba5-4a90-b317-873b36cc73e5/context 200 2 ms - 14
[38;5;0m[HTTP][0m 
[38;5;0m[HTTP][0m [37m-->[39m [37mGET[39m [37m/session/e234b404-dba5-4a90-b317-873b36cc73e5/screenshot[39m
[38;5;0m[HTTP][0m {}
[38;5;0m[HTTP][0m <-- GET /session/e234b404-dba5-4a90-b317-873b36cc73e5/screenshot 200 320 ms - 221528
[38;5;0m[HTTP][0m 
[38;5;0m[HTTP][0m [37m-->[39m [37mPOST[39m [37m/session/e234b404-dba5-4a90-b317-873b36cc73e5/context[39m
[38;5;0m[HTTP][0m {"name":"NATIVE_APP"}
[38;5;0m[HTTP][0m <-- POST /session/e234b404-dba5-4a90-b317-873b36cc73e5/context 200 1 ms - 14
[38;5;0m[HTTP][0m 
[38;5;0m[HTTP][0m [37m-->[39m [37mDELETE[39m [37m/session/e234b404-dba5-4a90-b317-873b36cc73e5[39m
[38;5;0m[HTTP][0m {}
[38;5;16m[AppiumDriver@f966][0m Removing session e234b404-dba5-4a90-b317-873b36cc73e5 from our master session list
[38;5;32m[AndroidUiautomator2Driver@c4a0 (e234b404)][0m Restoring hidden api policy to the device default configuration
[38;5;0m[HTTP][0m <-- DELETE /session/e234b404-dba5-4a90-b317-873b36cc73e5 200 116 ms - 14
[38;5;0m[HTTP][0m 
